<?xml version="1.0" encoding="UTF-8"?>
<testng-results skipped="0" failed="3" ignored="0" total="3" passed="0">
  <reporter-output>
    <line>
      <![CDATA[<div "result">I logged into suiteCRM (SKIPPED)</div>]]>
    </line>
    <line>
      <![CDATA[<div "result">I click on create task (SKIPPED)</div>]]>
    </line>
    <line>
      <![CDATA[<div "result">Set subject as &quot;Refactor code&quot; (SKIPPED)</div>]]>
    </line>
    <line>
      <![CDATA[<div "result">Set status as &quot;In Progress&quot; (SKIPPED)</div>]]>
    </line>
    <line>
      <![CDATA[<div "result">Start date is todays date (SKIPPED)</div>]]>
    </line>
    <line>
      <![CDATA[<div "result">Due date is 25 days after todays date (SKIPPED)</div>]]>
    </line>
    <line>
      <![CDATA[<div "result">Set &quot;Medium&quot; priority (SKIPPED)</div>]]>
    </line>
    <line>
      <![CDATA[<div "result">Set description as &quot;Automate test cases using Cucumber and Selenium&quot; (SKIPPED)</div>]]>
    </line>
    <line>
      <![CDATA[<div "result">Save the task (SKIPPED)</div>]]>
    </line>
    <line>
      <![CDATA[<div "result">Task details page should be displayed (SKIPPED)</div>]]>
    </line>
    <line>
      <![CDATA[<div "result">Data should match with created task data (SKIPPED)</div>]]>
    </line>
    <line>
      <![CDATA[<div "result">I logout from application (SKIPPED)</div>]]>
    </line>
    <line>
      <![CDATA[<div "result">I logged into suiteCRM (SKIPPED)</div>]]>
    </line>
    <line>
      <![CDATA[<div "result">I post &quot;Hello Everyone&quot; (SKIPPED)</div>]]>
    </line>
    <line>
      <![CDATA[<div "result">Post should be displayed (SKIPPED)</div>]]>
    </line>
    <line>
      <![CDATA[<div "result">I logout from application (SKIPPED)</div>]]>
    </line>
    <line>
      <![CDATA[<div "result">I logged into suiteCRM (SKIPPED)</div>]]>
    </line>
    <line>
      <![CDATA[<div "result">I hover over the Collaboration menu (SKIPPED)</div>]]>
    </line>
    <line>
      <![CDATA[<div "result">following menu options should be visible for Collaboration: (SKIPPED)</div>]]>
    </line>
  </reporter-output>
  <suite name="SuiteCRM Regression Automation" duration-ms="904227" started-at="2018-11-05T13:26:42Z" finished-at="2018-11-05T13:41:46Z">
    <groups>
      <group name="cucumber">
        <method signature="AbstractTestNGCucumberTests.runScenario(cucumber.api.testng.PickleEventWrapper, cucumber.api.testng.CucumberFeatureWrapper)[pri:0, instance:com.app.runners.SmokeTestRunner@71423665]" name="runScenario" class="cucumber.api.testng.AbstractTestNGCucumberTests"/>
      </group> <!-- cucumber -->
    </groups>
    <test name="Automated tests" duration-ms="904227" started-at="2018-11-05T13:26:42Z" finished-at="2018-11-05T13:41:46Z">
      <class name="com.app.runners.SmokeTestRunner">
        <test-method status="PASS" signature="setUpClass()[pri:0, instance:com.app.runners.SmokeTestRunner@71423665]" name="setUpClass" is-config="true" duration-ms="362" started-at="2018-11-05T13:26:42Z" finished-at="2018-11-05T13:26:42Z">
          <reporter-output>
          </reporter-output>
        </test-method> <!-- setUpClass -->
        <test-method status="FAIL" signature="runScenario(cucumber.api.testng.PickleEventWrapper, cucumber.api.testng.CucumberFeatureWrapper)[pri:0, instance:com.app.runners.SmokeTestRunner@71423665]" name="runScenario" duration-ms="302059" started-at="2018-11-05T13:26:42Z" description="Runs Cucumber Scenarios" data-provider="scenarios" finished-at="2018-11-05T13:31:44Z">
          <params>
            <param index="0">
              <value>
                <![CDATA["Create a task"]]>
              </value>
            </param>
            <param index="1">
              <value>
                <![CDATA["Creating tasks"]]>
              </value>
            </param>
          </params>
          <exception class="org.openqa.selenium.WebDriverException">
            <message>
              <![CDATA[Unable to parse remote response: <!DOCTYPE html>
<html>
    <!-- Note: It is strongly recommended that you do NOT make large changes to this file. Changing DOM structure or classes may prevent
         the page from functioning correctly. Especially important pieces have been marked as such with comments
         and should not be changed for any reason. -->
<head>
    <meta charset="utf-8" />
    <meta name="referrer" content="never" />
    <title localize="[tcp_error.httpMessage]">Network Error</title>




    <!-- !!!!!!!!!!!!!!!!!!!!!!!!!!!!!!!!!!!!!!!!!!!!!!!!!!!!!!!!!!!!!!!!!!!
        WARNING: DO NOT REMOVE!
        THIS SECTION LOADS ALL PAGE FUNCTIONALITY
        REMOVING THIS WILL PREVENT BLOCK PAGES FROM FUNCTIONING CORRECTLY
        !!!!!!!!!!!!!!!!!!!!!!!!!!!!!!!!!!!!!!!!!!!!!!!!!!!!!!!!!!!!!!!!!!! -->
    <!-- START --- DO NOT REMOVE --- START -->
        <script type="text/javascript">
            // evaluate these on the proxy and make them available as js vars...
var hashedpw = "";
var jumpto = " ";

var coach_continue_url = " ";
var application_name = "none";
var application_action_name = "-";
var response_categories = "Uncategorized";
var url_host = "52.70.143.199";
var url_address = "52.70.143.199";
var url_port = "4444";
var client_address = "97.11.38.151";
var category_review_url = "http://sitereview.bluecoat.com/sitereview.jsp?referrer=136&url=http://52.70.143.199:4444/wd/hub/session";
var last_error = "";
var x_cs_auth_form_action_url = "http://www.cfauth.com/?bcfru=aHR0cDovLzUyLjcwLjE0My4xOTk6NDQ0NC93ZC9odWIvc2Vzc2lvbg==";
var x_auth_challenge_string = "";
var x_cs_auth_form_domain_field = "";
var cs_username = "Unauthenticated User";
var x_cs_auth_request_id = "";
var x_auth_private_challenge_state = "";
var sc_auth_status = "";
var reason = "Request could not be handled";
var method = "POST";
var x_radius_splash_username = "";
var x_radius_splash_session_id = "0";
var x_rs_ocsp_error = "";
var x_virus_id = "";
var x_virus_details = "";
var empty = "";
var ssl_failure_reason = "";
var server_connection_socket_errno = "Operation timed out";
var icap_error_details = "";
var redirect_location = "";
var exception_rationale = "";
var exception_request_rationale = "";

window.onload = function() {
    var externalLinks = function() {
        if (!document.getElementsByTagName) return;
        var anchors = document.getElementsByTagName("a");
        for (var i=0; i<anchors.length; i++) {
            var anchor = anchors[i];
            var rel = anchor.getAttribute("rel") || '';
            if (anchor.getAttribute("href") && rel === "external") {
                anchor.target = "_blank";
            }
            anchor.setAttribute("rel", rel + " noreferrer");
        }
    };
    externalLinks();

    if (errors.length != 0 ) {
        var localize = function() {
            var find = $("[localize]");

            $(find).each(function(){
                var transTxtKey;
                var key=$(this).attr('localize').replace("[","").replace("]","");
                var keys=key.split(/\./);

                if (keys.length < 1) {
                    return false;
                }

                var textObject = errors;
                while(keys.length > 0 && textObject) {
                    textObject = textObject[keys.shift()];
                }
                transTxtKey = textObject;

                if(transTxtKey) {
                    $(this).html(transTxtKey);
                }
            });

        };
        localize();
    }

// once localized, replace the non-runtime evaluated variables with live content.
    var fixprxevals = function() {
// todo: drive this from an array or tidy it up.
        $("a#coach-continue-url").attr("href", coach_continue_url);
        $("#application-name").text('\"' + application_name + '\"');
        $("#application-action-name").text('\"' + application_action_name + '\"');
        $("#response-categories").text('\"' + response_categories + '\"');
        $("#url-host").text('\"' + url_host + '\"');
        $("#url-address").text('\"' + url_address + '\"');
        $("#url-port").text('\"' + url_port + '\"');
        $("#client_address").text('\"' + client_address + '\"');
        $("#category-review-url").html('<a href="' + category_review_url + '">http://sitereview.bluecoat.com</a>');
        $("#last-error").text('\"' + last_error + '\"');
        $("#x-cs-auth-form-action-url").text('\"' + x_cs_auth_form_action_url + '\"');
        $("#x-auth-challenge-string").text('\"' + x_auth_challenge_string + '\"');
        $("#x-cs-auth-form-domain-field").text('\"' + x_cs_auth_form_domain_field + '\"');
        $("#cs-username").text('\"' + cs_username + '\"');
        $("#x-cs-auth-request-id").text('\"' + x_cs_auth_request_id + '\"');
        $("#x-auth-private-challenge-state").text('\"' + x_auth_private_challenge_state + '\"');
        $("#sc-auth-status").text('\"' + sc_auth_status + '\"');
        $("#reason").text('\"' + reason + '\"');
        $("#method").text('\"' + method + '\"');
        $("#x-radius-splash-username").text('\"' + x_radius_splash_username + '\"');
        $("#x-radius-splash-session-id").text('\"' + x_radius_splash_session_id + '\"');
        $("#x-rs-ocsp-error").text('\"' + x_rs_ocsp_error + '\"');
        $("#x-virus-id").text('\"' + x_virus_id + '\"');
        $("#x-virus-details").text('\"' + x_virus_details + '\"');
//    $("#proxy-sg-private-challenge-state").attr("value", proxy-sg-private-challenge-state);
//    $("#proxy-sg-request-id").attr("value", proxy_sg_request_id);
        $("#cpUsername").attr("value", cs_username);
        $("#ssl-failure-reason").text('\"' + ssl_failure_reason + '\"');
        $("#server-connection-socket-errno").text('\"' + server_connection_socket_errno + '\"');
        $("#icap-error-details").text('\"' + icap_error_details + '\"');
        $("a#redirect-location").attr("href", redirect_location);
        $("a#site-review").attr("href", "http://sitereview.bluecoat.com/index.jsp?referrer=bccloud&url=" + url_host);
        $("#bcExceptionRationale").text(exception_request_rationale || exception_rationale || "N/A");
    };
    fixprxevals();

    $("#pwinput").keypress(function(e) {
        if(e.keyCode==13) { return false; }
    });

    $("#pwinput").focus();
    $("#sesame").click(function() {
        var supplied = $("#pwinput").attr("value");
        var hashed = $.md5(supplied).toUpperCase();
        if(supplied) {
            valpw(hashed); return false;
        } else {
            $("#errorNotify").show("fast");
            var trans = errors["validations"].password_override.notSupplied;
            $("#errorNotify").html("<div localize='[validations.password_override.notSupplied]'>" + trans + "</div>");
            $("#pwinput").addClass("error");
            return false;
        }
    });

    var detailsShowing = false;
    $('.detFlip').click(function() {
        if(!detailsShowing){
            $("#detMore").hide();
            $("#detLess").show();
            $("#additionalInfo").show('fast');
        } else {
            $("#detMore").show();
            $("#detLess").hide();
            $("#additionalInfo").hide('fast');
        }
        detailsShowing = !detailsShowing;
    });
    $("#pwinput").click(function() {
        $("#errorNotify").hide("fast");
        $("#pwinput").removeClass("error");
        this.value = "";
    });

    var goTo = function(url) {
        var a = document.createElement("a");
        if(!a.click) {
            window.location=url;
            return;
        }
        a.setAttribute("href", url);
        a.style.display = "block";
        $("body").append(a);
        a.click();
    };

    function valpw(hashed) {
        if(hashed==hashedpw) {
            goTo(jumpto);
        } else {
            $("#errorNotify").show("fast");
            var trans = errors.validations.password_override.incorrectPassword;
            $("#errorNotify").html("<div localize='[validations.password_override.incorrectPassword]'>" + trans + "</div>");
            $("#pwinput").addClass("error");
            return false;
        }
    }

    if($('#contactNameValue').text() === '') $('#contactName').hide();
    if($('#contactPhoneValue').text() === '') $('#contactPhone').hide();
    if($('#contactEmailValue').text() === '') $('#contactEmail').hide();

    if (String.prototype.trim && ["unlicensed", "unavailable", "none", "invalid"].indexOf($("#addClientGeolocation .additional").text().trim().toLowerCase()) !== -1) {
        $("#addClientGeolocation").hide();
    }
};

document.writeln('<script type="text/javascript" src="//portal.threatpulse.com/ex/5.0/js/jquery-1.5.min.js"><\/script>');
document.writeln('<script type="text/javascript" src="//notify.bluecoat.com/ex/5.0/js/lang/exceptions.js"><\/script>');
document.writeln('<script type="text/javascript" src="//portal.threatpulse.com/ex/5.0/js/jquery.md5.min.js"><\/script>');

        </script>
    <!-- END --- DO NOT REMOVE --- END -->




    <!-- This loads default Symantec styling -->
   <style type="text/css">
       #logo a {
    background-image: url("//portal.threatpulse.com/ex/5.0/img/logos/symantec-logo.png");
    background-repeat: no-repeat;
    background-position: center center;
    background-size: contain;
}
    </style>
    <!-- This will load the default Symantec error page styling, as configured in the Symantec portal -->
    <link rel="stylesheet" type="text/css" href="//portal.threatpulse.com/ex/5.0/css/style0204.css" />
    <!-- This will load the Symantec favicon -->
    <link rel="shortcut icon" href="//portal.threatpulse.com/ex/5.0/img/favicon.ico" />
</head>

<body class="bodydrop">
<div id="outer">
    <div id="container" class="int curved">
        <div id="branding">
            <div class="curved" id="logo">
                <a rel="external" title="Symantec" href="http://www.symantec.com/">Symantec</a>
            </div>
        </div>
        <div id="content">
            <div id="bodyCopy">
                <div id="exceptionDetails" class="int">
                    <h1 id="doctitle" localize="[tcp_error.httpMessage]">Network Error</h1>




                    <!-- !!!!!!!!!!!!!!!!!!!!!!!!!!!!!!!!!!!!!!!!!!!!!!!!!!!!!!!!!!!!!!!!!!!
                         WARNING: DO NOT REMOVE!
                         THIS SECTION IS USED TO INJECT KEY PAGE FUNCTIONALITY INCLUDING:
                           - EXCEPTION DETAILS (DESCRIPTION)
                           - INPUT TEXT FIELD FOR PASSWORD OVERRIDE
                           - MESSAGE AND PROCEED BUTTON FOR COACHING
                         REMOVING THIS WILL PREVENT BLOCK PAGES FROM WORKING
                         !!!!!!!!!!!!!!!!!!!!!!!!!!!!!!!!!!!!!!!!!!!!!!!!!!!!!!!!!!!!!!!!!!! -->
                    <!-- START --- DO NOT REMOVE --- START -->
                        <div id="message">
                            <div localize="[tcp_error.message]">
                                Your request could not be completed. <p>The URL you requested at 52.70.143.199, could not be reached by the network. The site's server may be down or experiencing a high level of traffic.<span class="displayNone">&#160;</span>
                            </div>
                        </div>
                    <!-- END --- DO NOT REMOVE --- END -->




                    <div id="help">
                        <div localize="[tcp_error.help]">
                            The Web Server may be down, too busy, or experiencing other problems preventing it from responding to requests. You may wish to try again at a later time.<span class="displayNone">&#160;</span>
                        </div>
                    </div>
                    <p id="httpCode"><span localize="[techSupport]">Tech support information</span>: tcp_error
                        <a class="detFlip" href="javascript:void(0);"><span id="detMore" localize="[more]">more</span></a>
                        <a class="detFlip" href="javascript:void(0);"><span id="detLess" localize="[less]">less</span></a>
                    </p>

                    <p>
                        <span localize="[contact]">For assistance, contact your network support team.</span>
                    </p>

                    <p id="contactName">
                        <span localize="[name]">Name</span><span>:&#160;</span><span id="contactNameValue"></span>
                    </p>

                    <p id="contactPhone">
                        <span localize="[phone]">Phone</span><span>:&#160;</span><span id="contactPhoneValue"></span>
                    </p>

                    <p id="contactEmail">
                        <span localize="[email]">Email</span><span>:&#160;</span><span id="contactEmailValue"></span>
                    </p>
                </div>
                <div id="additionalInfo" class="int curved">
                    <ul>
                        <li id="addIP"><span localize="[clientIP]">Client IP:</span> <span class="additional">97.11.38.151
                            <span class="displayNone">&#160;</span></span></li>
                        <li id="addUserName"><span localize="[username]">Username:</span> <span class="additional">Unauthenticated User
                            <span class="displayNone">&#160;</span></span></li>
                        <li id="addURL"><span localize="[URL]">URL:</span> <span class="additional">http://52.70.143.199:4444/wd/hub/session
                            <span class="displayNone">&#160;</span></span></li>
                        <li id="addUserAgent"><span localize="[userAgent]">User Agent:</span>
                            <span class="additional">okhttp/3.9.1
                                <span class="displayNone">&#160;</span>
                            </span>
                        </li>
                        <li id="addGeolocation"><span>Client Geolocation:</span>
                            <span class="additional">Unavailable
                                <span class="displayNone">&#160;</span>
                            </span>
                        </li>
                        <li id="addErrorId"><span>Error ID:</span>
                            <span class="additional"><span id='bcExceptionRationale'></span>
                                <span class="displayNone">&#160;</span>
                            </span>
                        </li>
                    </ul>
                </div>
            </div>
        </div>
        <div id="footer">
            <div id="copyright">&#169; 2018 Symantec</div>
        </div>
    </div>
</div>
</body>
</html>

Build info: version: '3.11.0', revision: 'e59cfb3', time: '2018-03-11T20:26:55.152Z'
System info: host: 'IBM651-PC0BY5PB', ip: '97.11.38.151', os.name: 'Windows 7', os.arch: 'amd64', os.version: '6.1', java.version: '1.8.0_152'
Driver info: driver.version: Driver]]>
            </message>
            <full-stacktrace>
              <![CDATA[org.openqa.selenium.WebDriverException: Unable to parse remote response: <!DOCTYPE html>
<html>
    <!-- Note: It is strongly recommended that you do NOT make large changes to this file. Changing DOM structure or classes may prevent
         the page from functioning correctly. Especially important pieces have been marked as such with comments
         and should not be changed for any reason. -->
<head>
    <meta charset="utf-8" />
    <meta name="referrer" content="never" />
    <title localize="[tcp_error.httpMessage]">Network Error</title>




    <!-- !!!!!!!!!!!!!!!!!!!!!!!!!!!!!!!!!!!!!!!!!!!!!!!!!!!!!!!!!!!!!!!!!!!
        WARNING: DO NOT REMOVE!
        THIS SECTION LOADS ALL PAGE FUNCTIONALITY
        REMOVING THIS WILL PREVENT BLOCK PAGES FROM FUNCTIONING CORRECTLY
        !!!!!!!!!!!!!!!!!!!!!!!!!!!!!!!!!!!!!!!!!!!!!!!!!!!!!!!!!!!!!!!!!!! -->
    <!-- START --- DO NOT REMOVE --- START -->
        <script type="text/javascript">
            // evaluate these on the proxy and make them available as js vars...
var hashedpw = "";
var jumpto = " ";

var coach_continue_url = " ";
var application_name = "none";
var application_action_name = "-";
var response_categories = "Uncategorized";
var url_host = "52.70.143.199";
var url_address = "52.70.143.199";
var url_port = "4444";
var client_address = "97.11.38.151";
var category_review_url = "http://sitereview.bluecoat.com/sitereview.jsp?referrer=136&url=http://52.70.143.199:4444/wd/hub/session";
var last_error = "";
var x_cs_auth_form_action_url = "http://www.cfauth.com/?bcfru=aHR0cDovLzUyLjcwLjE0My4xOTk6NDQ0NC93ZC9odWIvc2Vzc2lvbg==";
var x_auth_challenge_string = "";
var x_cs_auth_form_domain_field = "";
var cs_username = "Unauthenticated User";
var x_cs_auth_request_id = "";
var x_auth_private_challenge_state = "";
var sc_auth_status = "";
var reason = "Request could not be handled";
var method = "POST";
var x_radius_splash_username = "";
var x_radius_splash_session_id = "0";
var x_rs_ocsp_error = "";
var x_virus_id = "";
var x_virus_details = "";
var empty = "";
var ssl_failure_reason = "";
var server_connection_socket_errno = "Operation timed out";
var icap_error_details = "";
var redirect_location = "";
var exception_rationale = "";
var exception_request_rationale = "";

window.onload = function() {
    var externalLinks = function() {
        if (!document.getElementsByTagName) return;
        var anchors = document.getElementsByTagName("a");
        for (var i=0; i<anchors.length; i++) {
            var anchor = anchors[i];
            var rel = anchor.getAttribute("rel") || '';
            if (anchor.getAttribute("href") && rel === "external") {
                anchor.target = "_blank";
            }
            anchor.setAttribute("rel", rel + " noreferrer");
        }
    };
    externalLinks();

    if (errors.length != 0 ) {
        var localize = function() {
            var find = $("[localize]");

            $(find).each(function(){
                var transTxtKey;
                var key=$(this).attr('localize').replace("[","").replace("]","");
                var keys=key.split(/\./);

                if (keys.length < 1) {
                    return false;
                }

                var textObject = errors;
                while(keys.length > 0 && textObject) {
                    textObject = textObject[keys.shift()];
                }
                transTxtKey = textObject;

                if(transTxtKey) {
                    $(this).html(transTxtKey);
                }
            });

        };
        localize();
    }

// once localized, replace the non-runtime evaluated variables with live content.
    var fixprxevals = function() {
// todo: drive this from an array or tidy it up.
        $("a#coach-continue-url").attr("href", coach_continue_url);
        $("#application-name").text('\"' + application_name + '\"');
        $("#application-action-name").text('\"' + application_action_name + '\"');
        $("#response-categories").text('\"' + response_categories + '\"');
        $("#url-host").text('\"' + url_host + '\"');
        $("#url-address").text('\"' + url_address + '\"');
        $("#url-port").text('\"' + url_port + '\"');
        $("#client_address").text('\"' + client_address + '\"');
        $("#category-review-url").html('<a href="' + category_review_url + '">http://sitereview.bluecoat.com</a>');
        $("#last-error").text('\"' + last_error + '\"');
        $("#x-cs-auth-form-action-url").text('\"' + x_cs_auth_form_action_url + '\"');
        $("#x-auth-challenge-string").text('\"' + x_auth_challenge_string + '\"');
        $("#x-cs-auth-form-domain-field").text('\"' + x_cs_auth_form_domain_field + '\"');
        $("#cs-username").text('\"' + cs_username + '\"');
        $("#x-cs-auth-request-id").text('\"' + x_cs_auth_request_id + '\"');
        $("#x-auth-private-challenge-state").text('\"' + x_auth_private_challenge_state + '\"');
        $("#sc-auth-status").text('\"' + sc_auth_status + '\"');
        $("#reason").text('\"' + reason + '\"');
        $("#method").text('\"' + method + '\"');
        $("#x-radius-splash-username").text('\"' + x_radius_splash_username + '\"');
        $("#x-radius-splash-session-id").text('\"' + x_radius_splash_session_id + '\"');
        $("#x-rs-ocsp-error").text('\"' + x_rs_ocsp_error + '\"');
        $("#x-virus-id").text('\"' + x_virus_id + '\"');
        $("#x-virus-details").text('\"' + x_virus_details + '\"');
//    $("#proxy-sg-private-challenge-state").attr("value", proxy-sg-private-challenge-state);
//    $("#proxy-sg-request-id").attr("value", proxy_sg_request_id);
        $("#cpUsername").attr("value", cs_username);
        $("#ssl-failure-reason").text('\"' + ssl_failure_reason + '\"');
        $("#server-connection-socket-errno").text('\"' + server_connection_socket_errno + '\"');
        $("#icap-error-details").text('\"' + icap_error_details + '\"');
        $("a#redirect-location").attr("href", redirect_location);
        $("a#site-review").attr("href", "http://sitereview.bluecoat.com/index.jsp?referrer=bccloud&url=" + url_host);
        $("#bcExceptionRationale").text(exception_request_rationale || exception_rationale || "N/A");
    };
    fixprxevals();

    $("#pwinput").keypress(function(e) {
        if(e.keyCode==13) { return false; }
    });

    $("#pwinput").focus();
    $("#sesame").click(function() {
        var supplied = $("#pwinput").attr("value");
        var hashed = $.md5(supplied).toUpperCase();
        if(supplied) {
            valpw(hashed); return false;
        } else {
            $("#errorNotify").show("fast");
            var trans = errors["validations"].password_override.notSupplied;
            $("#errorNotify").html("<div localize='[validations.password_override.notSupplied]'>" + trans + "</div>");
            $("#pwinput").addClass("error");
            return false;
        }
    });

    var detailsShowing = false;
    $('.detFlip').click(function() {
        if(!detailsShowing){
            $("#detMore").hide();
            $("#detLess").show();
            $("#additionalInfo").show('fast');
        } else {
            $("#detMore").show();
            $("#detLess").hide();
            $("#additionalInfo").hide('fast');
        }
        detailsShowing = !detailsShowing;
    });
    $("#pwinput").click(function() {
        $("#errorNotify").hide("fast");
        $("#pwinput").removeClass("error");
        this.value = "";
    });

    var goTo = function(url) {
        var a = document.createElement("a");
        if(!a.click) {
            window.location=url;
            return;
        }
        a.setAttribute("href", url);
        a.style.display = "block";
        $("body").append(a);
        a.click();
    };

    function valpw(hashed) {
        if(hashed==hashedpw) {
            goTo(jumpto);
        } else {
            $("#errorNotify").show("fast");
            var trans = errors.validations.password_override.incorrectPassword;
            $("#errorNotify").html("<div localize='[validations.password_override.incorrectPassword]'>" + trans + "</div>");
            $("#pwinput").addClass("error");
            return false;
        }
    }

    if($('#contactNameValue').text() === '') $('#contactName').hide();
    if($('#contactPhoneValue').text() === '') $('#contactPhone').hide();
    if($('#contactEmailValue').text() === '') $('#contactEmail').hide();

    if (String.prototype.trim && ["unlicensed", "unavailable", "none", "invalid"].indexOf($("#addClientGeolocation .additional").text().trim().toLowerCase()) !== -1) {
        $("#addClientGeolocation").hide();
    }
};

document.writeln('<script type="text/javascript" src="//portal.threatpulse.com/ex/5.0/js/jquery-1.5.min.js"><\/script>');
document.writeln('<script type="text/javascript" src="//notify.bluecoat.com/ex/5.0/js/lang/exceptions.js"><\/script>');
document.writeln('<script type="text/javascript" src="//portal.threatpulse.com/ex/5.0/js/jquery.md5.min.js"><\/script>');

        </script>
    <!-- END --- DO NOT REMOVE --- END -->




    <!-- This loads default Symantec styling -->
   <style type="text/css">
       #logo a {
    background-image: url("//portal.threatpulse.com/ex/5.0/img/logos/symantec-logo.png");
    background-repeat: no-repeat;
    background-position: center center;
    background-size: contain;
}
    </style>
    <!-- This will load the default Symantec error page styling, as configured in the Symantec portal -->
    <link rel="stylesheet" type="text/css" href="//portal.threatpulse.com/ex/5.0/css/style0204.css" />
    <!-- This will load the Symantec favicon -->
    <link rel="shortcut icon" href="//portal.threatpulse.com/ex/5.0/img/favicon.ico" />
</head>

<body class="bodydrop">
<div id="outer">
    <div id="container" class="int curved">
        <div id="branding">
            <div class="curved" id="logo">
                <a rel="external" title="Symantec" href="http://www.symantec.com/">Symantec</a>
            </div>
        </div>
        <div id="content">
            <div id="bodyCopy">
                <div id="exceptionDetails" class="int">
                    <h1 id="doctitle" localize="[tcp_error.httpMessage]">Network Error</h1>




                    <!-- !!!!!!!!!!!!!!!!!!!!!!!!!!!!!!!!!!!!!!!!!!!!!!!!!!!!!!!!!!!!!!!!!!!
                         WARNING: DO NOT REMOVE!
                         THIS SECTION IS USED TO INJECT KEY PAGE FUNCTIONALITY INCLUDING:
                           - EXCEPTION DETAILS (DESCRIPTION)
                           - INPUT TEXT FIELD FOR PASSWORD OVERRIDE
                           - MESSAGE AND PROCEED BUTTON FOR COACHING
                         REMOVING THIS WILL PREVENT BLOCK PAGES FROM WORKING
                         !!!!!!!!!!!!!!!!!!!!!!!!!!!!!!!!!!!!!!!!!!!!!!!!!!!!!!!!!!!!!!!!!!! -->
                    <!-- START --- DO NOT REMOVE --- START -->
                        <div id="message">
                            <div localize="[tcp_error.message]">
                                Your request could not be completed. <p>The URL you requested at 52.70.143.199, could not be reached by the network. The site's server may be down or experiencing a high level of traffic.<span class="displayNone">&#160;</span>
                            </div>
                        </div>
                    <!-- END --- DO NOT REMOVE --- END -->




                    <div id="help">
                        <div localize="[tcp_error.help]">
                            The Web Server may be down, too busy, or experiencing other problems preventing it from responding to requests. You may wish to try again at a later time.<span class="displayNone">&#160;</span>
                        </div>
                    </div>
                    <p id="httpCode"><span localize="[techSupport]">Tech support information</span>: tcp_error
                        <a class="detFlip" href="javascript:void(0);"><span id="detMore" localize="[more]">more</span></a>
                        <a class="detFlip" href="javascript:void(0);"><span id="detLess" localize="[less]">less</span></a>
                    </p>

                    <p>
                        <span localize="[contact]">For assistance, contact your network support team.</span>
                    </p>

                    <p id="contactName">
                        <span localize="[name]">Name</span><span>:&#160;</span><span id="contactNameValue"></span>
                    </p>

                    <p id="contactPhone">
                        <span localize="[phone]">Phone</span><span>:&#160;</span><span id="contactPhoneValue"></span>
                    </p>

                    <p id="contactEmail">
                        <span localize="[email]">Email</span><span>:&#160;</span><span id="contactEmailValue"></span>
                    </p>
                </div>
                <div id="additionalInfo" class="int curved">
                    <ul>
                        <li id="addIP"><span localize="[clientIP]">Client IP:</span> <span class="additional">97.11.38.151
                            <span class="displayNone">&#160;</span></span></li>
                        <li id="addUserName"><span localize="[username]">Username:</span> <span class="additional">Unauthenticated User
                            <span class="displayNone">&#160;</span></span></li>
                        <li id="addURL"><span localize="[URL]">URL:</span> <span class="additional">http://52.70.143.199:4444/wd/hub/session
                            <span class="displayNone">&#160;</span></span></li>
                        <li id="addUserAgent"><span localize="[userAgent]">User Agent:</span>
                            <span class="additional">okhttp/3.9.1
                                <span class="displayNone">&#160;</span>
                            </span>
                        </li>
                        <li id="addGeolocation"><span>Client Geolocation:</span>
                            <span class="additional">Unavailable
                                <span class="displayNone">&#160;</span>
                            </span>
                        </li>
                        <li id="addErrorId"><span>Error ID:</span>
                            <span class="additional"><span id='bcExceptionRationale'></span>
                                <span class="displayNone">&#160;</span>
                            </span>
                        </li>
                    </ul>
                </div>
            </div>
        </div>
        <div id="footer">
            <div id="copyright">&#169; 2018 Symantec</div>
        </div>
    </div>
</div>
</body>
</html>

Build info: version: '3.11.0', revision: 'e59cfb3', time: '2018-03-11T20:26:55.152Z'
System info: host: 'IBM651-PC0BY5PB', ip: '97.11.38.151', os.name: 'Windows 7', os.arch: 'amd64', os.version: '6.1', java.version: '1.8.0_152'
Driver info: driver.version: Driver
at org.openqa.selenium.remote.ProtocolHandshake.createSession(ProtocolHandshake.java:111)
at org.openqa.selenium.remote.ProtocolHandshake.createSession(ProtocolHandshake.java:73)
at org.openqa.selenium.remote.HttpCommandExecutor.execute(HttpCommandExecutor.java:136)
at org.openqa.selenium.remote.RemoteWebDriver.execute(RemoteWebDriver.java:545)
at org.openqa.selenium.remote.RemoteWebDriver.startSession(RemoteWebDriver.java:209)
at org.openqa.selenium.remote.RemoteWebDriver.<init>(RemoteWebDriver.java:132)
at org.openqa.selenium.remote.RemoteWebDriver.<init>(RemoteWebDriver.java:145)
at com.app.utilities.Driver.getDriver(Driver.java:31)
at com.app.step_definitions.Hooks.setUp(Hooks.java:19)
at sun.reflect.NativeMethodAccessorImpl.invoke0(Native Method)
at sun.reflect.NativeMethodAccessorImpl.invoke(Unknown Source)
at sun.reflect.DelegatingMethodAccessorImpl.invoke(Unknown Source)
at java.lang.reflect.Method.invoke(Unknown Source)
at cucumber.runtime.Utils$1.call(Utils.java:31)
at cucumber.runtime.Timeout.timeout(Timeout.java:16)
at cucumber.runtime.Utils.invoke(Utils.java:25)
at cucumber.runtime.java.JavaHookDefinition.execute(JavaHookDefinition.java:60)
at cucumber.runtime.HookDefinitionMatch.runStep(HookDefinitionMatch.java:17)
at cucumber.runner.UnskipableStep.executeStep(UnskipableStep.java:22)
at cucumber.api.TestStep.run(TestStep.java:83)
at cucumber.api.TestCase.run(TestCase.java:58)
at cucumber.runner.Runner.runPickle(Runner.java:80)
at cucumber.api.testng.TestNGCucumberRunner.runScenario(TestNGCucumberRunner.java:84)
at cucumber.api.testng.AbstractTestNGCucumberTests.runScenario(AbstractTestNGCucumberTests.java:22)
at sun.reflect.NativeMethodAccessorImpl.invoke0(Native Method)
at sun.reflect.NativeMethodAccessorImpl.invoke(Unknown Source)
at sun.reflect.DelegatingMethodAccessorImpl.invoke(Unknown Source)
at java.lang.reflect.Method.invoke(Unknown Source)
at org.testng.internal.MethodInvocationHelper.invokeMethod(MethodInvocationHelper.java:124)
at org.testng.internal.Invoker.invokeMethod(Invoker.java:580)
at org.testng.internal.Invoker.invokeTestMethod(Invoker.java:716)
at org.testng.internal.Invoker.invokeTestMethods(Invoker.java:988)
at org.testng.internal.TestMethodWorker.invokeTestMethods(TestMethodWorker.java:125)
at org.testng.internal.TestMethodWorker.run(TestMethodWorker.java:109)
at org.testng.TestRunner.privateRun(TestRunner.java:648)
at org.testng.TestRunner.run(TestRunner.java:505)
at org.testng.SuiteRunner.runTest(SuiteRunner.java:455)
at org.testng.SuiteRunner.runSequentially(SuiteRunner.java:450)
at org.testng.SuiteRunner.privateRun(SuiteRunner.java:415)
at org.testng.SuiteRunner.run(SuiteRunner.java:364)
at org.testng.SuiteRunnerWorker.runSuite(SuiteRunnerWorker.java:52)
at org.testng.SuiteRunnerWorker.run(SuiteRunnerWorker.java:84)
at org.testng.TestNG.runSuitesSequentially(TestNG.java:1208)
at org.testng.TestNG.runSuitesLocally(TestNG.java:1137)
at org.testng.TestNG.runSuites(TestNG.java:1049)
at org.testng.TestNG.run(TestNG.java:1017)
at org.testng.remote.AbstractRemoteTestNG.run(AbstractRemoteTestNG.java:114)
at org.testng.remote.RemoteTestNG.initAndRun(RemoteTestNG.java:251)
at org.testng.remote.RemoteTestNG.main(RemoteTestNG.java:77)
]]>
            </full-stacktrace>
          </exception> <!-- org.openqa.selenium.WebDriverException -->
          <reporter-output>
            <line>
              <![CDATA[<div "result">I logged into suiteCRM (SKIPPED)</div>]]>
            </line>
            <line>
              <![CDATA[<div "result">I click on create task (SKIPPED)</div>]]>
            </line>
            <line>
              <![CDATA[<div "result">Set subject as &quot;Refactor code&quot; (SKIPPED)</div>]]>
            </line>
            <line>
              <![CDATA[<div "result">Set status as &quot;In Progress&quot; (SKIPPED)</div>]]>
            </line>
            <line>
              <![CDATA[<div "result">Start date is todays date (SKIPPED)</div>]]>
            </line>
            <line>
              <![CDATA[<div "result">Due date is 25 days after todays date (SKIPPED)</div>]]>
            </line>
            <line>
              <![CDATA[<div "result">Set &quot;Medium&quot; priority (SKIPPED)</div>]]>
            </line>
            <line>
              <![CDATA[<div "result">Set description as &quot;Automate test cases using Cucumber and Selenium&quot; (SKIPPED)</div>]]>
            </line>
            <line>
              <![CDATA[<div "result">Save the task (SKIPPED)</div>]]>
            </line>
            <line>
              <![CDATA[<div "result">Task details page should be displayed (SKIPPED)</div>]]>
            </line>
            <line>
              <![CDATA[<div "result">Data should match with created task data (SKIPPED)</div>]]>
            </line>
            <line>
              <![CDATA[<div "result">I logout from application (SKIPPED)</div>]]>
            </line>
          </reporter-output>
        </test-method> <!-- runScenario -->
        <test-method status="FAIL" signature="runScenario(cucumber.api.testng.PickleEventWrapper, cucumber.api.testng.CucumberFeatureWrapper)[pri:0, instance:com.app.runners.SmokeTestRunner@71423665]" name="runScenario" duration-ms="300836" started-at="2018-11-05T13:31:44Z" description="Runs Cucumber Scenarios" data-provider="scenarios" finished-at="2018-11-05T13:36:45Z">
          <params>
            <param index="0">
              <value>
                <![CDATA["Post a note on Dashboard"]]>
              </value>
            </param>
            <param index="1">
              <value>
                <![CDATA["Note on Dashboard"]]>
              </value>
            </param>
          </params>
          <exception class="org.openqa.selenium.WebDriverException">
            <message>
              <![CDATA[Unable to parse remote response: <!DOCTYPE html>
<html>
    <!-- Note: It is strongly recommended that you do NOT make large changes to this file. Changing DOM structure or classes may prevent
         the page from functioning correctly. Especially important pieces have been marked as such with comments
         and should not be changed for any reason. -->
<head>
    <meta charset="utf-8" />
    <meta name="referrer" content="never" />
    <title localize="[tcp_error.httpMessage]">Network Error</title>




    <!-- !!!!!!!!!!!!!!!!!!!!!!!!!!!!!!!!!!!!!!!!!!!!!!!!!!!!!!!!!!!!!!!!!!!
        WARNING: DO NOT REMOVE!
        THIS SECTION LOADS ALL PAGE FUNCTIONALITY
        REMOVING THIS WILL PREVENT BLOCK PAGES FROM FUNCTIONING CORRECTLY
        !!!!!!!!!!!!!!!!!!!!!!!!!!!!!!!!!!!!!!!!!!!!!!!!!!!!!!!!!!!!!!!!!!! -->
    <!-- START --- DO NOT REMOVE --- START -->
        <script type="text/javascript">
            // evaluate these on the proxy and make them available as js vars...
var hashedpw = "";
var jumpto = " ";

var coach_continue_url = " ";
var application_name = "none";
var application_action_name = "-";
var response_categories = "Uncategorized";
var url_host = "52.70.143.199";
var url_address = "52.70.143.199";
var url_port = "4444";
var client_address = "97.11.38.151";
var category_review_url = "http://sitereview.bluecoat.com/sitereview.jsp?referrer=136&url=http://52.70.143.199:4444/wd/hub/session";
var last_error = "";
var x_cs_auth_form_action_url = "http://www.cfauth.com/?bcfru=aHR0cDovLzUyLjcwLjE0My4xOTk6NDQ0NC93ZC9odWIvc2Vzc2lvbg==";
var x_auth_challenge_string = "";
var x_cs_auth_form_domain_field = "";
var cs_username = "Unauthenticated User";
var x_cs_auth_request_id = "";
var x_auth_private_challenge_state = "";
var sc_auth_status = "";
var reason = "Request could not be handled";
var method = "POST";
var x_radius_splash_username = "";
var x_radius_splash_session_id = "0";
var x_rs_ocsp_error = "";
var x_virus_id = "";
var x_virus_details = "";
var empty = "";
var ssl_failure_reason = "";
var server_connection_socket_errno = "Operation timed out";
var icap_error_details = "";
var redirect_location = "";
var exception_rationale = "";
var exception_request_rationale = "";

window.onload = function() {
    var externalLinks = function() {
        if (!document.getElementsByTagName) return;
        var anchors = document.getElementsByTagName("a");
        for (var i=0; i<anchors.length; i++) {
            var anchor = anchors[i];
            var rel = anchor.getAttribute("rel") || '';
            if (anchor.getAttribute("href") && rel === "external") {
                anchor.target = "_blank";
            }
            anchor.setAttribute("rel", rel + " noreferrer");
        }
    };
    externalLinks();

    if (errors.length != 0 ) {
        var localize = function() {
            var find = $("[localize]");

            $(find).each(function(){
                var transTxtKey;
                var key=$(this).attr('localize').replace("[","").replace("]","");
                var keys=key.split(/\./);

                if (keys.length < 1) {
                    return false;
                }

                var textObject = errors;
                while(keys.length > 0 && textObject) {
                    textObject = textObject[keys.shift()];
                }
                transTxtKey = textObject;

                if(transTxtKey) {
                    $(this).html(transTxtKey);
                }
            });

        };
        localize();
    }

// once localized, replace the non-runtime evaluated variables with live content.
    var fixprxevals = function() {
// todo: drive this from an array or tidy it up.
        $("a#coach-continue-url").attr("href", coach_continue_url);
        $("#application-name").text('\"' + application_name + '\"');
        $("#application-action-name").text('\"' + application_action_name + '\"');
        $("#response-categories").text('\"' + response_categories + '\"');
        $("#url-host").text('\"' + url_host + '\"');
        $("#url-address").text('\"' + url_address + '\"');
        $("#url-port").text('\"' + url_port + '\"');
        $("#client_address").text('\"' + client_address + '\"');
        $("#category-review-url").html('<a href="' + category_review_url + '">http://sitereview.bluecoat.com</a>');
        $("#last-error").text('\"' + last_error + '\"');
        $("#x-cs-auth-form-action-url").text('\"' + x_cs_auth_form_action_url + '\"');
        $("#x-auth-challenge-string").text('\"' + x_auth_challenge_string + '\"');
        $("#x-cs-auth-form-domain-field").text('\"' + x_cs_auth_form_domain_field + '\"');
        $("#cs-username").text('\"' + cs_username + '\"');
        $("#x-cs-auth-request-id").text('\"' + x_cs_auth_request_id + '\"');
        $("#x-auth-private-challenge-state").text('\"' + x_auth_private_challenge_state + '\"');
        $("#sc-auth-status").text('\"' + sc_auth_status + '\"');
        $("#reason").text('\"' + reason + '\"');
        $("#method").text('\"' + method + '\"');
        $("#x-radius-splash-username").text('\"' + x_radius_splash_username + '\"');
        $("#x-radius-splash-session-id").text('\"' + x_radius_splash_session_id + '\"');
        $("#x-rs-ocsp-error").text('\"' + x_rs_ocsp_error + '\"');
        $("#x-virus-id").text('\"' + x_virus_id + '\"');
        $("#x-virus-details").text('\"' + x_virus_details + '\"');
//    $("#proxy-sg-private-challenge-state").attr("value", proxy-sg-private-challenge-state);
//    $("#proxy-sg-request-id").attr("value", proxy_sg_request_id);
        $("#cpUsername").attr("value", cs_username);
        $("#ssl-failure-reason").text('\"' + ssl_failure_reason + '\"');
        $("#server-connection-socket-errno").text('\"' + server_connection_socket_errno + '\"');
        $("#icap-error-details").text('\"' + icap_error_details + '\"');
        $("a#redirect-location").attr("href", redirect_location);
        $("a#site-review").attr("href", "http://sitereview.bluecoat.com/index.jsp?referrer=bccloud&url=" + url_host);
        $("#bcExceptionRationale").text(exception_request_rationale || exception_rationale || "N/A");
    };
    fixprxevals();

    $("#pwinput").keypress(function(e) {
        if(e.keyCode==13) { return false; }
    });

    $("#pwinput").focus();
    $("#sesame").click(function() {
        var supplied = $("#pwinput").attr("value");
        var hashed = $.md5(supplied).toUpperCase();
        if(supplied) {
            valpw(hashed); return false;
        } else {
            $("#errorNotify").show("fast");
            var trans = errors["validations"].password_override.notSupplied;
            $("#errorNotify").html("<div localize='[validations.password_override.notSupplied]'>" + trans + "</div>");
            $("#pwinput").addClass("error");
            return false;
        }
    });

    var detailsShowing = false;
    $('.detFlip').click(function() {
        if(!detailsShowing){
            $("#detMore").hide();
            $("#detLess").show();
            $("#additionalInfo").show('fast');
        } else {
            $("#detMore").show();
            $("#detLess").hide();
            $("#additionalInfo").hide('fast');
        }
        detailsShowing = !detailsShowing;
    });
    $("#pwinput").click(function() {
        $("#errorNotify").hide("fast");
        $("#pwinput").removeClass("error");
        this.value = "";
    });

    var goTo = function(url) {
        var a = document.createElement("a");
        if(!a.click) {
            window.location=url;
            return;
        }
        a.setAttribute("href", url);
        a.style.display = "block";
        $("body").append(a);
        a.click();
    };

    function valpw(hashed) {
        if(hashed==hashedpw) {
            goTo(jumpto);
        } else {
            $("#errorNotify").show("fast");
            var trans = errors.validations.password_override.incorrectPassword;
            $("#errorNotify").html("<div localize='[validations.password_override.incorrectPassword]'>" + trans + "</div>");
            $("#pwinput").addClass("error");
            return false;
        }
    }

    if($('#contactNameValue').text() === '') $('#contactName').hide();
    if($('#contactPhoneValue').text() === '') $('#contactPhone').hide();
    if($('#contactEmailValue').text() === '') $('#contactEmail').hide();

    if (String.prototype.trim && ["unlicensed", "unavailable", "none", "invalid"].indexOf($("#addClientGeolocation .additional").text().trim().toLowerCase()) !== -1) {
        $("#addClientGeolocation").hide();
    }
};

document.writeln('<script type="text/javascript" src="//portal.threatpulse.com/ex/5.0/js/jquery-1.5.min.js"><\/script>');
document.writeln('<script type="text/javascript" src="//notify.bluecoat.com/ex/5.0/js/lang/exceptions.js"><\/script>');
document.writeln('<script type="text/javascript" src="//portal.threatpulse.com/ex/5.0/js/jquery.md5.min.js"><\/script>');

        </script>
    <!-- END --- DO NOT REMOVE --- END -->




    <!-- This loads default Symantec styling -->
   <style type="text/css">
       #logo a {
    background-image: url("//portal.threatpulse.com/ex/5.0/img/logos/symantec-logo.png");
    background-repeat: no-repeat;
    background-position: center center;
    background-size: contain;
}
    </style>
    <!-- This will load the default Symantec error page styling, as configured in the Symantec portal -->
    <link rel="stylesheet" type="text/css" href="//portal.threatpulse.com/ex/5.0/css/style0204.css" />
    <!-- This will load the Symantec favicon -->
    <link rel="shortcut icon" href="//portal.threatpulse.com/ex/5.0/img/favicon.ico" />
</head>

<body class="bodydrop">
<div id="outer">
    <div id="container" class="int curved">
        <div id="branding">
            <div class="curved" id="logo">
                <a rel="external" title="Symantec" href="http://www.symantec.com/">Symantec</a>
            </div>
        </div>
        <div id="content">
            <div id="bodyCopy">
                <div id="exceptionDetails" class="int">
                    <h1 id="doctitle" localize="[tcp_error.httpMessage]">Network Error</h1>




                    <!-- !!!!!!!!!!!!!!!!!!!!!!!!!!!!!!!!!!!!!!!!!!!!!!!!!!!!!!!!!!!!!!!!!!!
                         WARNING: DO NOT REMOVE!
                         THIS SECTION IS USED TO INJECT KEY PAGE FUNCTIONALITY INCLUDING:
                           - EXCEPTION DETAILS (DESCRIPTION)
                           - INPUT TEXT FIELD FOR PASSWORD OVERRIDE
                           - MESSAGE AND PROCEED BUTTON FOR COACHING
                         REMOVING THIS WILL PREVENT BLOCK PAGES FROM WORKING
                         !!!!!!!!!!!!!!!!!!!!!!!!!!!!!!!!!!!!!!!!!!!!!!!!!!!!!!!!!!!!!!!!!!! -->
                    <!-- START --- DO NOT REMOVE --- START -->
                        <div id="message">
                            <div localize="[tcp_error.message]">
                                Your request could not be completed. <p>The URL you requested at 52.70.143.199, could not be reached by the network. The site's server may be down or experiencing a high level of traffic.<span class="displayNone">&#160;</span>
                            </div>
                        </div>
                    <!-- END --- DO NOT REMOVE --- END -->




                    <div id="help">
                        <div localize="[tcp_error.help]">
                            The Web Server may be down, too busy, or experiencing other problems preventing it from responding to requests. You may wish to try again at a later time.<span class="displayNone">&#160;</span>
                        </div>
                    </div>
                    <p id="httpCode"><span localize="[techSupport]">Tech support information</span>: tcp_error
                        <a class="detFlip" href="javascript:void(0);"><span id="detMore" localize="[more]">more</span></a>
                        <a class="detFlip" href="javascript:void(0);"><span id="detLess" localize="[less]">less</span></a>
                    </p>

                    <p>
                        <span localize="[contact]">For assistance, contact your network support team.</span>
                    </p>

                    <p id="contactName">
                        <span localize="[name]">Name</span><span>:&#160;</span><span id="contactNameValue"></span>
                    </p>

                    <p id="contactPhone">
                        <span localize="[phone]">Phone</span><span>:&#160;</span><span id="contactPhoneValue"></span>
                    </p>

                    <p id="contactEmail">
                        <span localize="[email]">Email</span><span>:&#160;</span><span id="contactEmailValue"></span>
                    </p>
                </div>
                <div id="additionalInfo" class="int curved">
                    <ul>
                        <li id="addIP"><span localize="[clientIP]">Client IP:</span> <span class="additional">97.11.38.151
                            <span class="displayNone">&#160;</span></span></li>
                        <li id="addUserName"><span localize="[username]">Username:</span> <span class="additional">Unauthenticated User
                            <span class="displayNone">&#160;</span></span></li>
                        <li id="addURL"><span localize="[URL]">URL:</span> <span class="additional">http://52.70.143.199:4444/wd/hub/session
                            <span class="displayNone">&#160;</span></span></li>
                        <li id="addUserAgent"><span localize="[userAgent]">User Agent:</span>
                            <span class="additional">okhttp/3.9.1
                                <span class="displayNone">&#160;</span>
                            </span>
                        </li>
                        <li id="addGeolocation"><span>Client Geolocation:</span>
                            <span class="additional">Unavailable
                                <span class="displayNone">&#160;</span>
                            </span>
                        </li>
                        <li id="addErrorId"><span>Error ID:</span>
                            <span class="additional"><span id='bcExceptionRationale'></span>
                                <span class="displayNone">&#160;</span>
                            </span>
                        </li>
                    </ul>
                </div>
            </div>
        </div>
        <div id="footer">
            <div id="copyright">&#169; 2018 Symantec</div>
        </div>
    </div>
</div>
</body>
</html>

Build info: version: '3.11.0', revision: 'e59cfb3', time: '2018-03-11T20:26:55.152Z'
System info: host: 'IBM651-PC0BY5PB', ip: '97.11.38.151', os.name: 'Windows 7', os.arch: 'amd64', os.version: '6.1', java.version: '1.8.0_152'
Driver info: driver.version: Driver]]>
            </message>
            <full-stacktrace>
              <![CDATA[org.openqa.selenium.WebDriverException: Unable to parse remote response: <!DOCTYPE html>
<html>
    <!-- Note: It is strongly recommended that you do NOT make large changes to this file. Changing DOM structure or classes may prevent
         the page from functioning correctly. Especially important pieces have been marked as such with comments
         and should not be changed for any reason. -->
<head>
    <meta charset="utf-8" />
    <meta name="referrer" content="never" />
    <title localize="[tcp_error.httpMessage]">Network Error</title>




    <!-- !!!!!!!!!!!!!!!!!!!!!!!!!!!!!!!!!!!!!!!!!!!!!!!!!!!!!!!!!!!!!!!!!!!
        WARNING: DO NOT REMOVE!
        THIS SECTION LOADS ALL PAGE FUNCTIONALITY
        REMOVING THIS WILL PREVENT BLOCK PAGES FROM FUNCTIONING CORRECTLY
        !!!!!!!!!!!!!!!!!!!!!!!!!!!!!!!!!!!!!!!!!!!!!!!!!!!!!!!!!!!!!!!!!!! -->
    <!-- START --- DO NOT REMOVE --- START -->
        <script type="text/javascript">
            // evaluate these on the proxy and make them available as js vars...
var hashedpw = "";
var jumpto = " ";

var coach_continue_url = " ";
var application_name = "none";
var application_action_name = "-";
var response_categories = "Uncategorized";
var url_host = "52.70.143.199";
var url_address = "52.70.143.199";
var url_port = "4444";
var client_address = "97.11.38.151";
var category_review_url = "http://sitereview.bluecoat.com/sitereview.jsp?referrer=136&url=http://52.70.143.199:4444/wd/hub/session";
var last_error = "";
var x_cs_auth_form_action_url = "http://www.cfauth.com/?bcfru=aHR0cDovLzUyLjcwLjE0My4xOTk6NDQ0NC93ZC9odWIvc2Vzc2lvbg==";
var x_auth_challenge_string = "";
var x_cs_auth_form_domain_field = "";
var cs_username = "Unauthenticated User";
var x_cs_auth_request_id = "";
var x_auth_private_challenge_state = "";
var sc_auth_status = "";
var reason = "Request could not be handled";
var method = "POST";
var x_radius_splash_username = "";
var x_radius_splash_session_id = "0";
var x_rs_ocsp_error = "";
var x_virus_id = "";
var x_virus_details = "";
var empty = "";
var ssl_failure_reason = "";
var server_connection_socket_errno = "Operation timed out";
var icap_error_details = "";
var redirect_location = "";
var exception_rationale = "";
var exception_request_rationale = "";

window.onload = function() {
    var externalLinks = function() {
        if (!document.getElementsByTagName) return;
        var anchors = document.getElementsByTagName("a");
        for (var i=0; i<anchors.length; i++) {
            var anchor = anchors[i];
            var rel = anchor.getAttribute("rel") || '';
            if (anchor.getAttribute("href") && rel === "external") {
                anchor.target = "_blank";
            }
            anchor.setAttribute("rel", rel + " noreferrer");
        }
    };
    externalLinks();

    if (errors.length != 0 ) {
        var localize = function() {
            var find = $("[localize]");

            $(find).each(function(){
                var transTxtKey;
                var key=$(this).attr('localize').replace("[","").replace("]","");
                var keys=key.split(/\./);

                if (keys.length < 1) {
                    return false;
                }

                var textObject = errors;
                while(keys.length > 0 && textObject) {
                    textObject = textObject[keys.shift()];
                }
                transTxtKey = textObject;

                if(transTxtKey) {
                    $(this).html(transTxtKey);
                }
            });

        };
        localize();
    }

// once localized, replace the non-runtime evaluated variables with live content.
    var fixprxevals = function() {
// todo: drive this from an array or tidy it up.
        $("a#coach-continue-url").attr("href", coach_continue_url);
        $("#application-name").text('\"' + application_name + '\"');
        $("#application-action-name").text('\"' + application_action_name + '\"');
        $("#response-categories").text('\"' + response_categories + '\"');
        $("#url-host").text('\"' + url_host + '\"');
        $("#url-address").text('\"' + url_address + '\"');
        $("#url-port").text('\"' + url_port + '\"');
        $("#client_address").text('\"' + client_address + '\"');
        $("#category-review-url").html('<a href="' + category_review_url + '">http://sitereview.bluecoat.com</a>');
        $("#last-error").text('\"' + last_error + '\"');
        $("#x-cs-auth-form-action-url").text('\"' + x_cs_auth_form_action_url + '\"');
        $("#x-auth-challenge-string").text('\"' + x_auth_challenge_string + '\"');
        $("#x-cs-auth-form-domain-field").text('\"' + x_cs_auth_form_domain_field + '\"');
        $("#cs-username").text('\"' + cs_username + '\"');
        $("#x-cs-auth-request-id").text('\"' + x_cs_auth_request_id + '\"');
        $("#x-auth-private-challenge-state").text('\"' + x_auth_private_challenge_state + '\"');
        $("#sc-auth-status").text('\"' + sc_auth_status + '\"');
        $("#reason").text('\"' + reason + '\"');
        $("#method").text('\"' + method + '\"');
        $("#x-radius-splash-username").text('\"' + x_radius_splash_username + '\"');
        $("#x-radius-splash-session-id").text('\"' + x_radius_splash_session_id + '\"');
        $("#x-rs-ocsp-error").text('\"' + x_rs_ocsp_error + '\"');
        $("#x-virus-id").text('\"' + x_virus_id + '\"');
        $("#x-virus-details").text('\"' + x_virus_details + '\"');
//    $("#proxy-sg-private-challenge-state").attr("value", proxy-sg-private-challenge-state);
//    $("#proxy-sg-request-id").attr("value", proxy_sg_request_id);
        $("#cpUsername").attr("value", cs_username);
        $("#ssl-failure-reason").text('\"' + ssl_failure_reason + '\"');
        $("#server-connection-socket-errno").text('\"' + server_connection_socket_errno + '\"');
        $("#icap-error-details").text('\"' + icap_error_details + '\"');
        $("a#redirect-location").attr("href", redirect_location);
        $("a#site-review").attr("href", "http://sitereview.bluecoat.com/index.jsp?referrer=bccloud&url=" + url_host);
        $("#bcExceptionRationale").text(exception_request_rationale || exception_rationale || "N/A");
    };
    fixprxevals();

    $("#pwinput").keypress(function(e) {
        if(e.keyCode==13) { return false; }
    });

    $("#pwinput").focus();
    $("#sesame").click(function() {
        var supplied = $("#pwinput").attr("value");
        var hashed = $.md5(supplied).toUpperCase();
        if(supplied) {
            valpw(hashed); return false;
        } else {
            $("#errorNotify").show("fast");
            var trans = errors["validations"].password_override.notSupplied;
            $("#errorNotify").html("<div localize='[validations.password_override.notSupplied]'>" + trans + "</div>");
            $("#pwinput").addClass("error");
            return false;
        }
    });

    var detailsShowing = false;
    $('.detFlip').click(function() {
        if(!detailsShowing){
            $("#detMore").hide();
            $("#detLess").show();
            $("#additionalInfo").show('fast');
        } else {
            $("#detMore").show();
            $("#detLess").hide();
            $("#additionalInfo").hide('fast');
        }
        detailsShowing = !detailsShowing;
    });
    $("#pwinput").click(function() {
        $("#errorNotify").hide("fast");
        $("#pwinput").removeClass("error");
        this.value = "";
    });

    var goTo = function(url) {
        var a = document.createElement("a");
        if(!a.click) {
            window.location=url;
            return;
        }
        a.setAttribute("href", url);
        a.style.display = "block";
        $("body").append(a);
        a.click();
    };

    function valpw(hashed) {
        if(hashed==hashedpw) {
            goTo(jumpto);
        } else {
            $("#errorNotify").show("fast");
            var trans = errors.validations.password_override.incorrectPassword;
            $("#errorNotify").html("<div localize='[validations.password_override.incorrectPassword]'>" + trans + "</div>");
            $("#pwinput").addClass("error");
            return false;
        }
    }

    if($('#contactNameValue').text() === '') $('#contactName').hide();
    if($('#contactPhoneValue').text() === '') $('#contactPhone').hide();
    if($('#contactEmailValue').text() === '') $('#contactEmail').hide();

    if (String.prototype.trim && ["unlicensed", "unavailable", "none", "invalid"].indexOf($("#addClientGeolocation .additional").text().trim().toLowerCase()) !== -1) {
        $("#addClientGeolocation").hide();
    }
};

document.writeln('<script type="text/javascript" src="//portal.threatpulse.com/ex/5.0/js/jquery-1.5.min.js"><\/script>');
document.writeln('<script type="text/javascript" src="//notify.bluecoat.com/ex/5.0/js/lang/exceptions.js"><\/script>');
document.writeln('<script type="text/javascript" src="//portal.threatpulse.com/ex/5.0/js/jquery.md5.min.js"><\/script>');

        </script>
    <!-- END --- DO NOT REMOVE --- END -->




    <!-- This loads default Symantec styling -->
   <style type="text/css">
       #logo a {
    background-image: url("//portal.threatpulse.com/ex/5.0/img/logos/symantec-logo.png");
    background-repeat: no-repeat;
    background-position: center center;
    background-size: contain;
}
    </style>
    <!-- This will load the default Symantec error page styling, as configured in the Symantec portal -->
    <link rel="stylesheet" type="text/css" href="//portal.threatpulse.com/ex/5.0/css/style0204.css" />
    <!-- This will load the Symantec favicon -->
    <link rel="shortcut icon" href="//portal.threatpulse.com/ex/5.0/img/favicon.ico" />
</head>

<body class="bodydrop">
<div id="outer">
    <div id="container" class="int curved">
        <div id="branding">
            <div class="curved" id="logo">
                <a rel="external" title="Symantec" href="http://www.symantec.com/">Symantec</a>
            </div>
        </div>
        <div id="content">
            <div id="bodyCopy">
                <div id="exceptionDetails" class="int">
                    <h1 id="doctitle" localize="[tcp_error.httpMessage]">Network Error</h1>




                    <!-- !!!!!!!!!!!!!!!!!!!!!!!!!!!!!!!!!!!!!!!!!!!!!!!!!!!!!!!!!!!!!!!!!!!
                         WARNING: DO NOT REMOVE!
                         THIS SECTION IS USED TO INJECT KEY PAGE FUNCTIONALITY INCLUDING:
                           - EXCEPTION DETAILS (DESCRIPTION)
                           - INPUT TEXT FIELD FOR PASSWORD OVERRIDE
                           - MESSAGE AND PROCEED BUTTON FOR COACHING
                         REMOVING THIS WILL PREVENT BLOCK PAGES FROM WORKING
                         !!!!!!!!!!!!!!!!!!!!!!!!!!!!!!!!!!!!!!!!!!!!!!!!!!!!!!!!!!!!!!!!!!! -->
                    <!-- START --- DO NOT REMOVE --- START -->
                        <div id="message">
                            <div localize="[tcp_error.message]">
                                Your request could not be completed. <p>The URL you requested at 52.70.143.199, could not be reached by the network. The site's server may be down or experiencing a high level of traffic.<span class="displayNone">&#160;</span>
                            </div>
                        </div>
                    <!-- END --- DO NOT REMOVE --- END -->




                    <div id="help">
                        <div localize="[tcp_error.help]">
                            The Web Server may be down, too busy, or experiencing other problems preventing it from responding to requests. You may wish to try again at a later time.<span class="displayNone">&#160;</span>
                        </div>
                    </div>
                    <p id="httpCode"><span localize="[techSupport]">Tech support information</span>: tcp_error
                        <a class="detFlip" href="javascript:void(0);"><span id="detMore" localize="[more]">more</span></a>
                        <a class="detFlip" href="javascript:void(0);"><span id="detLess" localize="[less]">less</span></a>
                    </p>

                    <p>
                        <span localize="[contact]">For assistance, contact your network support team.</span>
                    </p>

                    <p id="contactName">
                        <span localize="[name]">Name</span><span>:&#160;</span><span id="contactNameValue"></span>
                    </p>

                    <p id="contactPhone">
                        <span localize="[phone]">Phone</span><span>:&#160;</span><span id="contactPhoneValue"></span>
                    </p>

                    <p id="contactEmail">
                        <span localize="[email]">Email</span><span>:&#160;</span><span id="contactEmailValue"></span>
                    </p>
                </div>
                <div id="additionalInfo" class="int curved">
                    <ul>
                        <li id="addIP"><span localize="[clientIP]">Client IP:</span> <span class="additional">97.11.38.151
                            <span class="displayNone">&#160;</span></span></li>
                        <li id="addUserName"><span localize="[username]">Username:</span> <span class="additional">Unauthenticated User
                            <span class="displayNone">&#160;</span></span></li>
                        <li id="addURL"><span localize="[URL]">URL:</span> <span class="additional">http://52.70.143.199:4444/wd/hub/session
                            <span class="displayNone">&#160;</span></span></li>
                        <li id="addUserAgent"><span localize="[userAgent]">User Agent:</span>
                            <span class="additional">okhttp/3.9.1
                                <span class="displayNone">&#160;</span>
                            </span>
                        </li>
                        <li id="addGeolocation"><span>Client Geolocation:</span>
                            <span class="additional">Unavailable
                                <span class="displayNone">&#160;</span>
                            </span>
                        </li>
                        <li id="addErrorId"><span>Error ID:</span>
                            <span class="additional"><span id='bcExceptionRationale'></span>
                                <span class="displayNone">&#160;</span>
                            </span>
                        </li>
                    </ul>
                </div>
            </div>
        </div>
        <div id="footer">
            <div id="copyright">&#169; 2018 Symantec</div>
        </div>
    </div>
</div>
</body>
</html>

Build info: version: '3.11.0', revision: 'e59cfb3', time: '2018-03-11T20:26:55.152Z'
System info: host: 'IBM651-PC0BY5PB', ip: '97.11.38.151', os.name: 'Windows 7', os.arch: 'amd64', os.version: '6.1', java.version: '1.8.0_152'
Driver info: driver.version: Driver
at org.openqa.selenium.remote.ProtocolHandshake.createSession(ProtocolHandshake.java:111)
at org.openqa.selenium.remote.ProtocolHandshake.createSession(ProtocolHandshake.java:73)
at org.openqa.selenium.remote.HttpCommandExecutor.execute(HttpCommandExecutor.java:136)
at org.openqa.selenium.remote.RemoteWebDriver.execute(RemoteWebDriver.java:545)
at org.openqa.selenium.remote.RemoteWebDriver.startSession(RemoteWebDriver.java:209)
at org.openqa.selenium.remote.RemoteWebDriver.<init>(RemoteWebDriver.java:132)
at org.openqa.selenium.remote.RemoteWebDriver.<init>(RemoteWebDriver.java:145)
at com.app.utilities.Driver.getDriver(Driver.java:31)
at com.app.step_definitions.Hooks.setUp(Hooks.java:19)
at sun.reflect.NativeMethodAccessorImpl.invoke0(Native Method)
at sun.reflect.NativeMethodAccessorImpl.invoke(Unknown Source)
at sun.reflect.DelegatingMethodAccessorImpl.invoke(Unknown Source)
at java.lang.reflect.Method.invoke(Unknown Source)
at cucumber.runtime.Utils$1.call(Utils.java:31)
at cucumber.runtime.Timeout.timeout(Timeout.java:16)
at cucumber.runtime.Utils.invoke(Utils.java:25)
at cucumber.runtime.java.JavaHookDefinition.execute(JavaHookDefinition.java:60)
at cucumber.runtime.HookDefinitionMatch.runStep(HookDefinitionMatch.java:17)
at cucumber.runner.UnskipableStep.executeStep(UnskipableStep.java:22)
at cucumber.api.TestStep.run(TestStep.java:83)
at cucumber.api.TestCase.run(TestCase.java:58)
at cucumber.runner.Runner.runPickle(Runner.java:80)
at cucumber.api.testng.TestNGCucumberRunner.runScenario(TestNGCucumberRunner.java:84)
at cucumber.api.testng.AbstractTestNGCucumberTests.runScenario(AbstractTestNGCucumberTests.java:22)
at sun.reflect.NativeMethodAccessorImpl.invoke0(Native Method)
at sun.reflect.NativeMethodAccessorImpl.invoke(Unknown Source)
at sun.reflect.DelegatingMethodAccessorImpl.invoke(Unknown Source)
at java.lang.reflect.Method.invoke(Unknown Source)
at org.testng.internal.MethodInvocationHelper.invokeMethod(MethodInvocationHelper.java:124)
at org.testng.internal.Invoker.invokeMethod(Invoker.java:580)
at org.testng.internal.Invoker.invokeTestMethod(Invoker.java:716)
at org.testng.internal.Invoker.invokeTestMethods(Invoker.java:988)
at org.testng.internal.TestMethodWorker.invokeTestMethods(TestMethodWorker.java:125)
at org.testng.internal.TestMethodWorker.run(TestMethodWorker.java:109)
at org.testng.TestRunner.privateRun(TestRunner.java:648)
at org.testng.TestRunner.run(TestRunner.java:505)
at org.testng.SuiteRunner.runTest(SuiteRunner.java:455)
at org.testng.SuiteRunner.runSequentially(SuiteRunner.java:450)
at org.testng.SuiteRunner.privateRun(SuiteRunner.java:415)
at org.testng.SuiteRunner.run(SuiteRunner.java:364)
at org.testng.SuiteRunnerWorker.runSuite(SuiteRunnerWorker.java:52)
at org.testng.SuiteRunnerWorker.run(SuiteRunnerWorker.java:84)
at org.testng.TestNG.runSuitesSequentially(TestNG.java:1208)
at org.testng.TestNG.runSuitesLocally(TestNG.java:1137)
at org.testng.TestNG.runSuites(TestNG.java:1049)
at org.testng.TestNG.run(TestNG.java:1017)
at org.testng.remote.AbstractRemoteTestNG.run(AbstractRemoteTestNG.java:114)
at org.testng.remote.RemoteTestNG.initAndRun(RemoteTestNG.java:251)
at org.testng.remote.RemoteTestNG.main(RemoteTestNG.java:77)
]]>
            </full-stacktrace>
          </exception> <!-- org.openqa.selenium.WebDriverException -->
          <reporter-output>
            <line>
              <![CDATA[<div "result">I logged into suiteCRM (SKIPPED)</div>]]>
            </line>
            <line>
              <![CDATA[<div "result">I post &quot;Hello Everyone&quot; (SKIPPED)</div>]]>
            </line>
            <line>
              <![CDATA[<div "result">Post should be displayed (SKIPPED)</div>]]>
            </line>
            <line>
              <![CDATA[<div "result">I logout from application (SKIPPED)</div>]]>
            </line>
          </reporter-output>
        </test-method> <!-- runScenario -->
        <test-method status="FAIL" signature="runScenario(cucumber.api.testng.PickleEventWrapper, cucumber.api.testng.CucumberFeatureWrapper)[pri:0, instance:com.app.runners.SmokeTestRunner@71423665]" name="runScenario" duration-ms="300648" started-at="2018-11-05T13:36:45Z" description="Runs Cucumber Scenarios" data-provider="scenarios" finished-at="2018-11-05T13:41:46Z">
          <params>
            <param index="0">
              <value>
                <![CDATA["Verify Collaboration menu options"]]>
              </value>
            </param>
            <param index="1">
              <value>
                <![CDATA["SugarCRM menu options"]]>
              </value>
            </param>
          </params>
          <exception class="org.openqa.selenium.WebDriverException">
            <message>
              <![CDATA[Unable to parse remote response: <!DOCTYPE html>
<html>
    <!-- Note: It is strongly recommended that you do NOT make large changes to this file. Changing DOM structure or classes may prevent
         the page from functioning correctly. Especially important pieces have been marked as such with comments
         and should not be changed for any reason. -->
<head>
    <meta charset="utf-8" />
    <meta name="referrer" content="never" />
    <title localize="[tcp_error.httpMessage]">Network Error</title>




    <!-- !!!!!!!!!!!!!!!!!!!!!!!!!!!!!!!!!!!!!!!!!!!!!!!!!!!!!!!!!!!!!!!!!!!
        WARNING: DO NOT REMOVE!
        THIS SECTION LOADS ALL PAGE FUNCTIONALITY
        REMOVING THIS WILL PREVENT BLOCK PAGES FROM FUNCTIONING CORRECTLY
        !!!!!!!!!!!!!!!!!!!!!!!!!!!!!!!!!!!!!!!!!!!!!!!!!!!!!!!!!!!!!!!!!!! -->
    <!-- START --- DO NOT REMOVE --- START -->
        <script type="text/javascript">
            // evaluate these on the proxy and make them available as js vars...
var hashedpw = "";
var jumpto = " ";

var coach_continue_url = " ";
var application_name = "none";
var application_action_name = "-";
var response_categories = "Uncategorized";
var url_host = "52.70.143.199";
var url_address = "52.70.143.199";
var url_port = "4444";
var client_address = "97.11.38.151";
var category_review_url = "http://sitereview.bluecoat.com/sitereview.jsp?referrer=136&url=http://52.70.143.199:4444/wd/hub/session";
var last_error = "";
var x_cs_auth_form_action_url = "http://www.cfauth.com/?bcfru=aHR0cDovLzUyLjcwLjE0My4xOTk6NDQ0NC93ZC9odWIvc2Vzc2lvbg==";
var x_auth_challenge_string = "";
var x_cs_auth_form_domain_field = "";
var cs_username = "Unauthenticated User";
var x_cs_auth_request_id = "";
var x_auth_private_challenge_state = "";
var sc_auth_status = "";
var reason = "Request could not be handled";
var method = "POST";
var x_radius_splash_username = "";
var x_radius_splash_session_id = "0";
var x_rs_ocsp_error = "";
var x_virus_id = "";
var x_virus_details = "";
var empty = "";
var ssl_failure_reason = "";
var server_connection_socket_errno = "Operation timed out";
var icap_error_details = "";
var redirect_location = "";
var exception_rationale = "";
var exception_request_rationale = "";

window.onload = function() {
    var externalLinks = function() {
        if (!document.getElementsByTagName) return;
        var anchors = document.getElementsByTagName("a");
        for (var i=0; i<anchors.length; i++) {
            var anchor = anchors[i];
            var rel = anchor.getAttribute("rel") || '';
            if (anchor.getAttribute("href") && rel === "external") {
                anchor.target = "_blank";
            }
            anchor.setAttribute("rel", rel + " noreferrer");
        }
    };
    externalLinks();

    if (errors.length != 0 ) {
        var localize = function() {
            var find = $("[localize]");

            $(find).each(function(){
                var transTxtKey;
                var key=$(this).attr('localize').replace("[","").replace("]","");
                var keys=key.split(/\./);

                if (keys.length < 1) {
                    return false;
                }

                var textObject = errors;
                while(keys.length > 0 && textObject) {
                    textObject = textObject[keys.shift()];
                }
                transTxtKey = textObject;

                if(transTxtKey) {
                    $(this).html(transTxtKey);
                }
            });

        };
        localize();
    }

// once localized, replace the non-runtime evaluated variables with live content.
    var fixprxevals = function() {
// todo: drive this from an array or tidy it up.
        $("a#coach-continue-url").attr("href", coach_continue_url);
        $("#application-name").text('\"' + application_name + '\"');
        $("#application-action-name").text('\"' + application_action_name + '\"');
        $("#response-categories").text('\"' + response_categories + '\"');
        $("#url-host").text('\"' + url_host + '\"');
        $("#url-address").text('\"' + url_address + '\"');
        $("#url-port").text('\"' + url_port + '\"');
        $("#client_address").text('\"' + client_address + '\"');
        $("#category-review-url").html('<a href="' + category_review_url + '">http://sitereview.bluecoat.com</a>');
        $("#last-error").text('\"' + last_error + '\"');
        $("#x-cs-auth-form-action-url").text('\"' + x_cs_auth_form_action_url + '\"');
        $("#x-auth-challenge-string").text('\"' + x_auth_challenge_string + '\"');
        $("#x-cs-auth-form-domain-field").text('\"' + x_cs_auth_form_domain_field + '\"');
        $("#cs-username").text('\"' + cs_username + '\"');
        $("#x-cs-auth-request-id").text('\"' + x_cs_auth_request_id + '\"');
        $("#x-auth-private-challenge-state").text('\"' + x_auth_private_challenge_state + '\"');
        $("#sc-auth-status").text('\"' + sc_auth_status + '\"');
        $("#reason").text('\"' + reason + '\"');
        $("#method").text('\"' + method + '\"');
        $("#x-radius-splash-username").text('\"' + x_radius_splash_username + '\"');
        $("#x-radius-splash-session-id").text('\"' + x_radius_splash_session_id + '\"');
[...]
                        </li>
                    </ul>
                </div>
            </div>
        </div>
        <div id="footer">
            <div id="copyright">&#169; 2018 Symantec</div>
        </div>
    </div>
</div>
</body>
</html>

Build info: version: '3.11.0', revision: 'e59cfb3', time: '2018-03-11T20:26:55.152Z'
System info: host: 'IBM651-PC0BY5PB', ip: '97.11.38.151', os.name: 'Windows 7', os.arch: 'amd64', os.version: '6.1', java.version: '1.8.0_152'
Driver info: driver.version: Driver]]>
            </message>
            <full-stacktrace>
              <![CDATA[org.openqa.selenium.WebDriverException: Unable to parse remote response: <!DOCTYPE html>
<html>
    <!-- Note: It is strongly recommended that you do NOT make large changes to this file. Changing DOM structure or classes may prevent
         the page from functioning correctly. Especially important pieces have been marked as such with comments
         and should not be changed for any reason. -->
<head>
    <meta charset="utf-8" />
    <meta name="referrer" content="never" />
    <title localize="[tcp_error.httpMessage]">Network Error</title>




    <!-- !!!!!!!!!!!!!!!!!!!!!!!!!!!!!!!!!!!!!!!!!!!!!!!!!!!!!!!!!!!!!!!!!!!
        WARNING: DO NOT REMOVE!
        THIS SECTION LOADS ALL PAGE FUNCTIONALITY
        REMOVING THIS WILL PREVENT BLOCK PAGES FROM FUNCTIONING CORRECTLY
        !!!!!!!!!!!!!!!!!!!!!!!!!!!!!!!!!!!!!!!!!!!!!!!!!!!!!!!!!!!!!!!!!!! -->
    <!-- START --- DO NOT REMOVE --- START -->
        <script type="text/javascript">
            // evaluate these on the proxy and make them available as js vars...
var hashedpw = "";
var jumpto = " ";

var coach_continue_url = " ";
var application_name = "none";
var application_action_name = "-";
var response_categories = "Uncategorized";
var url_host = "52.70.143.199";
var url_address = "52.70.143.199";
var url_port = "4444";
var client_address = "97.11.38.151";
var category_review_url = "http://sitereview.bluecoat.com/sitereview.jsp?referrer=136&url=http://52.70.143.199:4444/wd/hub/session";
var last_error = "";
var x_cs_auth_form_action_url = "http://www.cfauth.com/?bcfru=aHR0cDovLzUyLjcwLjE0My4xOTk6NDQ0NC93ZC9odWIvc2Vzc2lvbg==";
var x_auth_challenge_string = "";
var x_cs_auth_form_domain_field = "";
var cs_username = "Unauthenticated User";
var x_cs_auth_request_id = "";
var x_auth_private_challenge_state = "";
var sc_auth_status = "";
var reason = "Request could not be handled";
var method = "POST";
var x_radius_splash_username = "";
var x_radius_splash_session_id = "0";
var x_rs_ocsp_error = "";
var x_virus_id = "";
var x_virus_details = "";
var empty = "";
var ssl_failure_reason = "";
var server_connection_socket_errno = "Operation timed out";
var icap_error_details = "";
var redirect_location = "";
var exception_rationale = "";
var exception_request_rationale = "";

window.onload = function() {
    var externalLinks = function() {
        if (!document.getElementsByTagName) return;
        var anchors = document.getElementsByTagName("a");
        for (var i=0; i<anchors.length; i++) {
            var anchor = anchors[i];
            var rel = anchor.getAttribute("rel") || '';
            if (anchor.getAttribute("href") && rel === "external") {
                anchor.target = "_blank";
            }
            anchor.setAttribute("rel", rel + " noreferrer");
        }
    };
    externalLinks();

    if (errors.length != 0 ) {
        var localize = function() {
            var find = $("[localize]");

            $(find).each(function(){
                var transTxtKey;
                var key=$(this).attr('localize').replace("[","").replace("]","");
                var keys=key.split(/\./);

                if (keys.length < 1) {
                    return false;
                }

                var textObject = errors;
                while(keys.length > 0 && textObject) {
                    textObject = textObject[keys.shift()];
                }
                transTxtKey = textObject;

                if(transTxtKey) {
                    $(this).html(transTxtKey);
                }
            });

        };
        localize();
    }

// once localized, replace the non-runtime evaluated variables with live content.
    var fixprxevals = function() {
// todo: drive this from an array or tidy it up.
        $("a#coach-continue-url").attr("href", coach_continue_url);
        $("#application-name").text('\"' + application_name + '\"');
        $("#application-action-name").text('\"' + application_action_name + '\"');
        $("#response-categories").text('\"' + response_categories + '\"');
        $("#url-host").text('\"' + url_host + '\"');
        $("#url-address").text('\"' + url_address + '\"');
        $("#url-port").text('\"' + url_port + '\"');
        $("#client_address").text('\"' + client_address + '\"');
        $("#category-review-url").html('<a href="' + category_review_url + '">http://sitereview.bluecoat.com</a>');
        $("#last-error").text('\"' + last_error + '\"');
        $("#x-cs-auth-form-action-url").text('\"' + x_cs_auth_form_action_url + '\"');
        $("#x-auth-challenge-string").text('\"' + x_auth_challenge_string + '\"');
        $("#x-cs-auth-form-domain-field").text('\"' + x_cs_auth_form_domain_field + '\"');
        $("#cs-username").text('\"' + cs_username + '\"');
        $("#x-cs-auth-request-id").text('\"' + x_cs_auth_request_id + '\"');
        $("#x-auth-private-challenge-state").text('\"' + x_auth_private_challenge_state + '\"');
        $("#sc-auth-status").text('\"' + sc_auth_status + '\"');
        $("#reason").text('\"' + reason + '\"');
        $("#method").text('\"' + method + '\"');
        $("#x-radius-splash-username").text('\"' + x_radius_splash_username + '\"');
        $("#x-radius-splash-session-id").text('\"' + x_radius_splash_session_id + '\"');
        $("#x-rs-ocsp-error").text('\"' + x_rs_ocsp_error + '\"');
        $("#x-virus-id").text('\"' + x_virus_id + '\"');
        $("#x-virus-details").text('\"' + x_virus_details + '\"');
//    $("#proxy-sg-private-challenge-state").attr("value", proxy-sg-private-challenge-state);
//    $("#proxy-sg-request-id").attr("value", proxy_sg_request_id);
        $("#cpUsername").attr("value", cs_username);
        $("#ssl-failure-reason").text('\"' + ssl_failure_reason + '\"');
        $("#server-connection-socket-errno").text('\"' + server_connection_socket_errno + '\"');
        $("#icap-error-details").text('\"' + icap_error_details + '\"');
        $("a#redirect-location").attr("href", redirect_location);
        $("a#site-review").attr("href", "http://sitereview.bluecoat.com/index.jsp?referrer=bccloud&url=" + url_host);
        $("#bcExceptionRationale").text(exception_request_rationale || exception_rationale || "N/A");
    };
    fixprxevals();

    $("#pwinput").keypress(function(e) {
        if(e.keyCode==13) { return false; }
    });

    $("#pwinput").focus();
    $("#sesame").click(function() {
        var supplied = $("#pwinput").attr("value");
        var hashed = $.md5(supplied).toUpperCase();
        if(supplied) {
            valpw(hashed); return false;
        } else {
            $("#errorNotify").show("fast");
            var trans = errors["validations"].password_override.notSupplied;
            $("#errorNotify").html("<div localize='[validations.password_override.notSupplied]'>" + trans + "</div>");
            $("#pwinput").addClass("error");
            return false;
        }
    });

    var detailsShowing = false;
    $('.detFlip').click(function() {
        if(!detailsShowing){
            $("#detMore").hide();
            $("#detLess").show();
            $("#additionalInfo").show('fast');
        } else {
            $("#detMore").show();
            $("#detLess").hide();
            $("#additionalInfo").hide('fast');
        }
        detailsShowing = !detailsShowing;
    });
    $("#pwinput").click(function() {
        $("#errorNotify").hide("fast");
        $("#pwinput").removeClass("error");
        this.value = "";
    });

    var goTo = function(url) {
        var a = document.createElement("a");
        if(!a.click) {
            window.location=url;
            return;
        }
        a.setAttribute("href", url);
        a.style.display = "block";
        $("body").append(a);
        a.click();
    };

    function valpw(hashed) {
        if(hashed==hashedpw) {
            goTo(jumpto);
        } else {
            $("#errorNotify").show("fast");
            var trans = errors.validations.password_override.incorrectPassword;
            $("#errorNotify").html("<div localize='[validations.password_override.incorrectPassword]'>" + trans + "</div>");
            $("#pwinput").addClass("error");
            return false;
        }
    }

    if($('#contactNameValue').text() === '') $('#contactName').hide();
    if($('#contactPhoneValue').text() === '') $('#contactPhone').hide();
    if($('#contactEmailValue').text() === '') $('#contactEmail').hide();

    if (String.prototype.trim && ["unlicensed", "unavailable", "none", "invalid"].indexOf($("#addClientGeolocation .additional").text().trim().toLowerCase()) !== -1) {
        $("#addClientGeolocation").hide();
    }
};

document.writeln('<script type="text/javascript" src="//portal.threatpulse.com/ex/5.0/js/jquery-1.5.min.js"><\/script>');
document.writeln('<script type="text/javascript" src="//notify.bluecoat.com/ex/5.0/js/lang/exceptions.js"><\/script>');
document.writeln('<script type="text/javascript" src="//portal.threatpulse.com/ex/5.0/js/jquery.md5.min.js"><\/script>');

        </script>
    <!-- END --- DO NOT REMOVE --- END -->




    <!-- This loads default Symantec styling -->
   <style type="text/css">
       #logo a {
    background-image: url("//portal.threatpulse.com/ex/5.0/img/logos/symantec-logo.png");
    background-repeat: no-repeat;
    background-position: center center;
    background-size: contain;
}
    </style>
    <!-- This will load the default Symantec error page styling, as configured in the Symantec portal -->
    <link rel="stylesheet" type="text/css" href="//portal.threatpulse.com/ex/5.0/css/style0204.css" />
    <!-- This will load the Symantec favicon -->
    <link rel="shortcut icon" href="//portal.threatpulse.com/ex/5.0/img/favicon.ico" />
</head>

<body class="bodydrop">
<div id="outer">
    <div id="container" class="int curved">
        <div id="branding">
            <div class="curved" id="logo">
                <a rel="external" title="Symantec" href="http://www.symantec.com/">Symantec</a>
            </div>
        </div>
        <div id="content">
            <div id="bodyCopy">
                <div id="exceptionDetails" class="int">
                    <h1 id="doctitle" localize="[tcp_error.httpMessage]">Network Error</h1>




                    <!-- !!!!!!!!!!!!!!!!!!!!!!!!!!!!!!!!!!!!!!!!!!!!!!!!!!!!!!!!!!!!!!!!!!!
                         WARNING: DO NOT REMOVE!
                         THIS SECTION IS USED TO INJECT KEY PAGE FUNCTIONALITY INCLUDING:
                           - EXCEPTION DETAILS (DESCRIPTION)
                           - INPUT TEXT FIELD FOR PASSWORD OVERRIDE
                           - MESSAGE AND PROCEED BUTTON FOR COACHING
                         REMOVING THIS WILL PREVENT BLOCK PAGES FROM WORKING
                         !!!!!!!!!!!!!!!!!!!!!!!!!!!!!!!!!!!!!!!!!!!!!!!!!!!!!!!!!!!!!!!!!!! -->
                    <!-- START --- DO NOT REMOVE --- START -->
                        <div id="message">
                            <div localize="[tcp_error.message]">
                                Your request could not be completed. <p>The URL you requested at 52.70.143.199, could not be reached by the network. The site's server may be down or experiencing a high level of traffic.<span class="displayNone">&#160;</span>
                            </div>
                        </div>
                    <!-- END --- DO NOT REMOVE --- END -->




                    <div id="help">
                        <div localize="[tcp_error.help]">
                            The Web Server may be down, too busy, or experiencing other problems preventing it from responding to requests. You may wish to try again at a later time.<span class="displayNone">&#160;</span>
                        </div>
                    </div>
                    <p id="httpCode"><span localize="[techSupport]">Tech support information</span>: tcp_error
                        <a class="detFlip" href="javascript:void(0);"><span id="detMore" localize="[more]">more</span></a>
                        <a class="detFlip" href="javascript:void(0);"><span id="detLess" localize="[less]">less</span></a>
                    </p>

                    <p>
                        <span localize="[contact]">For assistance, contact your network support team.</span>
                    </p>

                    <p id="contactName">
                        <span localize="[name]">Name</span><span>:&#160;</span><span id="contactNameValue"></span>
                    </p>

                    <p id="contactPhone">
                        <span localize="[phone]">Phone</span><span>:&#160;</span><span id="contactPhoneValue"></span>
                    </p>

                    <p id="contactEmail">
                        <span localize="[email]">Email</span><span>:&#160;</span><span id="contactEmailValue"></span>
                    </p>
                </div>
                <div id="additionalInfo" class="int curved">
                    <ul>
                        <li id="addIP"><span localize="[clientIP]">Client IP:</span> <span class="additional">97.11.38.151
                            <span class="displayNone">&#160;</span></span></li>
                        <li id="addUserName"><span localize="[username]">Username:</span> <span class="additional">Unauthenticated User
                            <span class="displayNone">&#160;</span></span></li>
                        <li id="addURL"><span localize="[URL]">URL:</span> <span class="additional">http://52.70.143.199:4444/wd/hub/session
                            <span class="displayNone">&#160;</span></span></li>
                        <li id="addUserAgent"><span localize="[userAgent]">User Agent:</span>
                            <span class="additional">okhttp/3.9.1
                                <span class="displayNone">&#160;</span>
                            </span>
                        </li>
                        <li id="addGeolocation"><span>Client Geolocation:</span>
                            <span class="additional">Unavailable
                                <span class="displayNone">&#160;</span>
                            </span>
                        </li>
                        <li id="addErrorId"><span>Error ID:</span>
                            <span class="additional"><span id='bcExceptionRationale'></span>
                                <span class="displayNone">&#160;</span>
                            </span>
                        </li>
                    </ul>
                </div>
            </div>
        </div>
        <div id="footer">
            <div id="copyright">&#169; 2018 Symantec</div>
        </div>
    </div>
</div>
</body>
</html>

Build info: version: '3.11.0', revision: 'e59cfb3', time: '2018-03-11T20:26:55.152Z'
System info: host: 'IBM651-PC0BY5PB', ip: '97.11.38.151', os.name: 'Windows 7', os.arch: 'amd64', os.version: '6.1', java.version: '1.8.0_152'
Driver info: driver.version: Driver
at org.openqa.selenium.remote.ProtocolHandshake.createSession(ProtocolHandshake.java:111)
at org.openqa.selenium.remote.ProtocolHandshake.createSession(ProtocolHandshake.java:73)
at org.openqa.selenium.remote.HttpCommandExecutor.execute(HttpCommandExecutor.java:136)
at org.openqa.selenium.remote.RemoteWebDriver.execute(RemoteWebDriver.java:545)
at org.openqa.selenium.remote.RemoteWebDriver.startSession(RemoteWebDriver.java:209)
at org.openqa.selenium.remote.RemoteWebDriver.<init>(RemoteWebDriver.java:132)
at org.openqa.selenium.remote.RemoteWebDriver.<init>(RemoteWebDriver.java:145)
at com.app.utilities.Driver.getDriver(Driver.java:31)
at com.app.step_definitions.Hooks.setUp(Hooks.java:19)
at sun.reflect.NativeMethodAccessorImpl.invoke0(Native Method)
at sun.reflect.NativeMethodAccessorImpl.invoke(Unknown Source)
at sun.reflect.DelegatingMethodAccessorImpl.invoke(Unknown Source)
at java.lang.reflect.Method.invoke(Unknown Source)
at cucumber.runtime.Utils$1.call(Utils.java:31)
at cucumber.runtime.Timeout.timeout(Timeout.java:16)
at cucumber.runtime.Utils.invoke(Utils.java:25)
at cucumber.runtime.java.JavaHookDefinition.execute(JavaHookDefinition.java:60)
at cucumber.runtime.HookDefinitionMatch.runStep(HookDefinitionMatch.java:17)
at cucumber.runner.UnskipableStep.executeStep(UnskipableStep.java:22)
at cucumber.api.TestStep.run(TestStep.java:83)
at cucumber.api.TestCase.run(TestCase.java:58)
at cucumber.runner.Runner.runPickle(Runner.java:80)
at cucumber.api.testng.TestNGCucumberRunner.runScenario(TestNGCucumberRunner.java:84)
at cucumber.api.testng.AbstractTestNGCucumberTests.runScenario(AbstractTestNGCucumberTests.java:22)
at sun.reflect.NativeMethodAccessorImpl.invoke0(Native Method)
at sun.reflect.NativeMethodAccessorImpl.invoke(Unknown Source)
at sun.reflect.DelegatingMethodAccessorImpl.invoke(Unknown Source)
at java.lang.reflect.Method.invoke(Unknown Source)
at org.testng.internal.MethodInvocationHelper.invokeMethod(MethodInvocationHelper.java:124)
at org.testng.internal.Invoker.invokeMethod(Invoker.java:580)
at org.testng.internal.Invoker.invokeTestMethod(Invoker.java:716)
at org.testng.internal.Invoker.invokeTestMethods(Invoker.java:988)
at org.testng.internal.TestMethodWorker.invokeTestMethods(TestMethodWorker.java:125)
at org.testng.internal.TestMethodWorker.run(TestMethodWorker.java:109)
at org.testng.TestRunner.privateRun(TestRunner.java:648)
at org.testng.TestRunner.run(TestRunner.java:505)
at org.testng.SuiteRunner.runTest(SuiteRunner.java:455)
at org.testng.SuiteRunner.runSequentially(SuiteRunner.java:450)
at org.testng.SuiteRunner.privateRun(SuiteRunner.java:415)
at org.testng.SuiteRunner.run(SuiteRunner.java:364)
at org.testng.SuiteRunnerWorker.runSuite(SuiteRunnerWorker.java:52)
at org.testng.SuiteRunnerWorker.run(SuiteRunnerWorker.java:84)
at org.testng.TestNG.runSuitesSequentially(TestNG.java:1208)
at org.testng.TestNG.runSuitesLocally(TestNG.java:1137)
at org.testng.TestNG.runSuites(TestNG.java:1049)
at org.testng.TestNG.run(TestNG.java:1017)
at org.testng.remote.AbstractRemoteTestNG.run(AbstractRemoteTestNG.java:114)
at org.testng.remote.RemoteTestNG.initAndRun(RemoteTestNG.java:251)
at org.testng.remote.RemoteTestNG.main(RemoteTestNG.java:77)
]]>
            </full-stacktrace>
          </exception> <!-- org.openqa.selenium.WebDriverException -->
          <reporter-output>
            <line>
              <![CDATA[<div "result">I logged into suiteCRM (SKIPPED)</div>]]>
            </line>
            <line>
              <![CDATA[<div "result">I hover over the Collaboration menu (SKIPPED)</div>]]>
            </line>
            <line>
              <![CDATA[<div "result">following menu options should be visible for Collaboration: (SKIPPED)</div>]]>
            </line>
          </reporter-output>
        </test-method> <!-- runScenario -->
        <test-method status="PASS" signature="tearDownClass()[pri:0, instance:com.app.runners.SmokeTestRunner@71423665]" name="tearDownClass" is-config="true" duration-ms="130" started-at="2018-11-05T13:41:46Z" finished-at="2018-11-05T13:41:46Z">
          <reporter-output>
          </reporter-output>
        </test-method> <!-- tearDownClass -->
      </class> <!-- com.app.runners.SmokeTestRunner -->
    </test> <!-- Automated tests -->
  </suite> <!-- SuiteCRM Regression Automation -->
</testng-results>
