<?xml version="1.0" encoding="UTF-8"?>
<!-- Generated by org.testng.reporters.JUnitXMLReporter -->
<testsuite hostname="IBM651-PC0BY5PB" ignored="0" name="Automated tests" tests="3" failures="3" timestamp="05 Nov 2018 13:41:46 GMT" time="904.227" errors="0">
  <testcase name="runScenario" time="302.059" classname="cucumber.api.testng.AbstractTestNGCucumberTests">
    <failure type="org.openqa.selenium.WebDriverException" message="Unable to parse remote response: &amp;lt;!DOCTYPE html&amp;gt;
&amp;lt;html&amp;gt;
    &amp;lt;!-- Note: It is strongly recommended that you do NOT make large changes to this file. Changing DOM structure or classes may prevent
         the page from functioning correctly. Especially important pieces have been marked as such with comments
         and should not be changed for any reason. --&amp;gt;
&amp;lt;head&amp;gt;
    &amp;lt;meta charset=&amp;quot;utf-8&amp;quot; /&amp;gt;
    &amp;lt;meta name=&amp;quot;referrer&amp;quot; content=&amp;quot;never&amp;quot; /&amp;gt;
    &amp;lt;title localize=&amp;quot;[tcp_error.httpMessage]&amp;quot;&amp;gt;Network Error&amp;lt;/title&amp;gt;




    &amp;lt;!-- !!!!!!!!!!!!!!!!!!!!!!!!!!!!!!!!!!!!!!!!!!!!!!!!!!!!!!!!!!!!!!!!!!!
        WARNING: DO NOT REMOVE!
        THIS SECTION LOADS ALL PAGE FUNCTIONALITY
        REMOVING THIS WILL PREVENT BLOCK PAGES FROM FUNCTIONING CORRECTLY
        !!!!!!!!!!!!!!!!!!!!!!!!!!!!!!!!!!!!!!!!!!!!!!!!!!!!!!!!!!!!!!!!!!! --&amp;gt;
    &amp;lt;!-- START --- DO NOT REMOVE --- START --&amp;gt;
        &amp;lt;script type=&amp;quot;text/javascript&amp;quot;&amp;gt;
            // evaluate these on the proxy and make them available as js vars...
var hashedpw = &amp;quot;&amp;quot;;
var jumpto = &amp;quot; &amp;quot;;

var coach_continue_url = &amp;quot; &amp;quot;;
var application_name = &amp;quot;none&amp;quot;;
var application_action_name = &amp;quot;-&amp;quot;;
var response_categories = &amp;quot;Uncategorized&amp;quot;;
var url_host = &amp;quot;52.70.143.199&amp;quot;;
var url_address = &amp;quot;52.70.143.199&amp;quot;;
var url_port = &amp;quot;4444&amp;quot;;
var client_address = &amp;quot;97.11.38.151&amp;quot;;
var category_review_url = &amp;quot;http://sitereview.bluecoat.com/sitereview.jsp?referrer=136&amp;amp;url=http://52.70.143.199:4444/wd/hub/session&amp;quot;;
var last_error = &amp;quot;&amp;quot;;
var x_cs_auth_form_action_url = &amp;quot;http://www.cfauth.com/?bcfru=aHR0cDovLzUyLjcwLjE0My4xOTk6NDQ0NC93ZC9odWIvc2Vzc2lvbg==&amp;quot;;
var x_auth_challenge_string = &amp;quot;&amp;quot;;
var x_cs_auth_form_domain_field = &amp;quot;&amp;quot;;
var cs_username = &amp;quot;Unauthenticated User&amp;quot;;
var x_cs_auth_request_id = &amp;quot;&amp;quot;;
var x_auth_private_challenge_state = &amp;quot;&amp;quot;;
var sc_auth_status = &amp;quot;&amp;quot;;
var reason = &amp;quot;Request could not be handled&amp;quot;;
var method = &amp;quot;POST&amp;quot;;
var x_radius_splash_username = &amp;quot;&amp;quot;;
var x_radius_splash_session_id = &amp;quot;0&amp;quot;;
var x_rs_ocsp_error = &amp;quot;&amp;quot;;
var x_virus_id = &amp;quot;&amp;quot;;
var x_virus_details = &amp;quot;&amp;quot;;
var empty = &amp;quot;&amp;quot;;
var ssl_failure_reason = &amp;quot;&amp;quot;;
var server_connection_socket_errno = &amp;quot;Operation timed out&amp;quot;;
var icap_error_details = &amp;quot;&amp;quot;;
var redirect_location = &amp;quot;&amp;quot;;
var exception_rationale = &amp;quot;&amp;quot;;
var exception_request_rationale = &amp;quot;&amp;quot;;

window.onload = function() {
    var externalLinks = function() {
        if (!document.getElementsByTagName) return;
        var anchors = document.getElementsByTagName(&amp;quot;a&amp;quot;);
        for (var i=0; i&amp;lt;anchors.length; i++) {
            var anchor = anchors[i];
            var rel = anchor.getAttribute(&amp;quot;rel&amp;quot;) || &amp;apos;&amp;apos;;
            if (anchor.getAttribute(&amp;quot;href&amp;quot;) &amp;amp;&amp;amp; rel === &amp;quot;external&amp;quot;) {
                anchor.target = &amp;quot;_blank&amp;quot;;
            }
            anchor.setAttribute(&amp;quot;rel&amp;quot;, rel + &amp;quot; noreferrer&amp;quot;);
        }
    };
    externalLinks();

    if (errors.length != 0 ) {
        var localize = function() {
            var find = $(&amp;quot;[localize]&amp;quot;);

            $(find).each(function(){
                var transTxtKey;
                var key=$(this).attr(&amp;apos;localize&amp;apos;).replace(&amp;quot;[&amp;quot;,&amp;quot;&amp;quot;).replace(&amp;quot;]&amp;quot;,&amp;quot;&amp;quot;);
                var keys=key.split(/\./);

                if (keys.length &amp;lt; 1) {
                    return false;
                }

                var textObject = errors;
                while(keys.length &amp;gt; 0 &amp;amp;&amp;amp; textObject) {
                    textObject = textObject[keys.shift()];
                }
                transTxtKey = textObject;

                if(transTxtKey) {
                    $(this).html(transTxtKey);
                }
            });

        };
        localize();
    }

// once localized, replace the non-runtime evaluated variables with live content.
    var fixprxevals = function() {
// todo: drive this from an array or tidy it up.
        $(&amp;quot;a#coach-continue-url&amp;quot;).attr(&amp;quot;href&amp;quot;, coach_continue_url);
        $(&amp;quot;#application-name&amp;quot;).text(&amp;apos;\&amp;quot;&amp;apos; + application_name + &amp;apos;\&amp;quot;&amp;apos;);
        $(&amp;quot;#application-action-name&amp;quot;).text(&amp;apos;\&amp;quot;&amp;apos; + application_action_name + &amp;apos;\&amp;quot;&amp;apos;);
        $(&amp;quot;#response-categories&amp;quot;).text(&amp;apos;\&amp;quot;&amp;apos; + response_categories + &amp;apos;\&amp;quot;&amp;apos;);
        $(&amp;quot;#url-host&amp;quot;).text(&amp;apos;\&amp;quot;&amp;apos; + url_host + &amp;apos;\&amp;quot;&amp;apos;);
        $(&amp;quot;#url-address&amp;quot;).text(&amp;apos;\&amp;quot;&amp;apos; + url_address + &amp;apos;\&amp;quot;&amp;apos;);
        $(&amp;quot;#url-port&amp;quot;).text(&amp;apos;\&amp;quot;&amp;apos; + url_port + &amp;apos;\&amp;quot;&amp;apos;);
        $(&amp;quot;#client_address&amp;quot;).text(&amp;apos;\&amp;quot;&amp;apos; + client_address + &amp;apos;\&amp;quot;&amp;apos;);
        $(&amp;quot;#category-review-url&amp;quot;).html(&amp;apos;&amp;lt;a href=&amp;quot;&amp;apos; + category_review_url + &amp;apos;&amp;quot;&amp;gt;http://sitereview.bluecoat.com&amp;lt;/a&amp;gt;&amp;apos;);
        $(&amp;quot;#last-error&amp;quot;).text(&amp;apos;\&amp;quot;&amp;apos; + last_error + &amp;apos;\&amp;quot;&amp;apos;);
        $(&amp;quot;#x-cs-auth-form-action-url&amp;quot;).text(&amp;apos;\&amp;quot;&amp;apos; + x_cs_auth_form_action_url + &amp;apos;\&amp;quot;&amp;apos;);
        $(&amp;quot;#x-auth-challenge-string&amp;quot;).text(&amp;apos;\&amp;quot;&amp;apos; + x_auth_challenge_string + &amp;apos;\&amp;quot;&amp;apos;);
        $(&amp;quot;#x-cs-auth-form-domain-field&amp;quot;).text(&amp;apos;\&amp;quot;&amp;apos; + x_cs_auth_form_domain_field + &amp;apos;\&amp;quot;&amp;apos;);
        $(&amp;quot;#cs-username&amp;quot;).text(&amp;apos;\&amp;quot;&amp;apos; + cs_username + &amp;apos;\&amp;quot;&amp;apos;);
        $(&amp;quot;#x-cs-auth-request-id&amp;quot;).text(&amp;apos;\&amp;quot;&amp;apos; + x_cs_auth_request_id + &amp;apos;\&amp;quot;&amp;apos;);
        $(&amp;quot;#x-auth-private-challenge-state&amp;quot;).text(&amp;apos;\&amp;quot;&amp;apos; + x_auth_private_challenge_state + &amp;apos;\&amp;quot;&amp;apos;);
        $(&amp;quot;#sc-auth-status&amp;quot;).text(&amp;apos;\&amp;quot;&amp;apos; + sc_auth_status + &amp;apos;\&amp;quot;&amp;apos;);
        $(&amp;quot;#reason&amp;quot;).text(&amp;apos;\&amp;quot;&amp;apos; + reason + &amp;apos;\&amp;quot;&amp;apos;);
        $(&amp;quot;#method&amp;quot;).text(&amp;apos;\&amp;quot;&amp;apos; + method + &amp;apos;\&amp;quot;&amp;apos;);
        $(&amp;quot;#x-radius-splash-username&amp;quot;).text(&amp;apos;\&amp;quot;&amp;apos; + x_radius_splash_username + &amp;apos;\&amp;quot;&amp;apos;);
        $(&amp;quot;#x-radius-splash-session-id&amp;quot;).text(&amp;apos;\&amp;quot;&amp;apos; + x_radius_splash_session_id + &amp;apos;\&amp;quot;&amp;apos;);
        $(&amp;quot;#x-rs-ocsp-error&amp;quot;).text(&amp;apos;\&amp;quot;&amp;apos; + x_rs_ocsp_error + &amp;apos;\&amp;quot;&amp;apos;);
        $(&amp;quot;#x-virus-id&amp;quot;).text(&amp;apos;\&amp;quot;&amp;apos; + x_virus_id + &amp;apos;\&amp;quot;&amp;apos;);
        $(&amp;quot;#x-virus-details&amp;quot;).text(&amp;apos;\&amp;quot;&amp;apos; + x_virus_details + &amp;apos;\&amp;quot;&amp;apos;);
//    $(&amp;quot;#proxy-sg-private-challenge-state&amp;quot;).attr(&amp;quot;value&amp;quot;, proxy-sg-private-challenge-state);
//    $(&amp;quot;#proxy-sg-request-id&amp;quot;).attr(&amp;quot;value&amp;quot;, proxy_sg_request_id);
        $(&amp;quot;#cpUsername&amp;quot;).attr(&amp;quot;value&amp;quot;, cs_username);
        $(&amp;quot;#ssl-failure-reason&amp;quot;).text(&amp;apos;\&amp;quot;&amp;apos; + ssl_failure_reason + &amp;apos;\&amp;quot;&amp;apos;);
        $(&amp;quot;#server-connection-socket-errno&amp;quot;).text(&amp;apos;\&amp;quot;&amp;apos; + server_connection_socket_errno + &amp;apos;\&amp;quot;&amp;apos;);
        $(&amp;quot;#icap-error-details&amp;quot;).text(&amp;apos;\&amp;quot;&amp;apos; + icap_error_details + &amp;apos;\&amp;quot;&amp;apos;);
        $(&amp;quot;a#redirect-location&amp;quot;).attr(&amp;quot;href&amp;quot;, redirect_location);
        $(&amp;quot;a#site-review&amp;quot;).attr(&amp;quot;href&amp;quot;, &amp;quot;http://sitereview.bluecoat.com/index.jsp?referrer=bccloud&amp;amp;url=&amp;quot; + url_host);
        $(&amp;quot;#bcExceptionRationale&amp;quot;).text(exception_request_rationale || exception_rationale || &amp;quot;N/A&amp;quot;);
    };
    fixprxevals();

    $(&amp;quot;#pwinput&amp;quot;).keypress(function(e) {
        if(e.keyCode==13) { return false; }
    });

    $(&amp;quot;#pwinput&amp;quot;).focus();
    $(&amp;quot;#sesame&amp;quot;).click(function() {
        var supplied = $(&amp;quot;#pwinput&amp;quot;).attr(&amp;quot;value&amp;quot;);
        var hashed = $.md5(supplied).toUpperCase();
        if(supplied) {
            valpw(hashed); return false;
        } else {
            $(&amp;quot;#errorNotify&amp;quot;).show(&amp;quot;fast&amp;quot;);
            var trans = errors[&amp;quot;validations&amp;quot;].password_override.notSupplied;
            $(&amp;quot;#errorNotify&amp;quot;).html(&amp;quot;&amp;lt;div localize=&amp;apos;[validations.password_override.notSupplied]&amp;apos;&amp;gt;&amp;quot; + trans + &amp;quot;&amp;lt;/div&amp;gt;&amp;quot;);
            $(&amp;quot;#pwinput&amp;quot;).addClass(&amp;quot;error&amp;quot;);
            return false;
        }
    });

    var detailsShowing = false;
    $(&amp;apos;.detFlip&amp;apos;).click(function() {
        if(!detailsShowing){
            $(&amp;quot;#detMore&amp;quot;).hide();
            $(&amp;quot;#detLess&amp;quot;).show();
            $(&amp;quot;#additionalInfo&amp;quot;).show(&amp;apos;fast&amp;apos;);
        } else {
            $(&amp;quot;#detMore&amp;quot;).show();
            $(&amp;quot;#detLess&amp;quot;).hide();
            $(&amp;quot;#additionalInfo&amp;quot;).hide(&amp;apos;fast&amp;apos;);
        }
        detailsShowing = !detailsShowing;
    });
    $(&amp;quot;#pwinput&amp;quot;).click(function() {
        $(&amp;quot;#errorNotify&amp;quot;).hide(&amp;quot;fast&amp;quot;);
        $(&amp;quot;#pwinput&amp;quot;).removeClass(&amp;quot;error&amp;quot;);
        this.value = &amp;quot;&amp;quot;;
    });

    var goTo = function(url) {
        var a = document.createElement(&amp;quot;a&amp;quot;);
        if(!a.click) {
            window.location=url;
            return;
        }
        a.setAttribute(&amp;quot;href&amp;quot;, url);
        a.style.display = &amp;quot;block&amp;quot;;
        $(&amp;quot;body&amp;quot;).append(a);
        a.click();
    };

    function valpw(hashed) {
        if(hashed==hashedpw) {
            goTo(jumpto);
        } else {
            $(&amp;quot;#errorNotify&amp;quot;).show(&amp;quot;fast&amp;quot;);
            var trans = errors.validations.password_override.incorrectPassword;
            $(&amp;quot;#errorNotify&amp;quot;).html(&amp;quot;&amp;lt;div localize=&amp;apos;[validations.password_override.incorrectPassword]&amp;apos;&amp;gt;&amp;quot; + trans + &amp;quot;&amp;lt;/div&amp;gt;&amp;quot;);
            $(&amp;quot;#pwinput&amp;quot;).addClass(&amp;quot;error&amp;quot;);
            return false;
        }
    }

    if($(&amp;apos;#contactNameValue&amp;apos;).text() === &amp;apos;&amp;apos;) $(&amp;apos;#contactName&amp;apos;).hide();
    if($(&amp;apos;#contactPhoneValue&amp;apos;).text() === &amp;apos;&amp;apos;) $(&amp;apos;#contactPhone&amp;apos;).hide();
    if($(&amp;apos;#contactEmailValue&amp;apos;).text() === &amp;apos;&amp;apos;) $(&amp;apos;#contactEmail&amp;apos;).hide();

    if (String.prototype.trim &amp;amp;&amp;amp; [&amp;quot;unlicensed&amp;quot;, &amp;quot;unavailable&amp;quot;, &amp;quot;none&amp;quot;, &amp;quot;invalid&amp;quot;].indexOf($(&amp;quot;#addClientGeolocation .additional&amp;quot;).text().trim().toLowerCase()) !== -1) {
        $(&amp;quot;#addClientGeolocation&amp;quot;).hide();
    }
};

document.writeln(&amp;apos;&amp;lt;script type=&amp;quot;text/javascript&amp;quot; src=&amp;quot;//portal.threatpulse.com/ex/5.0/js/jquery-1.5.min.js&amp;quot;&amp;gt;&amp;lt;\/script&amp;gt;&amp;apos;);
document.writeln(&amp;apos;&amp;lt;script type=&amp;quot;text/javascript&amp;quot; src=&amp;quot;//notify.bluecoat.com/ex/5.0/js/lang/exceptions.js&amp;quot;&amp;gt;&amp;lt;\/script&amp;gt;&amp;apos;);
document.writeln(&amp;apos;&amp;lt;script type=&amp;quot;text/javascript&amp;quot; src=&amp;quot;//portal.threatpulse.com/ex/5.0/js/jquery.md5.min.js&amp;quot;&amp;gt;&amp;lt;\/script&amp;gt;&amp;apos;);

        &amp;lt;/script&amp;gt;
    &amp;lt;!-- END --- DO NOT REMOVE --- END --&amp;gt;




    &amp;lt;!-- This loads default Symantec styling --&amp;gt;
   	&amp;lt;style type=&amp;quot;text/css&amp;quot;&amp;gt;
       #logo a {
    background-image: url(&amp;quot;//portal.threatpulse.com/ex/5.0/img/logos/symantec-logo.png&amp;quot;);
    background-repeat: no-repeat;
    background-position: center center;
    background-size: contain;
}
    &amp;lt;/style&amp;gt;
    &amp;lt;!-- This will load the default Symantec error page styling, as configured in the Symantec portal --&amp;gt;
    &amp;lt;link rel=&amp;quot;stylesheet&amp;quot; type=&amp;quot;text/css&amp;quot; href=&amp;quot;//portal.threatpulse.com/ex/5.0/css/style0204.css&amp;quot; /&amp;gt;
    &amp;lt;!-- This will load the Symantec favicon --&amp;gt;
    &amp;lt;link rel=&amp;quot;shortcut icon&amp;quot; href=&amp;quot;//portal.threatpulse.com/ex/5.0/img/favicon.ico&amp;quot; /&amp;gt;
&amp;lt;/head&amp;gt;

&amp;lt;body class=&amp;quot;bodydrop&amp;quot;&amp;gt;
&amp;lt;div id=&amp;quot;outer&amp;quot;&amp;gt;
    &amp;lt;div id=&amp;quot;container&amp;quot; class=&amp;quot;int curved&amp;quot;&amp;gt;
        &amp;lt;div id=&amp;quot;branding&amp;quot;&amp;gt;
            &amp;lt;div class=&amp;quot;curved&amp;quot; id=&amp;quot;logo&amp;quot;&amp;gt;
                &amp;lt;a rel=&amp;quot;external&amp;quot; title=&amp;quot;Symantec&amp;quot; href=&amp;quot;http://www.symantec.com/&amp;quot;&amp;gt;Symantec&amp;lt;/a&amp;gt;
            &amp;lt;/div&amp;gt;
        &amp;lt;/div&amp;gt;
        &amp;lt;div id=&amp;quot;content&amp;quot;&amp;gt;
            &amp;lt;div id=&amp;quot;bodyCopy&amp;quot;&amp;gt;
                &amp;lt;div id=&amp;quot;exceptionDetails&amp;quot; class=&amp;quot;int&amp;quot;&amp;gt;
                    &amp;lt;h1 id=&amp;quot;doctitle&amp;quot; localize=&amp;quot;[tcp_error.httpMessage]&amp;quot;&amp;gt;Network Error&amp;lt;/h1&amp;gt;




                    &amp;lt;!-- !!!!!!!!!!!!!!!!!!!!!!!!!!!!!!!!!!!!!!!!!!!!!!!!!!!!!!!!!!!!!!!!!!!
                         WARNING: DO NOT REMOVE!
                         THIS SECTION IS USED TO INJECT KEY PAGE FUNCTIONALITY INCLUDING:
                           - EXCEPTION DETAILS (DESCRIPTION)
                           - INPUT TEXT FIELD FOR PASSWORD OVERRIDE
                           - MESSAGE AND PROCEED BUTTON FOR COACHING
                         REMOVING THIS WILL PREVENT BLOCK PAGES FROM WORKING
                         !!!!!!!!!!!!!!!!!!!!!!!!!!!!!!!!!!!!!!!!!!!!!!!!!!!!!!!!!!!!!!!!!!! --&amp;gt;
                    &amp;lt;!-- START --- DO NOT REMOVE --- START --&amp;gt;
                        &amp;lt;div id=&amp;quot;message&amp;quot;&amp;gt;
                            &amp;lt;div localize=&amp;quot;[tcp_error.message]&amp;quot;&amp;gt;
                                Your request could not be completed. &amp;lt;p&amp;gt;The URL you requested at 52.70.143.199, could not be reached by the network. The site&amp;apos;s server may be down or experiencing a high level of traffic.&amp;lt;span class=&amp;quot;displayNone&amp;quot;&amp;gt;&amp;amp;#160;&amp;lt;/span&amp;gt;
                            &amp;lt;/div&amp;gt;
                        &amp;lt;/div&amp;gt;
                    &amp;lt;!-- END --- DO NOT REMOVE --- END --&amp;gt;




                    &amp;lt;div id=&amp;quot;help&amp;quot;&amp;gt;
                        &amp;lt;div localize=&amp;quot;[tcp_error.help]&amp;quot;&amp;gt;
                            The Web Server may be down, too busy, or experiencing other problems preventing it from responding to requests. You may wish to try again at a later time.&amp;lt;span class=&amp;quot;displayNone&amp;quot;&amp;gt;&amp;amp;#160;&amp;lt;/span&amp;gt;
                        &amp;lt;/div&amp;gt;
                    &amp;lt;/div&amp;gt;
                    &amp;lt;p id=&amp;quot;httpCode&amp;quot;&amp;gt;&amp;lt;span localize=&amp;quot;[techSupport]&amp;quot;&amp;gt;Tech support information&amp;lt;/span&amp;gt;: tcp_error
                        &amp;lt;a class=&amp;quot;detFlip&amp;quot; href=&amp;quot;javascript:void(0);&amp;quot;&amp;gt;&amp;lt;span id=&amp;quot;detMore&amp;quot; localize=&amp;quot;[more]&amp;quot;&amp;gt;more&amp;lt;/span&amp;gt;&amp;lt;/a&amp;gt;
                        &amp;lt;a class=&amp;quot;detFlip&amp;quot; href=&amp;quot;javascript:void(0);&amp;quot;&amp;gt;&amp;lt;span id=&amp;quot;detLess&amp;quot; localize=&amp;quot;[less]&amp;quot;&amp;gt;less&amp;lt;/span&amp;gt;&amp;lt;/a&amp;gt;
                    &amp;lt;/p&amp;gt;

                    &amp;lt;p&amp;gt;
                        &amp;lt;span localize=&amp;quot;[contact]&amp;quot;&amp;gt;For assistance, contact your network support team.&amp;lt;/span&amp;gt;
                    &amp;lt;/p&amp;gt;

                    &amp;lt;p id=&amp;quot;contactName&amp;quot;&amp;gt;
                        &amp;lt;span localize=&amp;quot;[name]&amp;quot;&amp;gt;Name&amp;lt;/span&amp;gt;&amp;lt;span&amp;gt;:&amp;amp;#160;&amp;lt;/span&amp;gt;&amp;lt;span id=&amp;quot;contactNameValue&amp;quot;&amp;gt;&amp;lt;/span&amp;gt;
                    &amp;lt;/p&amp;gt;

                    &amp;lt;p id=&amp;quot;contactPhone&amp;quot;&amp;gt;
                        &amp;lt;span localize=&amp;quot;[phone]&amp;quot;&amp;gt;Phone&amp;lt;/span&amp;gt;&amp;lt;span&amp;gt;:&amp;amp;#160;&amp;lt;/span&amp;gt;&amp;lt;span id=&amp;quot;contactPhoneValue&amp;quot;&amp;gt;&amp;lt;/span&amp;gt;
                    &amp;lt;/p&amp;gt;

                    &amp;lt;p id=&amp;quot;contactEmail&amp;quot;&amp;gt;
                        &amp;lt;span localize=&amp;quot;[email]&amp;quot;&amp;gt;Email&amp;lt;/span&amp;gt;&amp;lt;span&amp;gt;:&amp;amp;#160;&amp;lt;/span&amp;gt;&amp;lt;span id=&amp;quot;contactEmailValue&amp;quot;&amp;gt;&amp;lt;/span&amp;gt;
                    &amp;lt;/p&amp;gt;
                &amp;lt;/div&amp;gt;
                &amp;lt;div id=&amp;quot;additionalInfo&amp;quot; class=&amp;quot;int curved&amp;quot;&amp;gt;
                    &amp;lt;ul&amp;gt;
                        &amp;lt;li id=&amp;quot;addIP&amp;quot;&amp;gt;&amp;lt;span localize=&amp;quot;[clientIP]&amp;quot;&amp;gt;Client IP:&amp;lt;/span&amp;gt; &amp;lt;span class=&amp;quot;additional&amp;quot;&amp;gt;97.11.38.151
                            &amp;lt;span class=&amp;quot;displayNone&amp;quot;&amp;gt;&amp;amp;#160;&amp;lt;/span&amp;gt;&amp;lt;/span&amp;gt;&amp;lt;/li&amp;gt;
                        &amp;lt;li id=&amp;quot;addUserName&amp;quot;&amp;gt;&amp;lt;span localize=&amp;quot;[username]&amp;quot;&amp;gt;Username:&amp;lt;/span&amp;gt; &amp;lt;span class=&amp;quot;additional&amp;quot;&amp;gt;Unauthenticated User
                            &amp;lt;span class=&amp;quot;displayNone&amp;quot;&amp;gt;&amp;amp;#160;&amp;lt;/span&amp;gt;&amp;lt;/span&amp;gt;&amp;lt;/li&amp;gt;
                        &amp;lt;li id=&amp;quot;addURL&amp;quot;&amp;gt;&amp;lt;span localize=&amp;quot;[URL]&amp;quot;&amp;gt;URL:&amp;lt;/span&amp;gt; &amp;lt;span class=&amp;quot;additional&amp;quot;&amp;gt;http://52.70.143.199:4444/wd/hub/session
                            &amp;lt;span class=&amp;quot;displayNone&amp;quot;&amp;gt;&amp;amp;#160;&amp;lt;/span&amp;gt;&amp;lt;/span&amp;gt;&amp;lt;/li&amp;gt;
                        &amp;lt;li id=&amp;quot;addUserAgent&amp;quot;&amp;gt;&amp;lt;span localize=&amp;quot;[userAgent]&amp;quot;&amp;gt;User Agent:&amp;lt;/span&amp;gt;
                            &amp;lt;span class=&amp;quot;additional&amp;quot;&amp;gt;okhttp/3.9.1
                                &amp;lt;span class=&amp;quot;displayNone&amp;quot;&amp;gt;&amp;amp;#160;&amp;lt;/span&amp;gt;
                            &amp;lt;/span&amp;gt;
                        &amp;lt;/li&amp;gt;
                        &amp;lt;li id=&amp;quot;addGeolocation&amp;quot;&amp;gt;&amp;lt;span&amp;gt;Client Geolocation:&amp;lt;/span&amp;gt;
                            &amp;lt;span class=&amp;quot;additional&amp;quot;&amp;gt;Unavailable
                                &amp;lt;span class=&amp;quot;displayNone&amp;quot;&amp;gt;&amp;amp;#160;&amp;lt;/span&amp;gt;
                            &amp;lt;/span&amp;gt;
                        &amp;lt;/li&amp;gt;
                        &amp;lt;li id=&amp;quot;addErrorId&amp;quot;&amp;gt;&amp;lt;span&amp;gt;Error ID:&amp;lt;/span&amp;gt;
                            &amp;lt;span class=&amp;quot;additional&amp;quot;&amp;gt;&amp;lt;span id=&amp;apos;bcExceptionRationale&amp;apos;&amp;gt;&amp;lt;/span&amp;gt;
                                &amp;lt;span class=&amp;quot;displayNone&amp;quot;&amp;gt;&amp;amp;#160;&amp;lt;/span&amp;gt;
                            &amp;lt;/span&amp;gt;
                        &amp;lt;/li&amp;gt;
                    &amp;lt;/ul&amp;gt;
                &amp;lt;/div&amp;gt;
            &amp;lt;/div&amp;gt;
        &amp;lt;/div&amp;gt;
        &amp;lt;div id=&amp;quot;footer&amp;quot;&amp;gt;
            &amp;lt;div id=&amp;quot;copyright&amp;quot;&amp;gt;&amp;amp;#169; 2018 Symantec&amp;lt;/div&amp;gt;
        &amp;lt;/div&amp;gt;
    &amp;lt;/div&amp;gt;
&amp;lt;/div&amp;gt;
&amp;lt;/body&amp;gt;
&amp;lt;/html&amp;gt;

Build info: version: &amp;apos;3.11.0&amp;apos;, revision: &amp;apos;e59cfb3&amp;apos;, time: &amp;apos;2018-03-11T20:26:55.152Z&amp;apos;
System info: host: &amp;apos;IBM651-PC0BY5PB&amp;apos;, ip: &amp;apos;97.11.38.151&amp;apos;, os.name: &amp;apos;Windows 7&amp;apos;, os.arch: &amp;apos;amd64&amp;apos;, os.version: &amp;apos;6.1&amp;apos;, java.version: &amp;apos;1.8.0_152&amp;apos;
Driver info: driver.version: Driver">
      <![CDATA[org.openqa.selenium.WebDriverException: Unable to parse remote response: <!DOCTYPE html>
<html>
    <!-- Note: It is strongly recommended that you do NOT make large changes to this file. Changing DOM structure or classes may prevent
         the page from functioning correctly. Especially important pieces have been marked as such with comments
         and should not be changed for any reason. -->
<head>
    <meta charset="utf-8" />
    <meta name="referrer" content="never" />
    <title localize="[tcp_error.httpMessage]">Network Error</title>




    <!-- !!!!!!!!!!!!!!!!!!!!!!!!!!!!!!!!!!!!!!!!!!!!!!!!!!!!!!!!!!!!!!!!!!!
        WARNING: DO NOT REMOVE!
        THIS SECTION LOADS ALL PAGE FUNCTIONALITY
        REMOVING THIS WILL PREVENT BLOCK PAGES FROM FUNCTIONING CORRECTLY
        !!!!!!!!!!!!!!!!!!!!!!!!!!!!!!!!!!!!!!!!!!!!!!!!!!!!!!!!!!!!!!!!!!! -->
    <!-- START --- DO NOT REMOVE --- START -->
        <script type="text/javascript">
            // evaluate these on the proxy and make them available as js vars...
var hashedpw = "";
var jumpto = " ";

var coach_continue_url = " ";
var application_name = "none";
var application_action_name = "-";
var response_categories = "Uncategorized";
var url_host = "52.70.143.199";
var url_address = "52.70.143.199";
var url_port = "4444";
var client_address = "97.11.38.151";
var category_review_url = "http://sitereview.bluecoat.com/sitereview.jsp?referrer=136&url=http://52.70.143.199:4444/wd/hub/session";
var last_error = "";
var x_cs_auth_form_action_url = "http://www.cfauth.com/?bcfru=aHR0cDovLzUyLjcwLjE0My4xOTk6NDQ0NC93ZC9odWIvc2Vzc2lvbg==";
var x_auth_challenge_string = "";
var x_cs_auth_form_domain_field = "";
var cs_username = "Unauthenticated User";
var x_cs_auth_request_id = "";
var x_auth_private_challenge_state = "";
var sc_auth_status = "";
var reason = "Request could not be handled";
var method = "POST";
var x_radius_splash_username = "";
var x_radius_splash_session_id = "0";
var x_rs_ocsp_error = "";
var x_virus_id = "";
var x_virus_details = "";
var empty = "";
var ssl_failure_reason = "";
var server_connection_socket_errno = "Operation timed out";
var icap_error_details = "";
var redirect_location = "";
var exception_rationale = "";
var exception_request_rationale = "";

window.onload = function() {
    var externalLinks = function() {
        if (!document.getElementsByTagName) return;
        var anchors = document.getElementsByTagName("a");
        for (var i=0; i<anchors.length; i++) {
            var anchor = anchors[i];
            var rel = anchor.getAttribute("rel") || '';
            if (anchor.getAttribute("href") && rel === "external") {
                anchor.target = "_blank";
            }
            anchor.setAttribute("rel", rel + " noreferrer");
        }
    };
    externalLinks();

    if (errors.length != 0 ) {
        var localize = function() {
            var find = $("[localize]");

            $(find).each(function(){
                var transTxtKey;
                var key=$(this).attr('localize').replace("[","").replace("]","");
                var keys=key.split(/\./);

                if (keys.length < 1) {
                    return false;
                }

                var textObject = errors;
                while(keys.length > 0 && textObject) {
                    textObject = textObject[keys.shift()];
                }
                transTxtKey = textObject;

                if(transTxtKey) {
                    $(this).html(transTxtKey);
                }
            });

        };
        localize();
    }

// once localized, replace the non-runtime evaluated variables with live content.
    var fixprxevals = function() {
// todo: drive this from an array or tidy it up.
        $("a#coach-continue-url").attr("href", coach_continue_url);
        $("#application-name").text('\"' + application_name + '\"');
        $("#application-action-name").text('\"' + application_action_name + '\"');
        $("#response-categories").text('\"' + response_categories + '\"');
        $("#url-host").text('\"' + url_host + '\"');
        $("#url-address").text('\"' + url_address + '\"');
        $("#url-port").text('\"' + url_port + '\"');
        $("#client_address").text('\"' + client_address + '\"');
        $("#category-review-url").html('<a href="' + category_review_url + '">http://sitereview.bluecoat.com</a>');
        $("#last-error").text('\"' + last_error + '\"');
        $("#x-cs-auth-form-action-url").text('\"' + x_cs_auth_form_action_url + '\"');
        $("#x-auth-challenge-string").text('\"' + x_auth_challenge_string + '\"');
        $("#x-cs-auth-form-domain-field").text('\"' + x_cs_auth_form_domain_field + '\"');
        $("#cs-username").text('\"' + cs_username + '\"');
        $("#x-cs-auth-request-id").text('\"' + x_cs_auth_request_id + '\"');
        $("#x-auth-private-challenge-state").text('\"' + x_auth_private_challenge_state + '\"');
        $("#sc-auth-status").text('\"' + sc_auth_status + '\"');
        $("#reason").text('\"' + reason + '\"');
        $("#method").text('\"' + method + '\"');
        $("#x-radius-splash-username").text('\"' + x_radius_splash_username + '\"');
        $("#x-radius-splash-session-id").text('\"' + x_radius_splash_session_id + '\"');
        $("#x-rs-ocsp-error").text('\"' + x_rs_ocsp_error + '\"');
        $("#x-virus-id").text('\"' + x_virus_id + '\"');
        $("#x-virus-details").text('\"' + x_virus_details + '\"');
//    $("#proxy-sg-private-challenge-state").attr("value", proxy-sg-private-challenge-state);
//    $("#proxy-sg-request-id").attr("value", proxy_sg_request_id);
        $("#cpUsername").attr("value", cs_username);
        $("#ssl-failure-reason").text('\"' + ssl_failure_reason + '\"');
        $("#server-connection-socket-errno").text('\"' + server_connection_socket_errno + '\"');
        $("#icap-error-details").text('\"' + icap_error_details + '\"');
        $("a#redirect-location").attr("href", redirect_location);
        $("a#site-review").attr("href", "http://sitereview.bluecoat.com/index.jsp?referrer=bccloud&url=" + url_host);
        $("#bcExceptionRationale").text(exception_request_rationale || exception_rationale || "N/A");
    };
    fixprxevals();

    $("#pwinput").keypress(function(e) {
        if(e.keyCode==13) { return false; }
    });

    $("#pwinput").focus();
    $("#sesame").click(function() {
        var supplied = $("#pwinput").attr("value");
        var hashed = $.md5(supplied).toUpperCase();
        if(supplied) {
            valpw(hashed); return false;
        } else {
            $("#errorNotify").show("fast");
            var trans = errors["validations"].password_override.notSupplied;
            $("#errorNotify").html("<div localize='[validations.password_override.notSupplied]'>" + trans + "</div>");
            $("#pwinput").addClass("error");
            return false;
        }
    });

    var detailsShowing = false;
    $('.detFlip').click(function() {
        if(!detailsShowing){
            $("#detMore").hide();
            $("#detLess").show();
            $("#additionalInfo").show('fast');
        } else {
            $("#detMore").show();
            $("#detLess").hide();
            $("#additionalInfo").hide('fast');
        }
        detailsShowing = !detailsShowing;
    });
    $("#pwinput").click(function() {
        $("#errorNotify").hide("fast");
        $("#pwinput").removeClass("error");
        this.value = "";
    });

    var goTo = function(url) {
        var a = document.createElement("a");
        if(!a.click) {
            window.location=url;
            return;
        }
        a.setAttribute("href", url);
        a.style.display = "block";
        $("body").append(a);
        a.click();
    };

    function valpw(hashed) {
        if(hashed==hashedpw) {
            goTo(jumpto);
        } else {
            $("#errorNotify").show("fast");
            var trans = errors.validations.password_override.incorrectPassword;
            $("#errorNotify").html("<div localize='[validations.password_override.incorrectPassword]'>" + trans + "</div>");
            $("#pwinput").addClass("error");
            return false;
        }
    }

    if($('#contactNameValue').text() === '') $('#contactName').hide();
    if($('#contactPhoneValue').text() === '') $('#contactPhone').hide();
    if($('#contactEmailValue').text() === '') $('#contactEmail').hide();

    if (String.prototype.trim && ["unlicensed", "unavailable", "none", "invalid"].indexOf($("#addClientGeolocation .additional").text().trim().toLowerCase()) !== -1) {
        $("#addClientGeolocation").hide();
    }
};

document.writeln('<script type="text/javascript" src="//portal.threatpulse.com/ex/5.0/js/jquery-1.5.min.js"><\/script>');
document.writeln('<script type="text/javascript" src="//notify.bluecoat.com/ex/5.0/js/lang/exceptions.js"><\/script>');
document.writeln('<script type="text/javascript" src="//portal.threatpulse.com/ex/5.0/js/jquery.md5.min.js"><\/script>');

        </script>
    <!-- END --- DO NOT REMOVE --- END -->




    <!-- This loads default Symantec styling -->
   <style type="text/css">
       #logo a {
    background-image: url("//portal.threatpulse.com/ex/5.0/img/logos/symantec-logo.png");
    background-repeat: no-repeat;
    background-position: center center;
    background-size: contain;
}
    </style>
    <!-- This will load the default Symantec error page styling, as configured in the Symantec portal -->
    <link rel="stylesheet" type="text/css" href="//portal.threatpulse.com/ex/5.0/css/style0204.css" />
    <!-- This will load the Symantec favicon -->
    <link rel="shortcut icon" href="//portal.threatpulse.com/ex/5.0/img/favicon.ico" />
</head>

<body class="bodydrop">
<div id="outer">
    <div id="container" class="int curved">
        <div id="branding">
            <div class="curved" id="logo">
                <a rel="external" title="Symantec" href="http://www.symantec.com/">Symantec</a>
            </div>
        </div>
        <div id="content">
            <div id="bodyCopy">
                <div id="exceptionDetails" class="int">
                    <h1 id="doctitle" localize="[tcp_error.httpMessage]">Network Error</h1>




                    <!-- !!!!!!!!!!!!!!!!!!!!!!!!!!!!!!!!!!!!!!!!!!!!!!!!!!!!!!!!!!!!!!!!!!!
                         WARNING: DO NOT REMOVE!
                         THIS SECTION IS USED TO INJECT KEY PAGE FUNCTIONALITY INCLUDING:
                           - EXCEPTION DETAILS (DESCRIPTION)
                           - INPUT TEXT FIELD FOR PASSWORD OVERRIDE
                           - MESSAGE AND PROCEED BUTTON FOR COACHING
                         REMOVING THIS WILL PREVENT BLOCK PAGES FROM WORKING
                         !!!!!!!!!!!!!!!!!!!!!!!!!!!!!!!!!!!!!!!!!!!!!!!!!!!!!!!!!!!!!!!!!!! -->
                    <!-- START --- DO NOT REMOVE --- START -->
                        <div id="message">
                            <div localize="[tcp_error.message]">
                                Your request could not be completed. <p>The URL you requested at 52.70.143.199, could not be reached by the network. The site's server may be down or experiencing a high level of traffic.<span class="displayNone">&#160;</span>
                            </div>
                        </div>
                    <!-- END --- DO NOT REMOVE --- END -->




                    <div id="help">
                        <div localize="[tcp_error.help]">
                            The Web Server may be down, too busy, or experiencing other problems preventing it from responding to requests. You may wish to try again at a later time.<span class="displayNone">&#160;</span>
                        </div>
                    </div>
                    <p id="httpCode"><span localize="[techSupport]">Tech support information</span>: tcp_error
                        <a class="detFlip" href="javascript:void(0);"><span id="detMore" localize="[more]">more</span></a>
                        <a class="detFlip" href="javascript:void(0);"><span id="detLess" localize="[less]">less</span></a>
                    </p>

                    <p>
                        <span localize="[contact]">For assistance, contact your network support team.</span>
                    </p>

                    <p id="contactName">
                        <span localize="[name]">Name</span><span>:&#160;</span><span id="contactNameValue"></span>
                    </p>

                    <p id="contactPhone">
                        <span localize="[phone]">Phone</span><span>:&#160;</span><span id="contactPhoneValue"></span>
                    </p>

                    <p id="contactEmail">
                        <span localize="[email]">Email</span><span>:&#160;</span><span id="contactEmailValue"></span>
                    </p>
                </div>
                <div id="additionalInfo" class="int curved">
                    <ul>
                        <li id="addIP"><span localize="[clientIP]">Client IP:</span> <span class="additional">97.11.38.151
                            <span class="displayNone">&#160;</span></span></li>
                        <li id="addUserName"><span localize="[username]">Username:</span> <span class="additional">Unauthenticated User
                            <span class="displayNone">&#160;</span></span></li>
                        <li id="addURL"><span localize="[URL]">URL:</span> <span class="additional">http://52.70.143.199:4444/wd/hub/session
                            <span class="displayNone">&#160;</span></span></li>
                        <li id="addUserAgent"><span localize="[userAgent]">User Agent:</span>
                            <span class="additional">okhttp/3.9.1
                                <span class="displayNone">&#160;</span>
                            </span>
                        </li>
                        <li id="addGeolocation"><span>Client Geolocation:</span>
                            <span class="additional">Unavailable
                                <span class="displayNone">&#160;</span>
                            </span>
                        </li>
                        <li id="addErrorId"><span>Error ID:</span>
                            <span class="additional"><span id='bcExceptionRationale'></span>
                                <span class="displayNone">&#160;</span>
                            </span>
                        </li>
                    </ul>
                </div>
            </div>
        </div>
        <div id="footer">
            <div id="copyright">&#169; 2018 Symantec</div>
        </div>
    </div>
</div>
</body>
</html>

Build info: version: '3.11.0', revision: 'e59cfb3', time: '2018-03-11T20:26:55.152Z'
System info: host: 'IBM651-PC0BY5PB', ip: '97.11.38.151', os.name: 'Windows 7', os.arch: 'amd64', os.version: '6.1', java.version: '1.8.0_152'
Driver info: driver.version: Driver
at org.openqa.selenium.remote.ProtocolHandshake.createSession(ProtocolHandshake.java:111)
at org.openqa.selenium.remote.ProtocolHandshake.createSession(ProtocolHandshake.java:73)
at org.openqa.selenium.remote.HttpCommandExecutor.execute(HttpCommandExecutor.java:136)
at org.openqa.selenium.remote.RemoteWebDriver.execute(RemoteWebDriver.java:545)
at org.openqa.selenium.remote.RemoteWebDriver.startSession(RemoteWebDriver.java:209)
at org.openqa.selenium.remote.RemoteWebDriver.<init>(RemoteWebDriver.java:132)
at org.openqa.selenium.remote.RemoteWebDriver.<init>(RemoteWebDriver.java:145)
at com.app.utilities.Driver.getDriver(Driver.java:31)
at com.app.step_definitions.Hooks.setUp(Hooks.java:19)
at sun.reflect.NativeMethodAccessorImpl.invoke0(Native Method)
at sun.reflect.NativeMethodAccessorImpl.invoke(Unknown Source)
at sun.reflect.DelegatingMethodAccessorImpl.invoke(Unknown Source)
at java.lang.reflect.Method.invoke(Unknown Source)
at cucumber.runtime.Utils$1.call(Utils.java:31)
at cucumber.runtime.Timeout.timeout(Timeout.java:16)
at cucumber.runtime.Utils.invoke(Utils.java:25)
at cucumber.runtime.java.JavaHookDefinition.execute(JavaHookDefinition.java:60)
at cucumber.runtime.HookDefinitionMatch.runStep(HookDefinitionMatch.java:17)
at cucumber.runner.UnskipableStep.executeStep(UnskipableStep.java:22)
at cucumber.api.TestStep.run(TestStep.java:83)
at cucumber.api.TestCase.run(TestCase.java:58)
at cucumber.runner.Runner.runPickle(Runner.java:80)
at cucumber.api.testng.TestNGCucumberRunner.runScenario(TestNGCucumberRunner.java:84)
at cucumber.api.testng.AbstractTestNGCucumberTests.runScenario(AbstractTestNGCucumberTests.java:22)
at sun.reflect.NativeMethodAccessorImpl.invoke0(Native Method)
at sun.reflect.NativeMethodAccessorImpl.invoke(Unknown Source)
at sun.reflect.DelegatingMethodAccessorImpl.invoke(Unknown Source)
at java.lang.reflect.Method.invoke(Unknown Source)
at org.testng.internal.MethodInvocationHelper.invokeMethod(MethodInvocationHelper.java:124)
at org.testng.internal.Invoker.invokeMethod(Invoker.java:580)
at org.testng.internal.Invoker.invokeTestMethod(Invoker.java:716)
at org.testng.internal.Invoker.invokeTestMethods(Invoker.java:988)
at org.testng.internal.TestMethodWorker.invokeTestMethods(TestMethodWorker.java:125)
at org.testng.internal.TestMethodWorker.run(TestMethodWorker.java:109)
at org.testng.TestRunner.privateRun(TestRunner.java:648)
at org.testng.TestRunner.run(TestRunner.java:505)
at org.testng.SuiteRunner.runTest(SuiteRunner.java:455)
at org.testng.SuiteRunner.runSequentially(SuiteRunner.java:450)
at org.testng.SuiteRunner.privateRun(SuiteRunner.java:415)
at org.testng.SuiteRunner.run(SuiteRunner.java:364)
at org.testng.SuiteRunnerWorker.runSuite(SuiteRunnerWorker.java:52)
at org.testng.SuiteRunnerWorker.run(SuiteRunnerWorker.java:84)
at org.testng.TestNG.runSuitesSequentially(TestNG.java:1208)
at org.testng.TestNG.runSuitesLocally(TestNG.java:1137)
at org.testng.TestNG.runSuites(TestNG.java:1049)
at org.testng.TestNG.run(TestNG.java:1017)
at org.testng.remote.AbstractRemoteTestNG.run(AbstractRemoteTestNG.java:114)
at org.testng.remote.RemoteTestNG.initAndRun(RemoteTestNG.java:251)
at org.testng.remote.RemoteTestNG.main(RemoteTestNG.java:77)
]]>
    </failure>
  </testcase> <!-- runScenario -->
  <testcase name="runScenario" time="300.836" classname="cucumber.api.testng.AbstractTestNGCucumberTests">
    <failure type="org.openqa.selenium.WebDriverException" message="Unable to parse remote response: &amp;lt;!DOCTYPE html&amp;gt;
&amp;lt;html&amp;gt;
    &amp;lt;!-- Note: It is strongly recommended that you do NOT make large changes to this file. Changing DOM structure or classes may prevent
         the page from functioning correctly. Especially important pieces have been marked as such with comments
         and should not be changed for any reason. --&amp;gt;
&amp;lt;head&amp;gt;
    &amp;lt;meta charset=&amp;quot;utf-8&amp;quot; /&amp;gt;
    &amp;lt;meta name=&amp;quot;referrer&amp;quot; content=&amp;quot;never&amp;quot; /&amp;gt;
    &amp;lt;title localize=&amp;quot;[tcp_error.httpMessage]&amp;quot;&amp;gt;Network Error&amp;lt;/title&amp;gt;




    &amp;lt;!-- !!!!!!!!!!!!!!!!!!!!!!!!!!!!!!!!!!!!!!!!!!!!!!!!!!!!!!!!!!!!!!!!!!!
        WARNING: DO NOT REMOVE!
        THIS SECTION LOADS ALL PAGE FUNCTIONALITY
        REMOVING THIS WILL PREVENT BLOCK PAGES FROM FUNCTIONING CORRECTLY
        !!!!!!!!!!!!!!!!!!!!!!!!!!!!!!!!!!!!!!!!!!!!!!!!!!!!!!!!!!!!!!!!!!! --&amp;gt;
    &amp;lt;!-- START --- DO NOT REMOVE --- START --&amp;gt;
        &amp;lt;script type=&amp;quot;text/javascript&amp;quot;&amp;gt;
            // evaluate these on the proxy and make them available as js vars...
var hashedpw = &amp;quot;&amp;quot;;
var jumpto = &amp;quot; &amp;quot;;

var coach_continue_url = &amp;quot; &amp;quot;;
var application_name = &amp;quot;none&amp;quot;;
var application_action_name = &amp;quot;-&amp;quot;;
var response_categories = &amp;quot;Uncategorized&amp;quot;;
var url_host = &amp;quot;52.70.143.199&amp;quot;;
var url_address = &amp;quot;52.70.143.199&amp;quot;;
var url_port = &amp;quot;4444&amp;quot;;
var client_address = &amp;quot;97.11.38.151&amp;quot;;
var category_review_url = &amp;quot;http://sitereview.bluecoat.com/sitereview.jsp?referrer=136&amp;amp;url=http://52.70.143.199:4444/wd/hub/session&amp;quot;;
var last_error = &amp;quot;&amp;quot;;
var x_cs_auth_form_action_url = &amp;quot;http://www.cfauth.com/?bcfru=aHR0cDovLzUyLjcwLjE0My4xOTk6NDQ0NC93ZC9odWIvc2Vzc2lvbg==&amp;quot;;
var x_auth_challenge_string = &amp;quot;&amp;quot;;
var x_cs_auth_form_domain_field = &amp;quot;&amp;quot;;
var cs_username = &amp;quot;Unauthenticated User&amp;quot;;
var x_cs_auth_request_id = &amp;quot;&amp;quot;;
var x_auth_private_challenge_state = &amp;quot;&amp;quot;;
var sc_auth_status = &amp;quot;&amp;quot;;
var reason = &amp;quot;Request could not be handled&amp;quot;;
var method = &amp;quot;POST&amp;quot;;
var x_radius_splash_username = &amp;quot;&amp;quot;;
var x_radius_splash_session_id = &amp;quot;0&amp;quot;;
var x_rs_ocsp_error = &amp;quot;&amp;quot;;
var x_virus_id = &amp;quot;&amp;quot;;
var x_virus_details = &amp;quot;&amp;quot;;
var empty = &amp;quot;&amp;quot;;
var ssl_failure_reason = &amp;quot;&amp;quot;;
var server_connection_socket_errno = &amp;quot;Operation timed out&amp;quot;;
var icap_error_details = &amp;quot;&amp;quot;;
var redirect_location = &amp;quot;&amp;quot;;
var exception_rationale = &amp;quot;&amp;quot;;
var exception_request_rationale = &amp;quot;&amp;quot;;

window.onload = function() {
    var externalLinks = function() {
        if (!document.getElementsByTagName) return;
        var anchors = document.getElementsByTagName(&amp;quot;a&amp;quot;);
        for (var i=0; i&amp;lt;anchors.length; i++) {
            var anchor = anchors[i];
            var rel = anchor.getAttribute(&amp;quot;rel&amp;quot;) || &amp;apos;&amp;apos;;
            if (anchor.getAttribute(&amp;quot;href&amp;quot;) &amp;amp;&amp;amp; rel === &amp;quot;external&amp;quot;) {
                anchor.target = &amp;quot;_blank&amp;quot;;
            }
            anchor.setAttribute(&amp;quot;rel&amp;quot;, rel + &amp;quot; noreferrer&amp;quot;);
        }
    };
    externalLinks();

    if (errors.length != 0 ) {
        var localize = function() {
            var find = $(&amp;quot;[localize]&amp;quot;);

            $(find).each(function(){
                var transTxtKey;
                var key=$(this).attr(&amp;apos;localize&amp;apos;).replace(&amp;quot;[&amp;quot;,&amp;quot;&amp;quot;).replace(&amp;quot;]&amp;quot;,&amp;quot;&amp;quot;);
                var keys=key.split(/\./);

                if (keys.length &amp;lt; 1) {
                    return false;
                }

                var textObject = errors;
                while(keys.length &amp;gt; 0 &amp;amp;&amp;amp; textObject) {
                    textObject = textObject[keys.shift()];
                }
                transTxtKey = textObject;

                if(transTxtKey) {
                    $(this).html(transTxtKey);
                }
            });

        };
        localize();
    }

// once localized, replace the non-runtime evaluated variables with live content.
    var fixprxevals = function() {
// todo: drive this from an array or tidy it up.
        $(&amp;quot;a#coach-continue-url&amp;quot;).attr(&amp;quot;href&amp;quot;, coach_continue_url);
        $(&amp;quot;#application-name&amp;quot;).text(&amp;apos;\&amp;quot;&amp;apos; + application_name + &amp;apos;\&amp;quot;&amp;apos;);
        $(&amp;quot;#application-action-name&amp;quot;).text(&amp;apos;\&amp;quot;&amp;apos; + application_action_name + &amp;apos;\&amp;quot;&amp;apos;);
        $(&amp;quot;#response-categories&amp;quot;).text(&amp;apos;\&amp;quot;&amp;apos; + response_categories + &amp;apos;\&amp;quot;&amp;apos;);
        $(&amp;quot;#url-host&amp;quot;).text(&amp;apos;\&amp;quot;&amp;apos; + url_host + &amp;apos;\&amp;quot;&amp;apos;);
        $(&amp;quot;#url-address&amp;quot;).text(&amp;apos;\&amp;quot;&amp;apos; + url_address + &amp;apos;\&amp;quot;&amp;apos;);
        $(&amp;quot;#url-port&amp;quot;).text(&amp;apos;\&amp;quot;&amp;apos; + url_port + &amp;apos;\&amp;quot;&amp;apos;);
        $(&amp;quot;#client_address&amp;quot;).text(&amp;apos;\&amp;quot;&amp;apos; + client_address + &amp;apos;\&amp;quot;&amp;apos;);
        $(&amp;quot;#category-review-url&amp;quot;).html(&amp;apos;&amp;lt;a href=&amp;quot;&amp;apos; + category_review_url + &amp;apos;&amp;quot;&amp;gt;http://sitereview.bluecoat.com&amp;lt;/a&amp;gt;&amp;apos;);
        $(&amp;quot;#last-error&amp;quot;).text(&amp;apos;\&amp;quot;&amp;apos; + last_error + &amp;apos;\&amp;quot;&amp;apos;);
        $(&amp;quot;#x-cs-auth-form-action-url&amp;quot;).text(&amp;apos;\&amp;quot;&amp;apos; + x_cs_auth_form_action_url + &amp;apos;\&amp;quot;&amp;apos;);
        $(&amp;quot;#x-auth-challenge-string&amp;quot;).text(&amp;apos;\&amp;quot;&amp;apos; + x_auth_challenge_string + &amp;apos;\&amp;quot;&amp;apos;);
        $(&amp;quot;#x-cs-auth-form-domain-field&amp;quot;).text(&amp;apos;\&amp;quot;&amp;apos; + x_cs_auth_form_domain_field + &amp;apos;\&amp;quot;&amp;apos;);
        $(&amp;quot;#cs-username&amp;quot;).text(&amp;apos;\&amp;quot;&amp;apos; + cs_username + &amp;apos;\&amp;quot;&amp;apos;);
        $(&amp;quot;#x-cs-auth-request-id&amp;quot;).text(&amp;apos;\&amp;quot;&amp;apos; + x_cs_auth_request_id + &amp;apos;\&amp;quot;&amp;apos;);
        $(&amp;quot;#x-auth-private-challenge-state&amp;quot;).text(&amp;apos;\&amp;quot;&amp;apos; + x_auth_private_challenge_state + &amp;apos;\&amp;quot;&amp;apos;);
        $(&amp;quot;#sc-auth-status&amp;quot;).text(&amp;apos;\&amp;quot;&amp;apos; + sc_auth_status + &amp;apos;\&amp;quot;&amp;apos;);
        $(&amp;quot;#reason&amp;quot;).text(&amp;apos;\&amp;quot;&amp;apos; + reason + &amp;apos;\&amp;quot;&amp;apos;);
        $(&amp;quot;#method&amp;quot;).text(&amp;apos;\&amp;quot;&amp;apos; + method + &amp;apos;\&amp;quot;&amp;apos;);
        $(&amp;quot;#x-radius-splash-username&amp;quot;).text(&amp;apos;\&amp;quot;&amp;apos; + x_radius_splash_username + &amp;apos;\&amp;quot;&amp;apos;);
        $(&amp;quot;#x-radius-splash-session-id&amp;quot;).text(&amp;apos;\&amp;quot;&amp;apos; + x_radius_splash_session_id + &amp;apos;\&amp;quot;&amp;apos;);
        $(&amp;quot;#x-rs-ocsp-error&amp;quot;).text(&amp;apos;\&amp;quot;&amp;apos; + x_rs_ocsp_error + &amp;apos;\&amp;quot;&amp;apos;);
        $(&amp;quot;#x-virus-id&amp;quot;).text(&amp;apos;\&amp;quot;&amp;apos; + x_virus_id + &amp;apos;\&amp;quot;&amp;apos;);
        $(&amp;quot;#x-virus-details&amp;quot;).text(&amp;apos;\&amp;quot;&amp;apos; + x_virus_details + &amp;apos;\&amp;quot;&amp;apos;);
//    $(&amp;quot;#proxy-sg-private-challenge-state&amp;quot;).attr(&amp;quot;value&amp;quot;, proxy-sg-private-challenge-state);
//    $(&amp;quot;#proxy-sg-request-id&amp;quot;).attr(&amp;quot;value&amp;quot;, proxy_sg_request_id);
        $(&amp;quot;#cpUsername&amp;quot;).attr(&amp;quot;value&amp;quot;, cs_username);
        $(&amp;quot;#ssl-failure-reason&amp;quot;).text(&amp;apos;\&amp;quot;&amp;apos; + ssl_failure_reason + &amp;apos;\&amp;quot;&amp;apos;);
        $(&amp;quot;#server-connection-socket-errno&amp;quot;).text(&amp;apos;\&amp;quot;&amp;apos; + server_connection_socket_errno + &amp;apos;\&amp;quot;&amp;apos;);
        $(&amp;quot;#icap-error-details&amp;quot;).text(&amp;apos;\&amp;quot;&amp;apos; + icap_error_details + &amp;apos;\&amp;quot;&amp;apos;);
        $(&amp;quot;a#redirect-location&amp;quot;).attr(&amp;quot;href&amp;quot;, redirect_location);
        $(&amp;quot;a#site-review&amp;quot;).attr(&amp;quot;href&amp;quot;, &amp;quot;http://sitereview.bluecoat.com/index.jsp?referrer=bccloud&amp;amp;url=&amp;quot; + url_host);
        $(&amp;quot;#bcExceptionRationale&amp;quot;).text(exception_request_rationale || exception_rationale || &amp;quot;N/A&amp;quot;);
    };
    fixprxevals();

    $(&amp;quot;#pwinput&amp;quot;).keypress(function(e) {
        if(e.keyCode==13) { return false; }
    });

    $(&amp;quot;#pwinput&amp;quot;).focus();
    $(&amp;quot;#sesame&amp;quot;).click(function() {
        var supplied = $(&amp;quot;#pwinput&amp;quot;).attr(&amp;quot;value&amp;quot;);
        var hashed = $.md5(supplied).toUpperCase();
        if(supplied) {
            valpw(hashed); return false;
        } else {
            $(&amp;quot;#errorNotify&amp;quot;).show(&amp;quot;fast&amp;quot;);
            var trans = errors[&amp;quot;validations&amp;quot;].password_override.notSupplied;
            $(&amp;quot;#errorNotify&amp;quot;).html(&amp;quot;&amp;lt;div localize=&amp;apos;[validations.password_override.notSupplied]&amp;apos;&amp;gt;&amp;quot; + trans + &amp;quot;&amp;lt;/div&amp;gt;&amp;quot;);
            $(&amp;quot;#pwinput&amp;quot;).addClass(&amp;quot;error&amp;quot;);
            return false;
        }
    });

    var detailsShowing = false;
    $(&amp;apos;.detFlip&amp;apos;).click(function() {
        if(!detailsShowing){
            $(&amp;quot;#detMore&amp;quot;).hide();
            $(&amp;quot;#detLess&amp;quot;).show();
            $(&amp;quot;#additionalInfo&amp;quot;).show(&amp;apos;fast&amp;apos;);
        } else {
            $(&amp;quot;#detMore&amp;quot;).show();
            $(&amp;quot;#detLess&amp;quot;).hide();
            $(&amp;quot;#additionalInfo&amp;quot;).hide(&amp;apos;fast&amp;apos;);
        }
        detailsShowing = !detailsShowing;
    });
    $(&amp;quot;#pwinput&amp;quot;).click(function() {
        $(&amp;quot;#errorNotify&amp;quot;).hide(&amp;quot;fast&amp;quot;);
        $(&amp;quot;#pwinput&amp;quot;).removeClass(&amp;quot;error&amp;quot;);
        this.value = &amp;quot;&amp;quot;;
    });

    var goTo = function(url) {
        var a = document.createElement(&amp;quot;a&amp;quot;);
        if(!a.click) {
            window.location=url;
            return;
        }
        a.setAttribute(&amp;quot;href&amp;quot;, url);
        a.style.display = &amp;quot;block&amp;quot;;
        $(&amp;quot;body&amp;quot;).append(a);
        a.click();
    };

    function valpw(hashed) {
        if(hashed==hashedpw) {
            goTo(jumpto);
        } else {
            $(&amp;quot;#errorNotify&amp;quot;).show(&amp;quot;fast&amp;quot;);
            var trans = errors.validations.password_override.incorrectPassword;
            $(&amp;quot;#errorNotify&amp;quot;).html(&amp;quot;&amp;lt;div localize=&amp;apos;[validations.password_override.incorrectPassword]&amp;apos;&amp;gt;&amp;quot; + trans + &amp;quot;&amp;lt;/div&amp;gt;&amp;quot;);
            $(&amp;quot;#pwinput&amp;quot;).addClass(&amp;quot;error&amp;quot;);
            return false;
        }
    }

    if($(&amp;apos;#contactNameValue&amp;apos;).text() === &amp;apos;&amp;apos;) $(&amp;apos;#contactName&amp;apos;).hide();
    if($(&amp;apos;#contactPhoneValue&amp;apos;).text() === &amp;apos;&amp;apos;) $(&amp;apos;#contactPhone&amp;apos;).hide();
    if($(&amp;apos;#contactEmailValue&amp;apos;).text() === &amp;apos;&amp;apos;) $(&amp;apos;#contactEmail&amp;apos;).hide();

    if (String.prototype.trim &amp;amp;&amp;amp; [&amp;quot;unlicensed&amp;quot;, &amp;quot;unavailable&amp;quot;, &amp;quot;none&amp;quot;, &amp;quot;invalid&amp;quot;].indexOf($(&amp;quot;#addClientGeolocation .additional&amp;quot;).text().trim().toLowerCase()) !== -1) {
        $(&amp;quot;#addClientGeolocation&amp;quot;).hide();
    }
};

document.writeln(&amp;apos;&amp;lt;script type=&amp;quot;text/javascript&amp;quot; src=&amp;quot;//portal.threatpulse.com/ex/5.0/js/jquery-1.5.min.js&amp;quot;&amp;gt;&amp;lt;\/script&amp;gt;&amp;apos;);
document.writeln(&amp;apos;&amp;lt;script type=&amp;quot;text/javascript&amp;quot; src=&amp;quot;//notify.bluecoat.com/ex/5.0/js/lang/exceptions.js&amp;quot;&amp;gt;&amp;lt;\/script&amp;gt;&amp;apos;);
document.writeln(&amp;apos;&amp;lt;script type=&amp;quot;text/javascript&amp;quot; src=&amp;quot;//portal.threatpulse.com/ex/5.0/js/jquery.md5.min.js&amp;quot;&amp;gt;&amp;lt;\/script&amp;gt;&amp;apos;);

        &amp;lt;/script&amp;gt;
    &amp;lt;!-- END --- DO NOT REMOVE --- END --&amp;gt;




    &amp;lt;!-- This loads default Symantec styling --&amp;gt;
   	&amp;lt;style type=&amp;quot;text/css&amp;quot;&amp;gt;
       #logo a {
    background-image: url(&amp;quot;//portal.threatpulse.com/ex/5.0/img/logos/symantec-logo.png&amp;quot;);
    background-repeat: no-repeat;
    background-position: center center;
    background-size: contain;
}
    &amp;lt;/style&amp;gt;
    &amp;lt;!-- This will load the default Symantec error page styling, as configured in the Symantec portal --&amp;gt;
    &amp;lt;link rel=&amp;quot;stylesheet&amp;quot; type=&amp;quot;text/css&amp;quot; href=&amp;quot;//portal.threatpulse.com/ex/5.0/css/style0204.css&amp;quot; /&amp;gt;
    &amp;lt;!-- This will load the Symantec favicon --&amp;gt;
    &amp;lt;link rel=&amp;quot;shortcut icon&amp;quot; href=&amp;quot;//portal.threatpulse.com/ex/5.0/img/favicon.ico&amp;quot; /&amp;gt;
&amp;lt;/head&amp;gt;

&amp;lt;body class=&amp;quot;bodydrop&amp;quot;&amp;gt;
&amp;lt;div id=&amp;quot;outer&amp;quot;&amp;gt;
    &amp;lt;div id=&amp;quot;container&amp;quot; class=&amp;quot;int curved&amp;quot;&amp;gt;
        &amp;lt;div id=&amp;quot;branding&amp;quot;&amp;gt;
            &amp;lt;div class=&amp;quot;curved&amp;quot; id=&amp;quot;logo&amp;quot;&amp;gt;
                &amp;lt;a rel=&amp;quot;external&amp;quot; title=&amp;quot;Symantec&amp;quot; href=&amp;quot;http://www.symantec.com/&amp;quot;&amp;gt;Symantec&amp;lt;/a&amp;gt;
            &amp;lt;/div&amp;gt;
        &amp;lt;/div&amp;gt;
        &amp;lt;div id=&amp;quot;content&amp;quot;&amp;gt;
            &amp;lt;div id=&amp;quot;bodyCopy&amp;quot;&amp;gt;
                &amp;lt;div id=&amp;quot;exceptionDetails&amp;quot; class=&amp;quot;int&amp;quot;&amp;gt;
                    &amp;lt;h1 id=&amp;quot;doctitle&amp;quot; localize=&amp;quot;[tcp_error.httpMessage]&amp;quot;&amp;gt;Network Error&amp;lt;/h1&amp;gt;




                    &amp;lt;!-- !!!!!!!!!!!!!!!!!!!!!!!!!!!!!!!!!!!!!!!!!!!!!!!!!!!!!!!!!!!!!!!!!!!
                         WARNING: DO NOT REMOVE!
                         THIS SECTION IS USED TO INJECT KEY PAGE FUNCTIONALITY INCLUDING:
                           - EXCEPTION DETAILS (DESCRIPTION)
                           - INPUT TEXT FIELD FOR PASSWORD OVERRIDE
                           - MESSAGE AND PROCEED BUTTON FOR COACHING
                         REMOVING THIS WILL PREVENT BLOCK PAGES FROM WORKING
                         !!!!!!!!!!!!!!!!!!!!!!!!!!!!!!!!!!!!!!!!!!!!!!!!!!!!!!!!!!!!!!!!!!! --&amp;gt;
                    &amp;lt;!-- START --- DO NOT REMOVE --- START --&amp;gt;
                        &amp;lt;div id=&amp;quot;message&amp;quot;&amp;gt;
                            &amp;lt;div localize=&amp;quot;[tcp_error.message]&amp;quot;&amp;gt;
                                Your request could not be completed. &amp;lt;p&amp;gt;The URL you requested at 52.70.143.199, could not be reached by the network. The site&amp;apos;s server may be down or experiencing a high level of traffic.&amp;lt;span class=&amp;quot;displayNone&amp;quot;&amp;gt;&amp;amp;#160;&amp;lt;/span&amp;gt;
                            &amp;lt;/div&amp;gt;
                        &amp;lt;/div&amp;gt;
                    &amp;lt;!-- END --- DO NOT REMOVE --- END --&amp;gt;




                    &amp;lt;div id=&amp;quot;help&amp;quot;&amp;gt;
                        &amp;lt;div localize=&amp;quot;[tcp_error.help]&amp;quot;&amp;gt;
                            The Web Server may be down, too busy, or experiencing other problems preventing it from responding to requests. You may wish to try again at a later time.&amp;lt;span class=&amp;quot;displayNone&amp;quot;&amp;gt;&amp;amp;#160;&amp;lt;/span&amp;gt;
                        &amp;lt;/div&amp;gt;
                    &amp;lt;/div&amp;gt;
                    &amp;lt;p id=&amp;quot;httpCode&amp;quot;&amp;gt;&amp;lt;span localize=&amp;quot;[techSupport]&amp;quot;&amp;gt;Tech support information&amp;lt;/span&amp;gt;: tcp_error
                        &amp;lt;a class=&amp;quot;detFlip&amp;quot; href=&amp;quot;javascript:void(0);&amp;quot;&amp;gt;&amp;lt;span id=&amp;quot;detMore&amp;quot; localize=&amp;quot;[more]&amp;quot;&amp;gt;more&amp;lt;/span&amp;gt;&amp;lt;/a&amp;gt;
                        &amp;lt;a class=&amp;quot;detFlip&amp;quot; href=&amp;quot;javascript:void(0);&amp;quot;&amp;gt;&amp;lt;span id=&amp;quot;detLess&amp;quot; localize=&amp;quot;[less]&amp;quot;&amp;gt;less&amp;lt;/span&amp;gt;&amp;lt;/a&amp;gt;
                    &amp;lt;/p&amp;gt;

                    &amp;lt;p&amp;gt;
                        &amp;lt;span localize=&amp;quot;[contact]&amp;quot;&amp;gt;For assistance, contact your network support team.&amp;lt;/span&amp;gt;
                    &amp;lt;/p&amp;gt;

                    &amp;lt;p id=&amp;quot;contactName&amp;quot;&amp;gt;
                        &amp;lt;span localize=&amp;quot;[name]&amp;quot;&amp;gt;Name&amp;lt;/span&amp;gt;&amp;lt;span&amp;gt;:&amp;amp;#160;&amp;lt;/span&amp;gt;&amp;lt;span id=&amp;quot;contactNameValue&amp;quot;&amp;gt;&amp;lt;/span&amp;gt;
                    &amp;lt;/p&amp;gt;

                    &amp;lt;p id=&amp;quot;contactPhone&amp;quot;&amp;gt;
                        &amp;lt;span localize=&amp;quot;[phone]&amp;quot;&amp;gt;Phone&amp;lt;/span&amp;gt;&amp;lt;span&amp;gt;:&amp;amp;#160;&amp;lt;/span&amp;gt;&amp;lt;span id=&amp;quot;contactPhoneValue&amp;quot;&amp;gt;&amp;lt;/span&amp;gt;
                    &amp;lt;/p&amp;gt;

                    &amp;lt;p id=&amp;quot;contactEmail&amp;quot;&amp;gt;
                        &amp;lt;span localize=&amp;quot;[email]&amp;quot;&amp;gt;Email&amp;lt;/span&amp;gt;&amp;lt;span&amp;gt;:&amp;amp;#160;&amp;lt;/span&amp;gt;&amp;lt;span id=&amp;quot;contactEmailValue&amp;quot;&amp;gt;&amp;lt;/span&amp;gt;
                    &amp;lt;/p&amp;gt;
                &amp;lt;/div&amp;gt;
                &amp;lt;div id=&amp;quot;additionalInfo&amp;quot; class=&amp;quot;int curved&amp;quot;&amp;gt;
                    &amp;lt;ul&amp;gt;
                        &amp;lt;li id=&amp;quot;addIP&amp;quot;&amp;gt;&amp;lt;span localize=&amp;quot;[clientIP]&amp;quot;&amp;gt;Client IP:&amp;lt;/span&amp;gt; &amp;lt;span class=&amp;quot;additional&amp;quot;&amp;gt;97.11.38.151
                            &amp;lt;span class=&amp;quot;displayNone&amp;quot;&amp;gt;&amp;amp;#160;&amp;lt;/span&amp;gt;&amp;lt;/span&amp;gt;&amp;lt;/li&amp;gt;
                        &amp;lt;li id=&amp;quot;addUserName&amp;quot;&amp;gt;&amp;lt;span localize=&amp;quot;[username]&amp;quot;&amp;gt;Username:&amp;lt;/span&amp;gt; &amp;lt;span class=&amp;quot;additional&amp;quot;&amp;gt;Unauthenticated User
                            &amp;lt;span class=&amp;quot;displayNone&amp;quot;&amp;gt;&amp;amp;#160;&amp;lt;/span&amp;gt;&amp;lt;/span&amp;gt;&amp;lt;/li&amp;gt;
                        &amp;lt;li id=&amp;quot;addURL&amp;quot;&amp;gt;&amp;lt;span localize=&amp;quot;[URL]&amp;quot;&amp;gt;URL:&amp;lt;/span&amp;gt; &amp;lt;span class=&amp;quot;additional&amp;quot;&amp;gt;http://52.70.143.199:4444/wd/hub/session
                            &amp;lt;span class=&amp;quot;displayNone&amp;quot;&amp;gt;&amp;amp;#160;&amp;lt;/span&amp;gt;&amp;lt;/span&amp;gt;&amp;lt;/li&amp;gt;
                        &amp;lt;li id=&amp;quot;addUserAgent&amp;quot;&amp;gt;&amp;lt;span localize=&amp;quot;[userAgent]&amp;quot;&amp;gt;User Agent:&amp;lt;/span&amp;gt;
                            &amp;lt;span class=&amp;quot;additional&amp;quot;&amp;gt;okhttp/3.9.1
                                &amp;lt;span class=&amp;quot;displayNone&amp;quot;&amp;gt;&amp;amp;#160;&amp;lt;/span&amp;gt;
                            &amp;lt;/span&amp;gt;
                        &amp;lt;/li&amp;gt;
                        &amp;lt;li id=&amp;quot;addGeolocation&amp;quot;&amp;gt;&amp;lt;span&amp;gt;Client Geolocation:&amp;lt;/span&amp;gt;
                            &amp;lt;span class=&amp;quot;additional&amp;quot;&amp;gt;Unavailable
                                &amp;lt;span class=&amp;quot;displayNone&amp;quot;&amp;gt;&amp;amp;#160;&amp;lt;/span&amp;gt;
                            &amp;lt;/span&amp;gt;
                        &amp;lt;/li&amp;gt;
                        &amp;lt;li id=&amp;quot;addErrorId&amp;quot;&amp;gt;&amp;lt;span&amp;gt;Error ID:&amp;lt;/span&amp;gt;
                            &amp;lt;span class=&amp;quot;additional&amp;quot;&amp;gt;&amp;lt;span id=&amp;apos;bcExceptionRationale&amp;apos;&amp;gt;&amp;lt;/span&amp;gt;
                                &amp;lt;span class=&amp;quot;displayNone&amp;quot;&amp;gt;&amp;amp;#160;&amp;lt;/span&amp;gt;
                            &amp;lt;/span&amp;gt;
                        &amp;lt;/li&amp;gt;
                    &amp;lt;/ul&amp;gt;
                &amp;lt;/div&amp;gt;
            &amp;lt;/div&amp;gt;
        &amp;lt;/div&amp;gt;
        &amp;lt;div id=&amp;quot;footer&amp;quot;&amp;gt;
            &amp;lt;div id=&amp;quot;copyright&amp;quot;&amp;gt;&amp;amp;#169; 2018 Symantec&amp;lt;/div&amp;gt;
        &amp;lt;/div&amp;gt;
    &amp;lt;/div&amp;gt;
&amp;lt;/div&amp;gt;
&amp;lt;/body&amp;gt;
&amp;lt;/html&amp;gt;

Build info: version: &amp;apos;3.11.0&amp;apos;, revision: &amp;apos;e59cfb3&amp;apos;, time: &amp;apos;2018-03-11T20:26:55.152Z&amp;apos;
System info: host: &amp;apos;IBM651-PC0BY5PB&amp;apos;, ip: &amp;apos;97.11.38.151&amp;apos;, os.name: &amp;apos;Windows 7&amp;apos;, os.arch: &amp;apos;amd64&amp;apos;, os.version: &amp;apos;6.1&amp;apos;, java.version: &amp;apos;1.8.0_152&amp;apos;
Driver info: driver.version: Driver">
      <![CDATA[org.openqa.selenium.WebDriverException: Unable to parse remote response: <!DOCTYPE html>
<html>
    <!-- Note: It is strongly recommended that you do NOT make large changes to this file. Changing DOM structure or classes may prevent
         the page from functioning correctly. Especially important pieces have been marked as such with comments
         and should not be changed for any reason. -->
<head>
    <meta charset="utf-8" />
    <meta name="referrer" content="never" />
    <title localize="[tcp_error.httpMessage]">Network Error</title>




    <!-- !!!!!!!!!!!!!!!!!!!!!!!!!!!!!!!!!!!!!!!!!!!!!!!!!!!!!!!!!!!!!!!!!!!
        WARNING: DO NOT REMOVE!
        THIS SECTION LOADS ALL PAGE FUNCTIONALITY
        REMOVING THIS WILL PREVENT BLOCK PAGES FROM FUNCTIONING CORRECTLY
        !!!!!!!!!!!!!!!!!!!!!!!!!!!!!!!!!!!!!!!!!!!!!!!!!!!!!!!!!!!!!!!!!!! -->
    <!-- START --- DO NOT REMOVE --- START -->
        <script type="text/javascript">
            // evaluate these on the proxy and make them available as js vars...
var hashedpw = "";
var jumpto = " ";

var coach_continue_url = " ";
var application_name = "none";
var application_action_name = "-";
var response_categories = "Uncategorized";
var url_host = "52.70.143.199";
var url_address = "52.70.143.199";
var url_port = "4444";
var client_address = "97.11.38.151";
var category_review_url = "http://sitereview.bluecoat.com/sitereview.jsp?referrer=136&url=http://52.70.143.199:4444/wd/hub/session";
var last_error = "";
var x_cs_auth_form_action_url = "http://www.cfauth.com/?bcfru=aHR0cDovLzUyLjcwLjE0My4xOTk6NDQ0NC93ZC9odWIvc2Vzc2lvbg==";
var x_auth_challenge_string = "";
var x_cs_auth_form_domain_field = "";
var cs_username = "Unauthenticated User";
var x_cs_auth_request_id = "";
var x_auth_private_challenge_state = "";
var sc_auth_status = "";
var reason = "Request could not be handled";
var method = "POST";
var x_radius_splash_username = "";
var x_radius_splash_session_id = "0";
var x_rs_ocsp_error = "";
var x_virus_id = "";
var x_virus_details = "";
var empty = "";
var ssl_failure_reason = "";
var server_connection_socket_errno = "Operation timed out";
var icap_error_details = "";
var redirect_location = "";
var exception_rationale = "";
var exception_request_rationale = "";

window.onload = function() {
    var externalLinks = function() {
        if (!document.getElementsByTagName) return;
        var anchors = document.getElementsByTagName("a");
        for (var i=0; i<anchors.length; i++) {
            var anchor = anchors[i];
            var rel = anchor.getAttribute("rel") || '';
            if (anchor.getAttribute("href") && rel === "external") {
                anchor.target = "_blank";
            }
            anchor.setAttribute("rel", rel + " noreferrer");
        }
    };
    externalLinks();

    if (errors.length != 0 ) {
        var localize = function() {
            var find = $("[localize]");

            $(find).each(function(){
                var transTxtKey;
                var key=$(this).attr('localize').replace("[","").replace("]","");
                var keys=key.split(/\./);

                if (keys.length < 1) {
                    return false;
                }

                var textObject = errors;
                while(keys.length > 0 && textObject) {
                    textObject = textObject[keys.shift()];
                }
                transTxtKey = textObject;

                if(transTxtKey) {
                    $(this).html(transTxtKey);
                }
            });

        };
        localize();
    }

// once localized, replace the non-runtime evaluated variables with live content.
    var fixprxevals = function() {
// todo: drive this from an array or tidy it up.
        $("a#coach-continue-url").attr("href", coach_continue_url);
        $("#application-name").text('\"' + application_name + '\"');
        $("#application-action-name").text('\"' + application_action_name + '\"');
        $("#response-categories").text('\"' + response_categories + '\"');
        $("#url-host").text('\"' + url_host + '\"');
        $("#url-address").text('\"' + url_address + '\"');
        $("#url-port").text('\"' + url_port + '\"');
        $("#client_address").text('\"' + client_address + '\"');
        $("#category-review-url").html('<a href="' + category_review_url + '">http://sitereview.bluecoat.com</a>');
        $("#last-error").text('\"' + last_error + '\"');
        $("#x-cs-auth-form-action-url").text('\"' + x_cs_auth_form_action_url + '\"');
        $("#x-auth-challenge-string").text('\"' + x_auth_challenge_string + '\"');
        $("#x-cs-auth-form-domain-field").text('\"' + x_cs_auth_form_domain_field + '\"');
        $("#cs-username").text('\"' + cs_username + '\"');
        $("#x-cs-auth-request-id").text('\"' + x_cs_auth_request_id + '\"');
        $("#x-auth-private-challenge-state").text('\"' + x_auth_private_challenge_state + '\"');
        $("#sc-auth-status").text('\"' + sc_auth_status + '\"');
        $("#reason").text('\"' + reason + '\"');
        $("#method").text('\"' + method + '\"');
        $("#x-radius-splash-username").text('\"' + x_radius_splash_username + '\"');
        $("#x-radius-splash-session-id").text('\"' + x_radius_splash_session_id + '\"');
        $("#x-rs-ocsp-error").text('\"' + x_rs_ocsp_error + '\"');
        $("#x-virus-id").text('\"' + x_virus_id + '\"');
        $("#x-virus-details").text('\"' + x_virus_details + '\"');
//    $("#proxy-sg-private-challenge-state").attr("value", proxy-sg-private-challenge-state);
//    $("#proxy-sg-request-id").attr("value", proxy_sg_request_id);
        $("#cpUsername").attr("value", cs_username);
        $("#ssl-failure-reason").text('\"' + ssl_failure_reason + '\"');
        $("#server-connection-socket-errno").text('\"' + server_connection_socket_errno + '\"');
        $("#icap-error-details").text('\"' + icap_error_details + '\"');
        $("a#redirect-location").attr("href", redirect_location);
        $("a#site-review").attr("href", "http://sitereview.bluecoat.com/index.jsp?referrer=bccloud&url=" + url_host);
        $("#bcExceptionRationale").text(exception_request_rationale || exception_rationale || "N/A");
    };
    fixprxevals();

    $("#pwinput").keypress(function(e) {
        if(e.keyCode==13) { return false; }
    });

    $("#pwinput").focus();
    $("#sesame").click(function() {
        var supplied = $("#pwinput").attr("value");
        var hashed = $.md5(supplied).toUpperCase();
        if(supplied) {
            valpw(hashed); return false;
        } else {
            $("#errorNotify").show("fast");
            var trans = errors["validations"].password_override.notSupplied;
            $("#errorNotify").html("<div localize='[validations.password_override.notSupplied]'>" + trans + "</div>");
            $("#pwinput").addClass("error");
            return false;
        }
    });

    var detailsShowing = false;
    $('.detFlip').click(function() {
        if(!detailsShowing){
            $("#detMore").hide();
            $("#detLess").show();
            $("#additionalInfo").show('fast');
        } else {
            $("#detMore").show();
            $("#detLess").hide();
            $("#additionalInfo").hide('fast');
        }
        detailsShowing = !detailsShowing;
    });
    $("#pwinput").click(function() {
        $("#errorNotify").hide("fast");
        $("#pwinput").removeClass("error");
        this.value = "";
    });

    var goTo = function(url) {
        var a = document.createElement("a");
        if(!a.click) {
            window.location=url;
            return;
        }
        a.setAttribute("href", url);
        a.style.display = "block";
        $("body").append(a);
        a.click();
    };

    function valpw(hashed) {
        if(hashed==hashedpw) {
            goTo(jumpto);
        } else {
            $("#errorNotify").show("fast");
            var trans = errors.validations.password_override.incorrectPassword;
            $("#errorNotify").html("<div localize='[validations.password_override.incorrectPassword]'>" + trans + "</div>");
            $("#pwinput").addClass("error");
            return false;
        }
    }

    if($('#contactNameValue').text() === '') $('#contactName').hide();
    if($('#contactPhoneValue').text() === '') $('#contactPhone').hide();
    if($('#contactEmailValue').text() === '') $('#contactEmail').hide();

    if (String.prototype.trim && ["unlicensed", "unavailable", "none", "invalid"].indexOf($("#addClientGeolocation .additional").text().trim().toLowerCase()) !== -1) {
        $("#addClientGeolocation").hide();
    }
};

document.writeln('<script type="text/javascript" src="//portal.threatpulse.com/ex/5.0/js/jquery-1.5.min.js"><\/script>');
document.writeln('<script type="text/javascript" src="//notify.bluecoat.com/ex/5.0/js/lang/exceptions.js"><\/script>');
document.writeln('<script type="text/javascript" src="//portal.threatpulse.com/ex/5.0/js/jquery.md5.min.js"><\/script>');

        </script>
    <!-- END --- DO NOT REMOVE --- END -->




    <!-- This loads default Symantec styling -->
   <style type="text/css">
       #logo a {
    background-image: url("//portal.threatpulse.com/ex/5.0/img/logos/symantec-logo.png");
    background-repeat: no-repeat;
    background-position: center center;
    background-size: contain;
}
    </style>
    <!-- This will load the default Symantec error page styling, as configured in the Symantec portal -->
    <link rel="stylesheet" type="text/css" href="//portal.threatpulse.com/ex/5.0/css/style0204.css" />
    <!-- This will load the Symantec favicon -->
    <link rel="shortcut icon" href="//portal.threatpulse.com/ex/5.0/img/favicon.ico" />
</head>

<body class="bodydrop">
<div id="outer">
    <div id="container" class="int curved">
        <div id="branding">
            <div class="curved" id="logo">
                <a rel="external" title="Symantec" href="http://www.symantec.com/">Symantec</a>
            </div>
        </div>
        <div id="content">
            <div id="bodyCopy">
                <div id="exceptionDetails" class="int">
                    <h1 id="doctitle" localize="[tcp_error.httpMessage]">Network Error</h1>




                    <!-- !!!!!!!!!!!!!!!!!!!!!!!!!!!!!!!!!!!!!!!!!!!!!!!!!!!!!!!!!!!!!!!!!!!
                         WARNING: DO NOT REMOVE!
                         THIS SECTION IS USED TO INJECT KEY PAGE FUNCTIONALITY INCLUDING:
                           - EXCEPTION DETAILS (DESCRIPTION)
                           - INPUT TEXT FIELD FOR PASSWORD OVERRIDE
                           - MESSAGE AND PROCEED BUTTON FOR COACHING
                         REMOVING THIS WILL PREVENT BLOCK PAGES FROM WORKING
                         !!!!!!!!!!!!!!!!!!!!!!!!!!!!!!!!!!!!!!!!!!!!!!!!!!!!!!!!!!!!!!!!!!! -->
                    <!-- START --- DO NOT REMOVE --- START -->
                        <div id="message">
                            <div localize="[tcp_error.message]">
                                Your request could not be completed. <p>The URL you requested at 52.70.143.199, could not be reached by the network. The site's server may be down or experiencing a high level of traffic.<span class="displayNone">&#160;</span>
                            </div>
                        </div>
                    <!-- END --- DO NOT REMOVE --- END -->




                    <div id="help">
                        <div localize="[tcp_error.help]">
                            The Web Server may be down, too busy, or experiencing other problems preventing it from responding to requests. You may wish to try again at a later time.<span class="displayNone">&#160;</span>
                        </div>
                    </div>
                    <p id="httpCode"><span localize="[techSupport]">Tech support information</span>: tcp_error
                        <a class="detFlip" href="javascript:void(0);"><span id="detMore" localize="[more]">more</span></a>
                        <a class="detFlip" href="javascript:void(0);"><span id="detLess" localize="[less]">less</span></a>
                    </p>

                    <p>
                        <span localize="[contact]">For assistance, contact your network support team.</span>
                    </p>

                    <p id="contactName">
                        <span localize="[name]">Name</span><span>:&#160;</span><span id="contactNameValue"></span>
                    </p>

                    <p id="contactPhone">
                        <span localize="[phone]">Phone</span><span>:&#160;</span><span id="contactPhoneValue"></span>
                    </p>

                    <p id="contactEmail">
                        <span localize="[email]">Email</span><span>:&#160;</span><span id="contactEmailValue"></span>
                    </p>
                </div>
                <div id="additionalInfo" class="int curved">
                    <ul>
                        <li id="addIP"><span localize="[clientIP]">Client IP:</span> <span class="additional">97.11.38.151
                            <span class="displayNone">&#160;</span></span></li>
                        <li id="addUserName"><span localize="[username]">Username:</span> <span class="additional">Unauthenticated User
                            <span class="displayNone">&#160;</span></span></li>
                        <li id="addURL"><span localize="[URL]">URL:</span> <span class="additional">http://52.70.143.199:4444/wd/hub/session
                            <span class="displayNone">&#160;</span></span></li>
                        <li id="addUserAgent"><span localize="[userAgent]">User Agent:</span>
                            <span class="additional">okhttp/3.9.1
                                <span class="displayNone">&#160;</span>
                            </span>
                        </li>
                        <li id="addGeolocation"><span>Client Geolocation:</span>
                            <span class="additional">Unavailable
                                <span class="displayNone">&#160;</span>
                            </span>
                        </li>
                        <li id="addErrorId"><span>Error ID:</span>
                            <span class="additional"><span id='bcExceptionRationale'></span>
                                <span class="displayNone">&#160;</span>
                            </span>
                        </li>
                    </ul>
                </div>
            </div>
        </div>
        <div id="footer">
[...]
                            &amp;lt;span class=&amp;quot;additional&amp;quot;&amp;gt;Unavailable
                                &amp;lt;span class=&amp;quot;displayNone&amp;quot;&amp;gt;&amp;amp;#160;&amp;lt;/span&amp;gt;
                            &amp;lt;/span&amp;gt;
                        &amp;lt;/li&amp;gt;
                        &amp;lt;li id=&amp;quot;addErrorId&amp;quot;&amp;gt;&amp;lt;span&amp;gt;Error ID:&amp;lt;/span&amp;gt;
                            &amp;lt;span class=&amp;quot;additional&amp;quot;&amp;gt;&amp;lt;span id=&amp;apos;bcExceptionRationale&amp;apos;&amp;gt;&amp;lt;/span&amp;gt;
                                &amp;lt;span class=&amp;quot;displayNone&amp;quot;&amp;gt;&amp;amp;#160;&amp;lt;/span&amp;gt;
                            &amp;lt;/span&amp;gt;
                        &amp;lt;/li&amp;gt;
                    &amp;lt;/ul&amp;gt;
                &amp;lt;/div&amp;gt;
            &amp;lt;/div&amp;gt;
        &amp;lt;/div&amp;gt;
        &amp;lt;div id=&amp;quot;footer&amp;quot;&amp;gt;
            &amp;lt;div id=&amp;quot;copyright&amp;quot;&amp;gt;&amp;amp;#169; 2018 Symantec&amp;lt;/div&amp;gt;
        &amp;lt;/div&amp;gt;
    &amp;lt;/div&amp;gt;
&amp;lt;/div&amp;gt;
&amp;lt;/body&amp;gt;
&amp;lt;/html&amp;gt;

Build info: version: &amp;apos;3.11.0&amp;apos;, revision: &amp;apos;e59cfb3&amp;apos;, time: &amp;apos;2018-03-11T20:26:55.152Z&amp;apos;
System info: host: &amp;apos;IBM651-PC0BY5PB&amp;apos;, ip: &amp;apos;97.11.38.151&amp;apos;, os.name: &amp;apos;Windows 7&amp;apos;, os.arch: &amp;apos;amd64&amp;apos;, os.version: &amp;apos;6.1&amp;apos;, java.version: &amp;apos;1.8.0_152&amp;apos;
Driver info: driver.version: Driver">
      <![CDATA[org.openqa.selenium.WebDriverException: Unable to parse remote response: <!DOCTYPE html>
<html>
    <!-- Note: It is strongly recommended that you do NOT make large changes to this file. Changing DOM structure or classes may prevent
         the page from functioning correctly. Especially important pieces have been marked as such with comments
         and should not be changed for any reason. -->
<head>
    <meta charset="utf-8" />
    <meta name="referrer" content="never" />
    <title localize="[tcp_error.httpMessage]">Network Error</title>




    <!-- !!!!!!!!!!!!!!!!!!!!!!!!!!!!!!!!!!!!!!!!!!!!!!!!!!!!!!!!!!!!!!!!!!!
        WARNING: DO NOT REMOVE!
        THIS SECTION LOADS ALL PAGE FUNCTIONALITY
        REMOVING THIS WILL PREVENT BLOCK PAGES FROM FUNCTIONING CORRECTLY
        !!!!!!!!!!!!!!!!!!!!!!!!!!!!!!!!!!!!!!!!!!!!!!!!!!!!!!!!!!!!!!!!!!! -->
    <!-- START --- DO NOT REMOVE --- START -->
        <script type="text/javascript">
            // evaluate these on the proxy and make them available as js vars...
var hashedpw = "";
var jumpto = " ";

var coach_continue_url = " ";
var application_name = "none";
var application_action_name = "-";
var response_categories = "Uncategorized";
var url_host = "52.70.143.199";
var url_address = "52.70.143.199";
var url_port = "4444";
var client_address = "97.11.38.151";
var category_review_url = "http://sitereview.bluecoat.com/sitereview.jsp?referrer=136&url=http://52.70.143.199:4444/wd/hub/session";
var last_error = "";
var x_cs_auth_form_action_url = "http://www.cfauth.com/?bcfru=aHR0cDovLzUyLjcwLjE0My4xOTk6NDQ0NC93ZC9odWIvc2Vzc2lvbg==";
var x_auth_challenge_string = "";
var x_cs_auth_form_domain_field = "";
var cs_username = "Unauthenticated User";
var x_cs_auth_request_id = "";
var x_auth_private_challenge_state = "";
var sc_auth_status = "";
var reason = "Request could not be handled";
var method = "POST";
var x_radius_splash_username = "";
var x_radius_splash_session_id = "0";
var x_rs_ocsp_error = "";
var x_virus_id = "";
var x_virus_details = "";
var empty = "";
var ssl_failure_reason = "";
var server_connection_socket_errno = "Operation timed out";
var icap_error_details = "";
var redirect_location = "";
var exception_rationale = "";
var exception_request_rationale = "";

window.onload = function() {
    var externalLinks = function() {
        if (!document.getElementsByTagName) return;
        var anchors = document.getElementsByTagName("a");
        for (var i=0; i<anchors.length; i++) {
            var anchor = anchors[i];
            var rel = anchor.getAttribute("rel") || '';
            if (anchor.getAttribute("href") && rel === "external") {
                anchor.target = "_blank";
            }
            anchor.setAttribute("rel", rel + " noreferrer");
        }
    };
    externalLinks();

    if (errors.length != 0 ) {
        var localize = function() {
            var find = $("[localize]");

            $(find).each(function(){
                var transTxtKey;
                var key=$(this).attr('localize').replace("[","").replace("]","");
                var keys=key.split(/\./);

                if (keys.length < 1) {
                    return false;
                }

                var textObject = errors;
                while(keys.length > 0 && textObject) {
                    textObject = textObject[keys.shift()];
                }
                transTxtKey = textObject;

                if(transTxtKey) {
                    $(this).html(transTxtKey);
                }
            });

        };
        localize();
    }

// once localized, replace the non-runtime evaluated variables with live content.
    var fixprxevals = function() {
// todo: drive this from an array or tidy it up.
        $("a#coach-continue-url").attr("href", coach_continue_url);
        $("#application-name").text('\"' + application_name + '\"');
        $("#application-action-name").text('\"' + application_action_name + '\"');
        $("#response-categories").text('\"' + response_categories + '\"');
        $("#url-host").text('\"' + url_host + '\"');
        $("#url-address").text('\"' + url_address + '\"');
        $("#url-port").text('\"' + url_port + '\"');
        $("#client_address").text('\"' + client_address + '\"');
        $("#category-review-url").html('<a href="' + category_review_url + '">http://sitereview.bluecoat.com</a>');
        $("#last-error").text('\"' + last_error + '\"');
        $("#x-cs-auth-form-action-url").text('\"' + x_cs_auth_form_action_url + '\"');
        $("#x-auth-challenge-string").text('\"' + x_auth_challenge_string + '\"');
        $("#x-cs-auth-form-domain-field").text('\"' + x_cs_auth_form_domain_field + '\"');
        $("#cs-username").text('\"' + cs_username + '\"');
        $("#x-cs-auth-request-id").text('\"' + x_cs_auth_request_id + '\"');
        $("#x-auth-private-challenge-state").text('\"' + x_auth_private_challenge_state + '\"');
        $("#sc-auth-status").text('\"' + sc_auth_status + '\"');
        $("#reason").text('\"' + reason + '\"');
        $("#method").text('\"' + method + '\"');
        $("#x-radius-splash-username").text('\"' + x_radius_splash_username + '\"');
        $("#x-radius-splash-session-id").text('\"' + x_radius_splash_session_id + '\"');
        $("#x-rs-ocsp-error").text('\"' + x_rs_ocsp_error + '\"');
        $("#x-virus-id").text('\"' + x_virus_id + '\"');
        $("#x-virus-details").text('\"' + x_virus_details + '\"');
//    $("#proxy-sg-private-challenge-state").attr("value", proxy-sg-private-challenge-state);
//    $("#proxy-sg-request-id").attr("value", proxy_sg_request_id);
        $("#cpUsername").attr("value", cs_username);
        $("#ssl-failure-reason").text('\"' + ssl_failure_reason + '\"');
        $("#server-connection-socket-errno").text('\"' + server_connection_socket_errno + '\"');
        $("#icap-error-details").text('\"' + icap_error_details + '\"');
        $("a#redirect-location").attr("href", redirect_location);
        $("a#site-review").attr("href", "http://sitereview.bluecoat.com/index.jsp?referrer=bccloud&url=" + url_host);
        $("#bcExceptionRationale").text(exception_request_rationale || exception_rationale || "N/A");
    };
    fixprxevals();

    $("#pwinput").keypress(function(e) {
        if(e.keyCode==13) { return false; }
    });

    $("#pwinput").focus();
    $("#sesame").click(function() {
        var supplied = $("#pwinput").attr("value");
        var hashed = $.md5(supplied).toUpperCase();
        if(supplied) {
            valpw(hashed); return false;
        } else {
            $("#errorNotify").show("fast");
            var trans = errors["validations"].password_override.notSupplied;
            $("#errorNotify").html("<div localize='[validations.password_override.notSupplied]'>" + trans + "</div>");
            $("#pwinput").addClass("error");
            return false;
        }
    });

    var detailsShowing = false;
    $('.detFlip').click(function() {
        if(!detailsShowing){
            $("#detMore").hide();
            $("#detLess").show();
            $("#additionalInfo").show('fast');
        } else {
            $("#detMore").show();
            $("#detLess").hide();
            $("#additionalInfo").hide('fast');
        }
        detailsShowing = !detailsShowing;
    });
    $("#pwinput").click(function() {
        $("#errorNotify").hide("fast");
        $("#pwinput").removeClass("error");
        this.value = "";
    });

    var goTo = function(url) {
        var a = document.createElement("a");
        if(!a.click) {
            window.location=url;
            return;
        }
        a.setAttribute("href", url);
        a.style.display = "block";
        $("body").append(a);
        a.click();
    };

    function valpw(hashed) {
        if(hashed==hashedpw) {
            goTo(jumpto);
        } else {
            $("#errorNotify").show("fast");
            var trans = errors.validations.password_override.incorrectPassword;
            $("#errorNotify").html("<div localize='[validations.password_override.incorrectPassword]'>" + trans + "</div>");
            $("#pwinput").addClass("error");
            return false;
        }
    }

    if($('#contactNameValue').text() === '') $('#contactName').hide();
    if($('#contactPhoneValue').text() === '') $('#contactPhone').hide();
    if($('#contactEmailValue').text() === '') $('#contactEmail').hide();

    if (String.prototype.trim && ["unlicensed", "unavailable", "none", "invalid"].indexOf($("#addClientGeolocation .additional").text().trim().toLowerCase()) !== -1) {
        $("#addClientGeolocation").hide();
    }
};

document.writeln('<script type="text/javascript" src="//portal.threatpulse.com/ex/5.0/js/jquery-1.5.min.js"><\/script>');
document.writeln('<script type="text/javascript" src="//notify.bluecoat.com/ex/5.0/js/lang/exceptions.js"><\/script>');
document.writeln('<script type="text/javascript" src="//portal.threatpulse.com/ex/5.0/js/jquery.md5.min.js"><\/script>');

        </script>
    <!-- END --- DO NOT REMOVE --- END -->




    <!-- This loads default Symantec styling -->
   <style type="text/css">
       #logo a {
    background-image: url("//portal.threatpulse.com/ex/5.0/img/logos/symantec-logo.png");
    background-repeat: no-repeat;
    background-position: center center;
    background-size: contain;
}
    </style>
    <!-- This will load the default Symantec error page styling, as configured in the Symantec portal -->
    <link rel="stylesheet" type="text/css" href="//portal.threatpulse.com/ex/5.0/css/style0204.css" />
    <!-- This will load the Symantec favicon -->
    <link rel="shortcut icon" href="//portal.threatpulse.com/ex/5.0/img/favicon.ico" />
</head>

<body class="bodydrop">
<div id="outer">
    <div id="container" class="int curved">
        <div id="branding">
            <div class="curved" id="logo">
                <a rel="external" title="Symantec" href="http://www.symantec.com/">Symantec</a>
            </div>
        </div>
        <div id="content">
            <div id="bodyCopy">
                <div id="exceptionDetails" class="int">
                    <h1 id="doctitle" localize="[tcp_error.httpMessage]">Network Error</h1>




                    <!-- !!!!!!!!!!!!!!!!!!!!!!!!!!!!!!!!!!!!!!!!!!!!!!!!!!!!!!!!!!!!!!!!!!!
                         WARNING: DO NOT REMOVE!
                         THIS SECTION IS USED TO INJECT KEY PAGE FUNCTIONALITY INCLUDING:
                           - EXCEPTION DETAILS (DESCRIPTION)
                           - INPUT TEXT FIELD FOR PASSWORD OVERRIDE
                           - MESSAGE AND PROCEED BUTTON FOR COACHING
                         REMOVING THIS WILL PREVENT BLOCK PAGES FROM WORKING
                         !!!!!!!!!!!!!!!!!!!!!!!!!!!!!!!!!!!!!!!!!!!!!!!!!!!!!!!!!!!!!!!!!!! -->
                    <!-- START --- DO NOT REMOVE --- START -->
                        <div id="message">
                            <div localize="[tcp_error.message]">
                                Your request could not be completed. <p>The URL you requested at 52.70.143.199, could not be reached by the network. The site's server may be down or experiencing a high level of traffic.<span class="displayNone">&#160;</span>
                            </div>
                        </div>
                    <!-- END --- DO NOT REMOVE --- END -->




                    <div id="help">
                        <div localize="[tcp_error.help]">
                            The Web Server may be down, too busy, or experiencing other problems preventing it from responding to requests. You may wish to try again at a later time.<span class="displayNone">&#160;</span>
                        </div>
                    </div>
                    <p id="httpCode"><span localize="[techSupport]">Tech support information</span>: tcp_error
                        <a class="detFlip" href="javascript:void(0);"><span id="detMore" localize="[more]">more</span></a>
                        <a class="detFlip" href="javascript:void(0);"><span id="detLess" localize="[less]">less</span></a>
                    </p>

                    <p>
                        <span localize="[contact]">For assistance, contact your network support team.</span>
                    </p>

                    <p id="contactName">
                        <span localize="[name]">Name</span><span>:&#160;</span><span id="contactNameValue"></span>
                    </p>

                    <p id="contactPhone">
                        <span localize="[phone]">Phone</span><span>:&#160;</span><span id="contactPhoneValue"></span>
                    </p>

                    <p id="contactEmail">
                        <span localize="[email]">Email</span><span>:&#160;</span><span id="contactEmailValue"></span>
                    </p>
                </div>
                <div id="additionalInfo" class="int curved">
                    <ul>
                        <li id="addIP"><span localize="[clientIP]">Client IP:</span> <span class="additional">97.11.38.151
                            <span class="displayNone">&#160;</span></span></li>
                        <li id="addUserName"><span localize="[username]">Username:</span> <span class="additional">Unauthenticated User
                            <span class="displayNone">&#160;</span></span></li>
                        <li id="addURL"><span localize="[URL]">URL:</span> <span class="additional">http://52.70.143.199:4444/wd/hub/session
                            <span class="displayNone">&#160;</span></span></li>
                        <li id="addUserAgent"><span localize="[userAgent]">User Agent:</span>
                            <span class="additional">okhttp/3.9.1
                                <span class="displayNone">&#160;</span>
                            </span>
                        </li>
                        <li id="addGeolocation"><span>Client Geolocation:</span>
                            <span class="additional">Unavailable
                                <span class="displayNone">&#160;</span>
                            </span>
                        </li>
                        <li id="addErrorId"><span>Error ID:</span>
                            <span class="additional"><span id='bcExceptionRationale'></span>
                                <span class="displayNone">&#160;</span>
                            </span>
                        </li>
                    </ul>
                </div>
            </div>
        </div>
        <div id="footer">
            <div id="copyright">&#169; 2018 Symantec</div>
        </div>
    </div>
</div>
</body>
</html>

Build info: version: '3.11.0', revision: 'e59cfb3', time: '2018-03-11T20:26:55.152Z'
System info: host: 'IBM651-PC0BY5PB', ip: '97.11.38.151', os.name: 'Windows 7', os.arch: 'amd64', os.version: '6.1', java.version: '1.8.0_152'
Driver info: driver.version: Driver
at org.openqa.selenium.remote.ProtocolHandshake.createSession(ProtocolHandshake.java:111)
at org.openqa.selenium.remote.ProtocolHandshake.createSession(ProtocolHandshake.java:73)
at org.openqa.selenium.remote.HttpCommandExecutor.execute(HttpCommandExecutor.java:136)
at org.openqa.selenium.remote.RemoteWebDriver.execute(RemoteWebDriver.java:545)
at org.openqa.selenium.remote.RemoteWebDriver.startSession(RemoteWebDriver.java:209)
at org.openqa.selenium.remote.RemoteWebDriver.<init>(RemoteWebDriver.java:132)
at org.openqa.selenium.remote.RemoteWebDriver.<init>(RemoteWebDriver.java:145)
at com.app.utilities.Driver.getDriver(Driver.java:31)
at com.app.step_definitions.Hooks.setUp(Hooks.java:19)
at sun.reflect.NativeMethodAccessorImpl.invoke0(Native Method)
at sun.reflect.NativeMethodAccessorImpl.invoke(Unknown Source)
at sun.reflect.DelegatingMethodAccessorImpl.invoke(Unknown Source)
at java.lang.reflect.Method.invoke(Unknown Source)
at cucumber.runtime.Utils$1.call(Utils.java:31)
at cucumber.runtime.Timeout.timeout(Timeout.java:16)
at cucumber.runtime.Utils.invoke(Utils.java:25)
at cucumber.runtime.java.JavaHookDefinition.execute(JavaHookDefinition.java:60)
at cucumber.runtime.HookDefinitionMatch.runStep(HookDefinitionMatch.java:17)
at cucumber.runner.UnskipableStep.executeStep(UnskipableStep.java:22)
at cucumber.api.TestStep.run(TestStep.java:83)
at cucumber.api.TestCase.run(TestCase.java:58)
at cucumber.runner.Runner.runPickle(Runner.java:80)
at cucumber.api.testng.TestNGCucumberRunner.runScenario(TestNGCucumberRunner.java:84)
at cucumber.api.testng.AbstractTestNGCucumberTests.runScenario(AbstractTestNGCucumberTests.java:22)
at sun.reflect.NativeMethodAccessorImpl.invoke0(Native Method)
at sun.reflect.NativeMethodAccessorImpl.invoke(Unknown Source)
at sun.reflect.DelegatingMethodAccessorImpl.invoke(Unknown Source)
at java.lang.reflect.Method.invoke(Unknown Source)
at org.testng.internal.MethodInvocationHelper.invokeMethod(MethodInvocationHelper.java:124)
at org.testng.internal.Invoker.invokeMethod(Invoker.java:580)
at org.testng.internal.Invoker.invokeTestMethod(Invoker.java:716)
at org.testng.internal.Invoker.invokeTestMethods(Invoker.java:988)
at org.testng.internal.TestMethodWorker.invokeTestMethods(TestMethodWorker.java:125)
at org.testng.internal.TestMethodWorker.run(TestMethodWorker.java:109)
at org.testng.TestRunner.privateRun(TestRunner.java:648)
at org.testng.TestRunner.run(TestRunner.java:505)
at org.testng.SuiteRunner.runTest(SuiteRunner.java:455)
at org.testng.SuiteRunner.runSequentially(SuiteRunner.java:450)
at org.testng.SuiteRunner.privateRun(SuiteRunner.java:415)
at org.testng.SuiteRunner.run(SuiteRunner.java:364)
at org.testng.SuiteRunnerWorker.runSuite(SuiteRunnerWorker.java:52)
at org.testng.SuiteRunnerWorker.run(SuiteRunnerWorker.java:84)
at org.testng.TestNG.runSuitesSequentially(TestNG.java:1208)
at org.testng.TestNG.runSuitesLocally(TestNG.java:1137)
at org.testng.TestNG.runSuites(TestNG.java:1049)
at org.testng.TestNG.run(TestNG.java:1017)
at org.testng.remote.AbstractRemoteTestNG.run(AbstractRemoteTestNG.java:114)
at org.testng.remote.RemoteTestNG.initAndRun(RemoteTestNG.java:251)
at org.testng.remote.RemoteTestNG.main(RemoteTestNG.java:77)
]]>
    </failure>
  </testcase> <!-- runScenario -->
</testsuite> <!-- Automated tests -->
